<?xml version="1.0" encoding="UTF-8"?>
<testsuites name="Create Loan Manually Test Suite" time="12" tests="0" failures="1" errors="0">
   <testsuite name="Create Loan Manually Test Suite" tests="0" failures="1" errors="0" time="12" timestamp="2018-06-06 11:28:15" hostname="KalyaniK - KALYANIK.talentica-all.com" id="Test Suites/Create Loan Manually Test Suite">
      <properties>
         <property name="deviceName" value=""/>
         <property name="devicePlatform" value=""/>
         <property name="logFolder" value="D:\\1_Roostify\\Automation\\Roo_Core\\Reports\\Create Loan Manually Test Suite\\20180606_112813"/>
         <property name="logFiles" value="D:\\1_Roostify\\Automation\\Roo_Core\\Reports\\Create Loan Manually Test Suite\\20180606_112813\\execution0.log"/>
         <property name="attachments" value="D:\\1_Roostify\\Automation\\Roo_Core\\Reports\\Create Loan Manually Test Suite\\20180606_112813\\1528264705735.png"/>
         <property name="hostName" value="KalyaniK - KALYANIK.talentica-all.com"/>
         <property name="os" value="Windows 7 64bit"/>
         <property name="katalonVersion" value="5.4.1.1"/>
         <property name="browser" value="Firefox 47.0"/>
         <property name="hostAddress" value="172.19.19.84"/>
         <property name="sessionId" value="8aaade37-015e-4f3e-afc3-6947f69a6ecc"/>
         <property name="seleniumVersion" value="3.7.1"/>
         <property name="proxyInformation" value="ProxyInformation{proxyOption=NO_PROXY, proxyServerType=HTTP, password=, proxyServerAddress=, proxyServerPort=0}"/>
         <property name="platform" value="Windows 7"/>
      </properties>
      <testcase name="Test Cases/Admin Dashboard/Verify Admin is able to Create Loan Manually" classname="Test Cases/Admin Dashboard/Verify Admin is able to Create Loan Manually" status="FAILED">
         <failure type="FAILED" message="Unable to set text 'null' of object 'Object Repository/Common/Sign In/input_useremail' (Root cause: java.lang.IllegalArgumentException: Text is null)"/>
         <system-out><![CDATA[2018-06-06 11:28:16 - [TEST_CASE][FAILED] - Test Cases/Admin Dashboard/Verify Admin is able to Create Loan Manually: Test Cases/Admin Dashboard/Verify Admin is able to Create Loan Manually FAILED because (of) Unable to set text 'null' of object 'Object Repository/Common/Sign In/input_useremail' (Root cause: java.lang.IllegalArgumentException: Text is null)

2018-06-06 11:28:16 - [TEST_STEP][PASSED] - Start listener action : sampleBeforeTestCase: Current window maximized

2018-06-06 11:28:16 - [TEST_STEP][PASSED] - Statement - println(testCaseContext.getTestCaseId()): null

2018-06-06 11:28:16 - [TEST_STEP][PASSED] - Statement - println(testCaseContext.getTestCaseVariables()): null

2018-06-06 11:28:16 - [TEST_STEP][PASSED] - openBrowser: Browser is opened with url: 'null'

2018-06-06 11:28:25 - [MESSAGE][PASSED] - Browser is opened with url: 'null'

2018-06-06 11:28:25 - [TEST_STEP][PASSED] - maximizeWindow: Current window maximized

2018-06-06 11:28:25 - [MESSAGE][PASSED] - Current window maximized

2018-06-06 11:28:25 - [TEST_STEP][PASSED] - Statement - FirstName = "kaly1": null

2018-06-06 11:28:25 - [TEST_STEP][PASSED] - Statement - LastName = "kachi": null

2018-06-06 11:28:25 - [TEST_STEP][FAILED] - com.common.util.LoginHelper.LoginWithAdmin: Unable to set text 'null' of object 'Object Repository/Common/Sign In/input_useremail' (Root cause: java.lang.IllegalArgumentException: Text is null)

2018-06-06 11:28:25 - [MESSAGE][PASSED] - Wait for page load successfully

2018-06-06 11:28:25 - [MESSAGE][FAILED] - Unable to set text 'null' of object 'Object Repository/Common/Sign In/input_useremail' (Root cause: java.lang.IllegalArgumentException: Text is null)
[[ATTACHMENT|D:\\1_Roostify\\Automation\\Roo_Core\\Reports\\Create Loan Manually Test Suite\\20180606_112813\\1528264705735.png]]

2018-06-06 11:28:25 - [MESSAGE][FAILED] - Unable to set text 'null' of object 'Object Repository/Common/Sign In/input_useremail' (Root cause: java.lang.IllegalArgumentException: Text is null)

2018-06-06 11:28:25 - [TEST_STEP][PASSED] - Start listener action : sampleAfterTestCase: Invoke 'com.kms.katalon.core.annotation.AfterTestCase' method: 'TestListeners.sampleAfterTestCase(...)' completed.

2018-06-06 11:28:25 - [TEST_STEP][PASSED] - Statement - println(testCaseContext.getTestCaseId()): null

2018-06-06 11:28:25 - [TEST_STEP][PASSED] - Statement - println(testCaseContext.getTestCaseStatus()): Invoke 'com.kms.katalon.core.annotation.AfterTestCase' method: 'TestListeners.sampleAfterTestCase(...)' completed.]]></system-out>
         <system-err><![CDATA[2018-06-06 11:28:16 - [TEST_CASE][FAILED] - Test Cases/Admin Dashboard/Verify Admin is able to Create Loan Manually: Test Cases/Admin Dashboard/Verify Admin is able to Create Loan Manually FAILED because (of) Unable to set text 'null' of object 'Object Repository/Common/Sign In/input_useremail' (Root cause: java.lang.IllegalArgumentException: Text is null)]]></system-err>
      </testcase>
      <system-out><![CDATA[2018-06-06 11:28:15 - [TEST_SUITE][FAILED] - Create Loan Manually Test Suite: Test Cases/Admin Dashboard/Verify Admin is able to Create Loan Manually FAILED because (of) Unable to set text 'null' of object 'Object Repository/Common/Sign In/input_useremail' (Root cause: java.lang.IllegalArgumentException: Text is null)]]></system-out>
      <system-err><![CDATA[2018-06-06 11:28:15 - [TEST_SUITE][FAILED] - Create Loan Manually Test Suite: Test Cases/Admin Dashboard/Verify Admin is able to Create Loan Manually FAILED because (of) Unable to set text 'null' of object 'Object Repository/Common/Sign In/input_useremail' (Root cause: java.lang.IllegalArgumentException: Text is null)]]></system-err>
   </testsuite>
</testsuites>
