<?xml version="1.0" encoding="UTF-8"?>
<testsuites name="Copy referral Link Test Suite" time="21" tests="1" failures="0" errors="0">
   <testsuite name="Copy referral Link Test Suite" tests="1" failures="0" errors="0" time="21" timestamp="2018-05-29 11:49:49" hostname="KalyaniK - KALYANIK.talentica-all.com" id="Test Suites/Copy referral Link Test Suite">
      <properties>
         <property name="deviceName" value=""/>
         <property name="devicePlatform" value=""/>
         <property name="logFolder" value="D:\\1_Roostify\\Automation\\Roo_Core\\Reports\\Copy referral Link Test Suite\\20180529_114948"/>
         <property name="logFiles" value="D:\\1_Roostify\\Automation\\Roo_Core\\Reports\\Copy referral Link Test Suite\\20180529_114948\\execution0.log"/>
         <property name="attachments" value=""/>
         <property name="hostName" value="KalyaniK - KALYANIK.talentica-all.com"/>
         <property name="os" value="Windows 7 64bit"/>
         <property name="katalonVersion" value="5.4.1.1"/>
         <property name="browser" value="Firefox 60.0"/>
         <property name="hostAddress" value="172.19.19.84"/>
         <property name="sessionId" value="0e0d6b47-17d3-4a17-92a7-402fbf6ac0f0"/>
         <property name="seleniumVersion" value="3.7.1"/>
         <property name="proxyInformation" value="ProxyInformation{proxyOption=NO_PROXY, proxyServerType=HTTP, password=, proxyServerAddress=, proxyServerPort=0}"/>
         <property name="platform" value="Windows 7"/>
      </properties>
      <testcase name="Test Cases/Admin Dashboard/Copy Referral Link" classname="Test Cases/Admin Dashboard/Copy Referral Link" status="PASSED">
         <system-out><![CDATA[2018-05-29 11:49:50 - [TEST_CASE][PASSED] - Test Cases/Admin Dashboard/Copy Referral Link: Test Cases/Admin Dashboard/Copy Referral Link

2018-05-29 11:49:50 - [TEST_STEP][PASSED] - Start listener action : sampleBeforeTestCase: Invoke 'com.kms.katalon.core.annotation.BeforeTestCase' method: 'TestListeners.sampleBeforeTestCase(...)' completed.

2018-05-29 11:49:50 - [TEST_STEP][PASSED] - Statement - println(testCaseContext.getTestCaseId()): null

2018-05-29 11:49:50 - [TEST_STEP][PASSED] - Statement - println(testCaseContext.getTestCaseVariables()): Invoke 'com.kms.katalon.core.annotation.BeforeTestCase' method: 'TestListeners.sampleBeforeTestCase(...)' completed.

2018-05-29 11:49:50 - [TEST_STEP][PASSED] - callTestCase: Call Test Case 'Test Cases/Sign In' successfully

2018-05-29 11:49:50 - [TEST_CASE][PASSED] - Test Cases/Sign In: Test Cases/Sign In

2018-05-29 11:49:51 - [TEST_STEP][PASSED] - Statement - a = 3: null

2018-05-29 11:49:51 - [TEST_STEP][PASSED] - openBrowser: Browser is opened with url: 'https://roostify-dev-pr-6203.herokuapp.com/'

2018-05-29 11:50:01 - [MESSAGE][PASSED] - Browser is opened with url: 'https://roostify-dev-pr-6203.herokuapp.com/'

2018-05-29 11:50:01 - [TEST_STEP][PASSED] - maximizeWindow: Current window maximized

2018-05-29 11:50:04 - [MESSAGE][PASSED] - Current window maximized

2018-05-29 11:50:04 - [TEST_STEP][PASSED] - Statement - out.println("Value of a= " + a): null

2018-05-29 11:50:04 - [TEST_STEP][PASSED] - setText: Text 'kkachhi+admin@roostify.com' is set on object 'Object Repository/Sign In/input_useremail'

2018-05-29 11:50:04 - [MESSAGE][PASSED] - Text 'kkachhi+admin@roostify.com' is set on object 'Object Repository/Sign In/input_useremail'

2018-05-29 11:50:04 - [TEST_STEP][PASSED] - setText: Text 'Kal@3333' is set on object 'Object Repository/Sign In/input_userpassword'

2018-05-29 11:50:04 - [MESSAGE][PASSED] - Text 'Kal@3333' is set on object 'Object Repository/Sign In/input_userpassword'

2018-05-29 11:50:04 - [TEST_STEP][PASSED] - click: Object: 'Object Repository/Sign In/button_Sign in' is clicked on

2018-05-29 11:50:08 - [MESSAGE][PASSED] - Object: 'Object Repository/Sign In/button_Sign in' is clicked on

2018-05-29 11:50:08 - [MESSAGE][PASSED] - Call Test Case 'Test Cases/Sign In' successfully

2018-05-29 11:50:08 - [TEST_STEP][PASSED] - click: Object: 'Object Repository/Admin Dashboard/Copy Referral Link/Copy Referral Link Tab' is clicked on

2018-05-29 11:50:08 - [MESSAGE][PASSED] - Object: 'Object Repository/Admin Dashboard/Copy Referral Link/Copy Referral Link Tab' is clicked on

2018-05-29 11:50:08 - [TEST_STEP][PASSED] - waitForElementVisible: Object 'Object Repository/Admin Dashboard/Copy Referral Link/button_Close' is visible

2018-05-29 11:50:08 - [MESSAGE][PASSED] - Object 'Object Repository/Admin Dashboard/Copy Referral Link/button_Close' is visible

2018-05-29 11:50:08 - [TEST_STEP][PASSED] - waitForElementClickable: Object 'Object Repository/Admin Dashboard/Copy Referral Link/button_Close' is clickable

2018-05-29 11:50:09 - [MESSAGE][PASSED] - Object 'Object Repository/Admin Dashboard/Copy Referral Link/button_Close' is clickable

2018-05-29 11:50:09 - [TEST_STEP][PASSED] - click: Object: 'Object Repository/Admin Dashboard/Copy Referral Link/button_Close' is clicked on

2018-05-29 11:50:09 - [MESSAGE][PASSED] - Object: 'Object Repository/Admin Dashboard/Copy Referral Link/button_Close' is clicked on

2018-05-29 11:50:09 - [TEST_STEP][PASSED] - closeBrowser: Browser is closed

2018-05-29 11:50:09 - [MESSAGE][PASSED] - Browser is closed

2018-05-29 11:50:09 - [TEST_STEP][PASSED] - Start listener action : sampleAfterTestCase: Browser is closed

2018-05-29 11:50:09 - [TEST_STEP][PASSED] - Statement - println(testCaseContext.getTestCaseId()): null

2018-05-29 11:50:09 - [TEST_STEP][PASSED] - Statement - println(testCaseContext.getTestCaseStatus()): null

2018-05-29 11:50:09 - [TEST_STEP][PASSED] - closeBrowser: Browser is closed

2018-05-29 11:50:09 - [MESSAGE][PASSED] - Browser is closed]]></system-out>
         <system-err><![CDATA[]]></system-err>
      </testcase>
      <system-out><![CDATA[2018-05-29 11:49:49 - [TEST_SUITE][PASSED] - Copy referral Link Test Suite: Test Cases/Admin Dashboard/Copy Referral Link]]></system-out>
      <system-err><![CDATA[]]></system-err>
   </testsuite>
</testsuites>
