<?xml version="1.0" encoding="UTF-8"?>
<testsuites name="Copy referral Link Test Suite" time="8" tests="0" failures="1" errors="0">
   <testsuite name="Copy referral Link Test Suite" tests="0" failures="1" errors="0" time="8" timestamp="2018-06-06 11:24:30" hostname="KalyaniK - KALYANIK.talentica-all.com" id="Test Suites/Copy referral Link Test Suite">
      <properties>
         <property name="deviceName" value=""/>
         <property name="devicePlatform" value=""/>
         <property name="logFolder" value="D:\\1_Roostify\\Automation\\Roo_Core\\Reports\\Copy referral Link Test Suite\\20180606_112428"/>
         <property name="logFiles" value="D:\\1_Roostify\\Automation\\Roo_Core\\Reports\\Copy referral Link Test Suite\\20180606_112428\\execution0.log"/>
         <property name="attachments" value="D:\\1_Roostify\\Automation\\Roo_Core\\Reports\\Copy referral Link Test Suite\\20180606_112428\\1528264476220.png"/>
         <property name="hostName" value="KalyaniK - KALYANIK.talentica-all.com"/>
         <property name="os" value="Windows 7 64bit"/>
         <property name="katalonVersion" value="5.4.1.1"/>
         <property name="browser" value="Chrome 66.0.3359.181"/>
         <property name="hostAddress" value="172.19.19.84"/>
         <property name="sessionId" value="77db9faef1669d27573ae05dc0c719b7"/>
         <property name="seleniumVersion" value="3.7.1"/>
         <property name="proxyInformation" value="ProxyInformation{proxyOption=NO_PROXY, proxyServerType=HTTP, password=, proxyServerAddress=, proxyServerPort=0}"/>
         <property name="platform" value="Windows 7"/>
      </properties>
      <testcase name="Test Cases/Admin Dashboard/Verify Admin is able to Copy Referral Link" classname="Test Cases/Admin Dashboard/Verify Admin is able to Copy Referral Link" status="FAILED">
         <failure type="FAILED" message="Unable to set text 'null' of object 'Object Repository/Common/Sign In/input_useremail' (Root cause: java.lang.IllegalArgumentException: Text is null)"/>
         <system-out><![CDATA[2018-06-06 11:24:31 - [TEST_CASE][FAILED] - Test Cases/Admin Dashboard/Verify Admin is able to Copy Referral Link: Test Cases/Admin Dashboard/Verify Admin is able to Copy Referral Link FAILED because (of) Unable to set text 'null' of object 'Object Repository/Common/Sign In/input_useremail' (Root cause: java.lang.IllegalArgumentException: Text is null)

2018-06-06 11:24:31 - [TEST_STEP][PASSED] - Start listener action : sampleBeforeTestCase: Current window maximized

2018-06-06 11:24:31 - [TEST_STEP][PASSED] - Statement - println(testCaseContext.getTestCaseId()): null

2018-06-06 11:24:31 - [TEST_STEP][PASSED] - Statement - println(testCaseContext.getTestCaseVariables()): null

2018-06-06 11:24:31 - [TEST_STEP][PASSED] - openBrowser: Browser is opened with url: 'null'

2018-06-06 11:24:35 - [MESSAGE][PASSED] - Browser is opened with url: 'null'

2018-06-06 11:24:35 - [TEST_STEP][PASSED] - maximizeWindow: Current window maximized

2018-06-06 11:24:35 - [MESSAGE][PASSED] - Current window maximized

2018-06-06 11:24:36 - [TEST_STEP][FAILED] - com.common.util.LoginHelper.LoginWithAdmin: Unable to set text 'null' of object 'Object Repository/Common/Sign In/input_useremail' (Root cause: java.lang.IllegalArgumentException: Text is null)

2018-06-06 11:24:36 - [MESSAGE][PASSED] - Wait for page load successfully

2018-06-06 11:24:36 - [MESSAGE][FAILED] - Unable to set text 'null' of object 'Object Repository/Common/Sign In/input_useremail' (Root cause: java.lang.IllegalArgumentException: Text is null)
[[ATTACHMENT|D:\\1_Roostify\\Automation\\Roo_Core\\Reports\\Copy referral Link Test Suite\\20180606_112428\\1528264476220.png]]

2018-06-06 11:24:36 - [MESSAGE][FAILED] - Unable to set text 'null' of object 'Object Repository/Common/Sign In/input_useremail' (Root cause: java.lang.IllegalArgumentException: Text is null)

2018-06-06 11:24:36 - [TEST_STEP][PASSED] - Start listener action : sampleAfterTestCase: Invoke 'com.kms.katalon.core.annotation.AfterTestCase' method: 'TestListeners.sampleAfterTestCase(...)' completed.

2018-06-06 11:24:36 - [TEST_STEP][PASSED] - Statement - println(testCaseContext.getTestCaseId()): null

2018-06-06 11:24:36 - [TEST_STEP][PASSED] - Statement - println(testCaseContext.getTestCaseStatus()): Invoke 'com.kms.katalon.core.annotation.AfterTestCase' method: 'TestListeners.sampleAfterTestCase(...)' completed.]]></system-out>
         <system-err><![CDATA[2018-06-06 11:24:31 - [TEST_CASE][FAILED] - Test Cases/Admin Dashboard/Verify Admin is able to Copy Referral Link: Test Cases/Admin Dashboard/Verify Admin is able to Copy Referral Link FAILED because (of) Unable to set text 'null' of object 'Object Repository/Common/Sign In/input_useremail' (Root cause: java.lang.IllegalArgumentException: Text is null)]]></system-err>
      </testcase>
      <system-out><![CDATA[2018-06-06 11:24:30 - [TEST_SUITE][FAILED] - Copy referral Link Test Suite: Test Cases/Admin Dashboard/Verify Admin is able to Copy Referral Link FAILED because (of) Unable to set text 'null' of object 'Object Repository/Common/Sign In/input_useremail' (Root cause: java.lang.IllegalArgumentException: Text is null)]]></system-out>
      <system-err><![CDATA[2018-06-06 11:24:30 - [TEST_SUITE][FAILED] - Copy referral Link Test Suite: Test Cases/Admin Dashboard/Verify Admin is able to Copy Referral Link FAILED because (of) Unable to set text 'null' of object 'Object Repository/Common/Sign In/input_useremail' (Root cause: java.lang.IllegalArgumentException: Text is null)]]></system-err>
   </testsuite>
</testsuites>
