<?xml version="1.0" encoding="UTF-8"?>
<testsuites name="Admin Dashboard Test Suite" time="65" tests="3" failures="0" errors="0">
   <testsuite name="Admin Dashboard Test Suite" tests="3" failures="0" errors="0" time="65" timestamp="2018-05-22 15:30:50" hostname="KalyaniK - KALYANIK.talentica-all.com" id="Test Suites/Admin Dashboard Test Suite">
      <properties>
         <property name="deviceName" value=""/>
         <property name="devicePlatform" value=""/>
         <property name="logFolder" value="D:\\1_Roostify\\Automation\\RoostifyCore\\Reports\\Admin Dashboard Test Suite\\20180522_153048"/>
         <property name="logFiles" value="D:\\1_Roostify\\Automation\\RoostifyCore\\Reports\\Admin Dashboard Test Suite\\20180522_153048\\execution0.log"/>
         <property name="attachments" value=""/>
         <property name="hostName" value="KalyaniK - KALYANIK.talentica-all.com"/>
         <property name="os" value="Windows 7 64bit"/>
         <property name="katalonVersion" value="5.4.1.1"/>
         <property name="browser" value="Chrome 66.0.3359.181"/>
         <property name="hostAddress" value="172.19.19.84"/>
         <property name="sessionId" value="93be98068eb6a796711625ac9867d17e"/>
         <property name="seleniumVersion" value="3.7.1"/>
         <property name="proxyInformation" value="ProxyInformation{proxyOption=NO_PROXY, proxyServerType=HTTP, password=, proxyServerAddress=, proxyServerPort=0}"/>
         <property name="platform" value="Windows 7"/>
      </properties>
      <testcase name="Test Cases/Admin Dashboards/Copy Referral Link" classname="Test Cases/Admin Dashboards/Copy Referral Link" status="PASSED">
         <system-out><![CDATA[2018-05-22 15:30:50 - [TEST_CASE][PASSED] - Test Cases/Admin Dashboards/Copy Referral Link: Test Cases/Admin Dashboards/Copy Referral Link

2018-05-22 15:30:51 - [TEST_STEP][PASSED] - callTestCase: Call Test Case 'Test Cases/Sign In' successfully

2018-05-22 15:30:51 - [TEST_CASE][PASSED] - Test Cases/Sign In: Test Cases/Sign In

2018-05-22 15:30:51 - [TEST_STEP][PASSED] - openBrowser: Browser is opened with url: 'https://roostify-dev-pr-6203.herokuapp.com/'

2018-05-22 15:30:59 - [MESSAGE][PASSED] - Browser is opened with url: 'https://roostify-dev-pr-6203.herokuapp.com/'

2018-05-22 15:30:59 - [TEST_STEP][PASSED] - maximizeWindow: Current window maximized

2018-05-22 15:30:59 - [MESSAGE][PASSED] - Current window maximized

2018-05-22 15:30:59 - [TEST_STEP][PASSED] - setText: Text 'kkachhi+admin@roostify.com' is set on object 'Object Repository/Sign In/input_useremail'

2018-05-22 15:31:00 - [MESSAGE][PASSED] - Text 'kkachhi+admin@roostify.com' is set on object 'Object Repository/Sign In/input_useremail'

2018-05-22 15:31:00 - [TEST_STEP][PASSED] - setText: Text 'Kal@3333' is set on object 'Object Repository/Sign In/input_userpassword'

2018-05-22 15:31:00 - [MESSAGE][PASSED] - Text 'Kal@3333' is set on object 'Object Repository/Sign In/input_userpassword'

2018-05-22 15:31:00 - [TEST_STEP][PASSED] - click: Object: 'Object Repository/Sign In/button_Sign in' is clicked on

2018-05-22 15:31:04 - [MESSAGE][PASSED] - Object: 'Object Repository/Sign In/button_Sign in' is clicked on

2018-05-22 15:31:04 - [MESSAGE][PASSED] - Call Test Case 'Test Cases/Sign In' successfully

2018-05-22 15:31:04 - [TEST_STEP][PASSED] - click: Object: 'Object Repository/Admin Dashboard/Copy Referral Link/img' is clicked on

2018-05-22 15:31:05 - [MESSAGE][PASSED] - Object: 'Object Repository/Admin Dashboard/Copy Referral Link/img' is clicked on

2018-05-22 15:31:05 - [TEST_STEP][PASSED] - waitForElementVisible: Object 'Object Repository/Admin Dashboard/Copy Referral Link/button_Close' is visible

2018-05-22 15:31:05 - [MESSAGE][PASSED] - Object 'Object Repository/Admin Dashboard/Copy Referral Link/button_Close' is visible

2018-05-22 15:31:05 - [TEST_STEP][PASSED] - waitForElementClickable: Object 'Object Repository/Admin Dashboard/Copy Referral Link/button_Close' is clickable

2018-05-22 15:31:05 - [MESSAGE][PASSED] - Object 'Object Repository/Admin Dashboard/Copy Referral Link/button_Close' is clickable

2018-05-22 15:31:05 - [TEST_STEP][PASSED] - click: Object: 'Object Repository/Admin Dashboard/Copy Referral Link/button_Close' is clicked on

2018-05-22 15:31:05 - [MESSAGE][PASSED] - Object: 'Object Repository/Admin Dashboard/Copy Referral Link/button_Close' is clicked on]]></system-out>
         <system-err><![CDATA[]]></system-err>
      </testcase>
      <testcase name="Test Cases/Admin Dashboards/Create Loan Manually" classname="Test Cases/Admin Dashboards/Create Loan Manually" status="PASSED">
         <system-out><![CDATA[2018-05-22 15:31:05 - [TEST_CASE][PASSED] - Test Cases/Admin Dashboards/Create Loan Manually: Test Cases/Admin Dashboards/Create Loan Manually

2018-05-22 15:31:05 - [TEST_STEP][PASSED] - Statement - FirstName = "kaly12": null

2018-05-22 15:31:05 - [TEST_STEP][PASSED] - Statement - LastName = "kachi": null

2018-05-22 15:31:05 - [TEST_STEP][PASSED] - callTestCase: Call Test Case 'Test Cases/Sign In' successfully

2018-05-22 15:31:06 - [TEST_CASE][PASSED] - Test Cases/Sign In: Test Cases/Sign In

2018-05-22 15:31:06 - [TEST_STEP][PASSED] - openBrowser: Browser is opened with url: 'https://roostify-dev-pr-6203.herokuapp.com/'

2018-05-22 15:31:06 - [MESSAGE][WARNING] - A browser is already opened. Closing browser and opening a new one

2018-05-22 15:31:14 - [MESSAGE][PASSED] - Browser is opened with url: 'https://roostify-dev-pr-6203.herokuapp.com/'

2018-05-22 15:31:14 - [TEST_STEP][PASSED] - maximizeWindow: Current window maximized

2018-05-22 15:31:14 - [MESSAGE][PASSED] - Current window maximized

2018-05-22 15:31:14 - [TEST_STEP][PASSED] - setText: Text 'kkachhi+admin@roostify.com' is set on object 'Object Repository/Sign In/input_useremail'

2018-05-22 15:31:14 - [MESSAGE][PASSED] - Text 'kkachhi+admin@roostify.com' is set on object 'Object Repository/Sign In/input_useremail'

2018-05-22 15:31:14 - [TEST_STEP][PASSED] - setText: Text 'Kal@3333' is set on object 'Object Repository/Sign In/input_userpassword'

2018-05-22 15:31:14 - [MESSAGE][PASSED] - Text 'Kal@3333' is set on object 'Object Repository/Sign In/input_userpassword'

2018-05-22 15:31:14 - [TEST_STEP][PASSED] - click: Object: 'Object Repository/Sign In/button_Sign in' is clicked on

2018-05-22 15:31:19 - [MESSAGE][PASSED] - Object: 'Object Repository/Sign In/button_Sign in' is clicked on

2018-05-22 15:31:19 - [MESSAGE][PASSED] - Call Test Case 'Test Cases/Sign In' successfully

2018-05-22 15:31:19 - [TEST_STEP][PASSED] - click: Object: 'Object Repository/Admin Dashboard/Create Loan Manually/img' is clicked on

2018-05-22 15:31:19 - [MESSAGE][PASSED] - Object: 'Object Repository/Admin Dashboard/Create Loan Manually/img' is clicked on

2018-05-22 15:31:19 - [TEST_STEP][PASSED] - waitForElementVisible: Object 'Object Repository/Admin Dashboard/Create Loan Manually/input_email' is visible

2018-05-22 15:31:19 - [MESSAGE][PASSED] - Object 'Object Repository/Admin Dashboard/Create Loan Manually/input_email' is visible

2018-05-22 15:31:19 - [TEST_STEP][PASSED] - setText: Text 'kkachhi+test12@roostify.com' is set on object 'Object Repository/Admin Dashboard/Create Loan Manually/input_email'

2018-05-22 15:31:19 - [MESSAGE][PASSED] - Text 'kkachhi+test12@roostify.com' is set on object 'Object Repository/Admin Dashboard/Create Loan Manually/input_email'

2018-05-22 15:31:19 - [TEST_STEP][PASSED] - setText: Text 'kaly12' is set on object 'Object Repository/Admin Dashboard/Create Loan Manually/input_first_name'

2018-05-22 15:31:20 - [MESSAGE][PASSED] - Text 'kaly12' is set on object 'Object Repository/Admin Dashboard/Create Loan Manually/input_first_name'

2018-05-22 15:31:20 - [TEST_STEP][PASSED] - setText: Text 'kachi' is set on object 'Object Repository/Admin Dashboard/Create Loan Manually/input_last_name'

2018-05-22 15:31:20 - [MESSAGE][PASSED] - Text 'kachi' is set on object 'Object Repository/Admin Dashboard/Create Loan Manually/input_last_name'

2018-05-22 15:31:20 - [TEST_STEP][PASSED] - waitForElementVisible: Object 'Object Repository/Admin Dashboard/Create Loan Manually/input_commit' is visible

2018-05-22 15:31:20 - [MESSAGE][PASSED] - Object 'Object Repository/Admin Dashboard/Create Loan Manually/input_commit' is visible

2018-05-22 15:31:20 - [TEST_STEP][PASSED] - click: Object: 'Object Repository/Admin Dashboard/Create Loan Manually/input_commit' is clicked on

2018-05-22 15:31:20 - [MESSAGE][PASSED] - Object: 'Object Repository/Admin Dashboard/Create Loan Manually/input_commit' is clicked on

2018-05-22 15:31:20 - [TEST_STEP][PASSED] - verifyElementPresent: Object 'Object Repository/Admin Dashboard/Create Loan Manually/Loan created successfully msg' is present

2018-05-22 15:31:20 - [MESSAGE][PASSED] - Object 'Object Repository/Admin Dashboard/Create Loan Manually/Loan created successfully msg' is present

2018-05-22 15:31:20 - [TEST_STEP][PASSED] - verifyElementPresent: Object 'Object Repository/Admin Dashboard/Create Loan Manually/Created Loan' is present

2018-05-22 15:31:20 - [MESSAGE][PASSED] - Object 'Object Repository/Admin Dashboard/Create Loan Manually/Created Loan' is present]]></system-out>
         <system-err><![CDATA[]]></system-err>
      </testcase>
      <testcase name="Test Cases/Admin Dashboards/Invite Borrower" classname="Test Cases/Admin Dashboards/Invite Borrower" status="PASSED">
         <system-out><![CDATA[2018-05-22 15:31:20 - [TEST_CASE][PASSED] - Test Cases/Admin Dashboards/Invite Borrower: Test Cases/Admin Dashboards/Invite Borrower

2018-05-22 15:31:20 - [TEST_STEP][PASSED] - callTestCase: Call Test Case 'Test Cases/Sign In' successfully

2018-05-22 15:31:20 - [TEST_CASE][PASSED] - Test Cases/Sign In: Test Cases/Sign In

2018-05-22 15:31:20 - [TEST_STEP][PASSED] - openBrowser: Browser is opened with url: 'https://roostify-dev-pr-6203.herokuapp.com/'

2018-05-22 15:31:20 - [MESSAGE][WARNING] - A browser is already opened. Closing browser and opening a new one

2018-05-22 15:31:27 - [MESSAGE][PASSED] - Browser is opened with url: 'https://roostify-dev-pr-6203.herokuapp.com/'

2018-05-22 15:31:27 - [TEST_STEP][PASSED] - maximizeWindow: Current window maximized

2018-05-22 15:31:28 - [MESSAGE][PASSED] - Current window maximized

2018-05-22 15:31:28 - [TEST_STEP][PASSED] - setText: Text 'kkachhi+admin@roostify.com' is set on object 'Object Repository/Sign In/input_useremail'

2018-05-22 15:31:28 - [MESSAGE][PASSED] - Text 'kkachhi+admin@roostify.com' is set on object 'Object Repository/Sign In/input_useremail'

2018-05-22 15:31:28 - [TEST_STEP][PASSED] - setText: Text 'Kal@3333' is set on object 'Object Repository/Sign In/input_userpassword'

2018-05-22 15:31:28 - [MESSAGE][PASSED] - Text 'Kal@3333' is set on object 'Object Repository/Sign In/input_userpassword'

2018-05-22 15:31:28 - [TEST_STEP][PASSED] - click: Object: 'Object Repository/Sign In/button_Sign in' is clicked on

2018-05-22 15:31:32 - [MESSAGE][PASSED] - Object: 'Object Repository/Sign In/button_Sign in' is clicked on

2018-05-22 15:31:32 - [MESSAGE][PASSED] - Call Test Case 'Test Cases/Sign In' successfully

2018-05-22 15:31:32 - [TEST_STEP][PASSED] - waitForElementClickable: Object 'Object Repository/Admin Dashboard/Invite Borrower/img' is clickable

2018-05-22 15:31:32 - [MESSAGE][PASSED] - Object 'Object Repository/Admin Dashboard/Invite Borrower/img' is clickable

2018-05-22 15:31:32 - [TEST_STEP][PASSED] - click: Object: 'Object Repository/Admin Dashboard/Invite Borrower/img' is clicked on

2018-05-22 15:31:32 - [MESSAGE][PASSED] - Object: 'Object Repository/Admin Dashboard/Invite Borrower/img' is clicked on

2018-05-22 15:31:32 - [TEST_STEP][PASSED] - waitForElementVisible: Object 'Object Repository/Admin Dashboard/Invite Borrower/input_useremail' is visible

2018-05-22 15:31:33 - [MESSAGE][PASSED] - Object 'Object Repository/Admin Dashboard/Invite Borrower/input_useremail' is visible

2018-05-22 15:31:33 - [TEST_STEP][PASSED] - setText: Text 'kkachhi+test9@roostify.com' is set on object 'Object Repository/Admin Dashboard/Invite Borrower/input_useremail'

2018-05-22 15:31:33 - [MESSAGE][PASSED] - Text 'kkachhi+test9@roostify.com' is set on object 'Object Repository/Admin Dashboard/Invite Borrower/input_useremail'

2018-05-22 15:31:33 - [TEST_STEP][PASSED] - click: Object: 'Object Repository/Admin Dashboard/Invite Borrower/input_commit' is clicked on

2018-05-22 15:31:35 - [MESSAGE][PASSED] - Object: 'Object Repository/Admin Dashboard/Invite Borrower/input_commit' is clicked on

2018-05-22 15:31:35 - [TEST_STEP][PASSED] - verifyElementPresent: Object 'Object Repository/Admin Dashboard/Invite Borrower/Invite email sent' is present

2018-05-22 15:31:35 - [MESSAGE][PASSED] - Object 'Object Repository/Admin Dashboard/Invite Borrower/Invite email sent' is present

2018-05-22 15:31:35 - [TEST_STEP][PASSED] - openBrowser: Browser is opened with url: 'gmail.com'

2018-05-22 15:31:35 - [MESSAGE][WARNING] - A browser is already opened. Closing browser and opening a new one

2018-05-22 15:31:40 - [MESSAGE][PASSED] - Browser is opened with url: 'gmail.com'

2018-05-22 15:31:40 - [TEST_STEP][PASSED] - setText: Text 'kkachhi@roostify.com' is set on object 'Object Repository/Admin Dashboard/Page_Gmail/input_identifier'

2018-05-22 15:31:41 - [MESSAGE][PASSED] - Text 'kkachhi@roostify.com' is set on object 'Object Repository/Admin Dashboard/Page_Gmail/input_identifier'

2018-05-22 15:31:41 - [TEST_STEP][PASSED] - click: Object: 'Object Repository/Admin Dashboard/Page_Gmail/span_Next' is clicked on

2018-05-22 15:31:41 - [MESSAGE][PASSED] - Object: 'Object Repository/Admin Dashboard/Page_Gmail/span_Next' is clicked on

2018-05-22 15:31:41 - [TEST_STEP][PASSED] - setText: Text 'kaly@33333' is set on object 'Object Repository/Admin Dashboard/Page_Gmail/input_password'

2018-05-22 15:31:42 - [MESSAGE][PASSED] - Text 'kaly@33333' is set on object 'Object Repository/Admin Dashboard/Page_Gmail/input_password'

2018-05-22 15:31:42 - [TEST_STEP][PASSED] - click: Object: 'Object Repository/Admin Dashboard/Page_Gmail/span_Next' is clicked on

2018-05-22 15:31:42 - [MESSAGE][PASSED] - Object: 'Object Repository/Admin Dashboard/Page_Gmail/span_Next' is clicked on

2018-05-22 15:31:42 - [TEST_STEP][PASSED] - waitForElementPresent: Object 'Object Repository/Admin Dashboard/Invitation mail/Invitation mail' is present

2018-05-22 15:31:54 - [MESSAGE][PASSED] - Object 'Object Repository/Admin Dashboard/Invitation mail/Invitation mail' is present

2018-05-22 15:31:54 - [TEST_STEP][PASSED] - click: Object: 'Object Repository/Admin Dashboard/Invitation mail/Invitation mail' is clicked on

2018-05-22 15:31:54 - [MESSAGE][PASSED] - Object: 'Object Repository/Admin Dashboard/Invitation mail/Invitation mail' is clicked on

2018-05-22 15:31:54 - [TEST_STEP][PASSED] - click: Object: 'Object Repository/Admin Dashboard/Invitation mail/Start Application' is clicked on

2018-05-22 15:31:54 - [MESSAGE][PASSED] - Object: 'Object Repository/Admin Dashboard/Invitation mail/Start Application' is clicked on]]></system-out>
         <system-err><![CDATA[]]></system-err>
      </testcase>
      <system-out><![CDATA[2018-05-22 15:30:50 - [TEST_SUITE][PASSED] - Admin Dashboard Test Suite: Test Cases/Admin Dashboards/Invite Borrower]]></system-out>
      <system-err><![CDATA[]]></system-err>
   </testsuite>
</testsuites>
