<?xml version="1.0" encoding="UTF-8"?>
<testsuites name="Admin Dashboard Test Suite" time="123" tests="3" failures="0" errors="0">
   <testsuite name="Admin Dashboard Test Suite" tests="3" failures="0" errors="0" time="123" timestamp="2018-05-28 18:54:46" hostname="KalyaniK - KALYANIK.talentica-all.com" id="Test Suites/Admin Dashboard Test Suite">
      <properties>
         <property name="deviceName" value=""/>
         <property name="devicePlatform" value=""/>
         <property name="logFolder" value="D:\\1_Roostify\\Automation\\Roo_Core\\Reports\\Admin Dashboard Test Suite\\20180528_185445"/>
         <property name="logFiles" value="D:\\1_Roostify\\Automation\\Roo_Core\\Reports\\Admin Dashboard Test Suite\\20180528_185445\\execution0.log"/>
         <property name="attachments" value=""/>
         <property name="hostName" value="KalyaniK - KALYANIK.talentica-all.com"/>
         <property name="os" value="Windows 7 64bit"/>
         <property name="katalonVersion" value="5.4.1.1"/>
         <property name="browser" value="Chrome 66.0.3359.181"/>
         <property name="hostAddress" value="172.19.19.84"/>
         <property name="sessionId" value="1fdc4e3952bcda4426b19ecbaf2d93d9"/>
         <property name="seleniumVersion" value="3.7.1"/>
         <property name="proxyInformation" value="ProxyInformation{proxyOption=NO_PROXY, proxyServerType=HTTP, password=, proxyServerAddress=, proxyServerPort=0}"/>
         <property name="platform" value="Windows 7"/>
      </properties>
      <testcase name="Test Cases/Admin Dashboard/Copy Referral Link" classname="Test Cases/Admin Dashboard/Copy Referral Link" status="PASSED">
         <system-out><![CDATA[2018-05-28 18:54:47 - [TEST_CASE][PASSED] - Test Cases/Admin Dashboard/Copy Referral Link: Test Cases/Admin Dashboard/Copy Referral Link

2018-05-28 18:54:48 - [TEST_STEP][PASSED] - callTestCase: Call Test Case 'Test Cases/Sign In' successfully

2018-05-28 18:54:48 - [TEST_CASE][PASSED] - Test Cases/Sign In: Test Cases/Sign In

2018-05-28 18:54:48 - [TEST_STEP][PASSED] - Statement - a = 3: null

2018-05-28 18:54:48 - [TEST_STEP][PASSED] - openBrowser: Browser is opened with url: 'https://roostify-dev-pr-6203.herokuapp.com/'

2018-05-28 18:54:57 - [MESSAGE][PASSED] - Browser is opened with url: 'https://roostify-dev-pr-6203.herokuapp.com/'

2018-05-28 18:54:57 - [TEST_STEP][PASSED] - maximizeWindow: Current window maximized

2018-05-28 18:54:57 - [MESSAGE][PASSED] - Current window maximized

2018-05-28 18:54:57 - [TEST_STEP][PASSED] - Statement - out.println("Value of a= " + a): null

2018-05-28 18:54:57 - [TEST_STEP][PASSED] - setText: Text 'kkachhi+admin@roostify.com' is set on object 'Object Repository/Sign In/input_useremail'

2018-05-28 18:54:58 - [MESSAGE][PASSED] - Text 'kkachhi+admin@roostify.com' is set on object 'Object Repository/Sign In/input_useremail'

2018-05-28 18:54:58 - [TEST_STEP][PASSED] - setText: Text 'Kal@3333' is set on object 'Object Repository/Sign In/input_userpassword'

2018-05-28 18:54:58 - [MESSAGE][PASSED] - Text 'Kal@3333' is set on object 'Object Repository/Sign In/input_userpassword'

2018-05-28 18:54:58 - [TEST_STEP][PASSED] - click: Object: 'Object Repository/Sign In/button_Sign in' is clicked on

2018-05-28 18:55:02 - [MESSAGE][PASSED] - Object: 'Object Repository/Sign In/button_Sign in' is clicked on

2018-05-28 18:55:02 - [MESSAGE][PASSED] - Call Test Case 'Test Cases/Sign In' successfully

2018-05-28 18:55:02 - [TEST_STEP][PASSED] - click: Object: 'Object Repository/Admin Dashboard/Copy Referral Link/Copy Referral Link Tab' is clicked on

2018-05-28 18:55:02 - [MESSAGE][PASSED] - Object: 'Object Repository/Admin Dashboard/Copy Referral Link/Copy Referral Link Tab' is clicked on

2018-05-28 18:55:02 - [TEST_STEP][PASSED] - waitForElementVisible: Object 'Object Repository/Admin Dashboard/Copy Referral Link/button_Close' is visible

2018-05-28 18:55:03 - [MESSAGE][PASSED] - Object 'Object Repository/Admin Dashboard/Copy Referral Link/button_Close' is visible

2018-05-28 18:55:03 - [TEST_STEP][PASSED] - waitForElementClickable: Object 'Object Repository/Admin Dashboard/Copy Referral Link/button_Close' is clickable

2018-05-28 18:55:03 - [MESSAGE][PASSED] - Object 'Object Repository/Admin Dashboard/Copy Referral Link/button_Close' is clickable

2018-05-28 18:55:03 - [TEST_STEP][PASSED] - click: Object: 'Object Repository/Admin Dashboard/Copy Referral Link/button_Close' is clicked on

2018-05-28 18:55:03 - [MESSAGE][PASSED] - Object: 'Object Repository/Admin Dashboard/Copy Referral Link/button_Close' is clicked on

2018-05-28 18:55:03 - [TEST_STEP][PASSED] - closeBrowser: Browser is closed

2018-05-28 18:55:04 - [MESSAGE][PASSED] - Browser is closed]]></system-out>
         <system-err><![CDATA[]]></system-err>
      </testcase>
      <testcase name="Test Cases/Admin Dashboard/Create Loan Manually" classname="Test Cases/Admin Dashboard/Create Loan Manually" status="PASSED">
         <system-out><![CDATA[2018-05-28 18:55:06 - [TEST_CASE][PASSED] - Test Cases/Admin Dashboard/Create Loan Manually: Test Cases/Admin Dashboard/Create Loan Manually

2018-05-28 18:55:06 - [TEST_STEP][PASSED] - Statement - FirstName = "kaly12": null

2018-05-28 18:55:06 - [TEST_STEP][PASSED] - Statement - LastName = "kachi": null

2018-05-28 18:55:06 - [TEST_STEP][PASSED] - callTestCase: Call Test Case 'Test Cases/Sign In' successfully

2018-05-28 18:55:06 - [TEST_CASE][PASSED] - Test Cases/Sign In: Test Cases/Sign In

2018-05-28 18:55:06 - [TEST_STEP][PASSED] - Statement - a = 3: null

2018-05-28 18:55:06 - [TEST_STEP][PASSED] - openBrowser: Browser is opened with url: 'https://roostify-dev-pr-6203.herokuapp.com/'

2018-05-28 18:55:14 - [MESSAGE][PASSED] - Browser is opened with url: 'https://roostify-dev-pr-6203.herokuapp.com/'

2018-05-28 18:55:14 - [TEST_STEP][PASSED] - maximizeWindow: Current window maximized

2018-05-28 18:55:14 - [MESSAGE][PASSED] - Current window maximized

2018-05-28 18:55:14 - [TEST_STEP][PASSED] - Statement - out.println("Value of a= " + a): null

2018-05-28 18:55:14 - [TEST_STEP][PASSED] - setText: Text 'kkachhi+admin@roostify.com' is set on object 'Object Repository/Sign In/input_useremail'

2018-05-28 18:55:14 - [MESSAGE][PASSED] - Text 'kkachhi+admin@roostify.com' is set on object 'Object Repository/Sign In/input_useremail'

2018-05-28 18:55:14 - [TEST_STEP][PASSED] - setText: Text 'Kal@3333' is set on object 'Object Repository/Sign In/input_userpassword'

2018-05-28 18:55:14 - [MESSAGE][PASSED] - Text 'Kal@3333' is set on object 'Object Repository/Sign In/input_userpassword'

2018-05-28 18:55:14 - [TEST_STEP][PASSED] - click: Object: 'Object Repository/Sign In/button_Sign in' is clicked on

2018-05-28 18:55:19 - [MESSAGE][PASSED] - Object: 'Object Repository/Sign In/button_Sign in' is clicked on

2018-05-28 18:55:19 - [MESSAGE][PASSED] - Call Test Case 'Test Cases/Sign In' successfully

2018-05-28 18:55:19 - [TEST_STEP][PASSED] - click: Object: 'Object Repository/Admin Dashboard/Create Loan Manually/img' is clicked on

2018-05-28 18:55:19 - [MESSAGE][PASSED] - Object: 'Object Repository/Admin Dashboard/Create Loan Manually/img' is clicked on

2018-05-28 18:55:19 - [TEST_STEP][PASSED] - waitForElementVisible: Object 'Object Repository/Admin Dashboard/Create Loan Manually/input_email' is visible

2018-05-28 18:55:19 - [MESSAGE][PASSED] - Object 'Object Repository/Admin Dashboard/Create Loan Manually/input_email' is visible

2018-05-28 18:55:19 - [TEST_STEP][PASSED] - setText: Text 'kkachhi+test13@roostify.com' is set on object 'Object Repository/Admin Dashboard/Create Loan Manually/input_email'

2018-05-28 18:55:20 - [MESSAGE][PASSED] - Text 'kkachhi+test13@roostify.com' is set on object 'Object Repository/Admin Dashboard/Create Loan Manually/input_email'

2018-05-28 18:55:20 - [TEST_STEP][PASSED] - setText: Text 'kaly12' is set on object 'Object Repository/Admin Dashboard/Create Loan Manually/input_first_name'

2018-05-28 18:55:20 - [MESSAGE][PASSED] - Text 'kaly12' is set on object 'Object Repository/Admin Dashboard/Create Loan Manually/input_first_name'

2018-05-28 18:55:20 - [TEST_STEP][PASSED] - setText: Text 'kachi' is set on object 'Object Repository/Admin Dashboard/Create Loan Manually/input_last_name'

2018-05-28 18:55:20 - [MESSAGE][PASSED] - Text 'kachi' is set on object 'Object Repository/Admin Dashboard/Create Loan Manually/input_last_name'

2018-05-28 18:55:20 - [TEST_STEP][PASSED] - waitForElementVisible: Object 'Object Repository/Admin Dashboard/Create Loan Manually/input_commit' is visible

2018-05-28 18:55:20 - [MESSAGE][PASSED] - Object 'Object Repository/Admin Dashboard/Create Loan Manually/input_commit' is visible

2018-05-28 18:55:20 - [TEST_STEP][PASSED] - click: Object: 'Object Repository/Admin Dashboard/Create Loan Manually/input_commit' is clicked on

2018-05-28 18:55:20 - [MESSAGE][PASSED] - Object: 'Object Repository/Admin Dashboard/Create Loan Manually/input_commit' is clicked on

2018-05-28 18:55:20 - [TEST_STEP][PASSED] - verifyElementPresent: Object 'Object Repository/Admin Dashboard/Create Loan Manually/Loan created successfully msg' is present

2018-05-28 18:55:21 - [MESSAGE][PASSED] - Object 'Object Repository/Admin Dashboard/Create Loan Manually/Loan created successfully msg' is present

2018-05-28 18:55:21 - [TEST_STEP][PASSED] - verifyElementPresent: Object 'Object Repository/Admin Dashboard/Create Loan Manually/Created Loan' is present

2018-05-28 18:55:21 - [MESSAGE][PASSED] - Object 'Object Repository/Admin Dashboard/Create Loan Manually/Created Loan' is present

2018-05-28 18:55:21 - [TEST_STEP][PASSED] - closeBrowser: Browser is closed

2018-05-28 18:55:21 - [MESSAGE][PASSED] - Browser is closed]]></system-out>
         <system-err><![CDATA[]]></system-err>
      </testcase>
      <testcase name="Test Cases/Admin Dashboard/Invite Borrower" classname="Test Cases/Admin Dashboard/Invite Borrower" status="PASSED">
         <system-out><![CDATA[2018-05-28 18:55:23 - [TEST_CASE][PASSED] - Test Cases/Admin Dashboard/Invite Borrower: Test Cases/Admin Dashboard/Invite Borrower

2018-05-28 18:55:24 - [TEST_STEP][PASSED] - callTestCase: Call Test Case 'Test Cases/Sign In' successfully

2018-05-28 18:55:24 - [TEST_CASE][PASSED] - Test Cases/Sign In: Test Cases/Sign In

2018-05-28 18:55:24 - [TEST_STEP][PASSED] - Statement - a = 3: null

2018-05-28 18:55:24 - [TEST_STEP][PASSED] - openBrowser: Browser is opened with url: 'https://roostify-dev-pr-6203.herokuapp.com/'

2018-05-28 18:55:31 - [MESSAGE][PASSED] - Browser is opened with url: 'https://roostify-dev-pr-6203.herokuapp.com/'

2018-05-28 18:55:31 - [TEST_STEP][PASSED] - maximizeWindow: Current window maximized

2018-05-28 18:55:31 - [MESSAGE][PASSED] - Current window maximized

2018-05-28 18:55:31 - [TEST_STEP][PASSED] - Statement - out.println("Value of a= " + a): null

2018-05-28 18:55:31 - [TEST_STEP][PASSED] - setText: Text 'kkachhi+admin@roostify.com' is set on object 'Object Repository/Sign In/input_useremail'

2018-05-28 18:55:31 - [MESSAGE][PASSED] - Text 'kkachhi+admin@roostify.com' is set on object 'Object Repository/Sign In/input_useremail'

2018-05-28 18:55:31 - [TEST_STEP][PASSED] - setText: Text 'Kal@3333' is set on object 'Object Repository/Sign In/input_userpassword'

2018-05-28 18:55:32 - [MESSAGE][PASSED] - Text 'Kal@3333' is set on object 'Object Repository/Sign In/input_userpassword'

2018-05-28 18:55:32 - [TEST_STEP][PASSED] - click: Object: 'Object Repository/Sign In/button_Sign in' is clicked on

2018-05-28 18:55:36 - [MESSAGE][PASSED] - Object: 'Object Repository/Sign In/button_Sign in' is clicked on

2018-05-28 18:55:36 - [MESSAGE][PASSED] - Call Test Case 'Test Cases/Sign In' successfully

2018-05-28 18:55:36 - [TEST_STEP][PASSED] - Statement - out.println("Value of BorrowerEmail1= " + BorrowerEmail2): null

2018-05-28 18:55:36 - [TEST_STEP][PASSED] - waitForElementClickable: Object 'Object Repository/Admin Dashboard/Invite Borrower/img' is clickable

2018-05-28 18:55:36 - [MESSAGE][PASSED] - Object 'Object Repository/Admin Dashboard/Invite Borrower/img' is clickable

2018-05-28 18:55:36 - [TEST_STEP][PASSED] - click: Object: 'Object Repository/Admin Dashboard/Invite Borrower/img' is clicked on

2018-05-28 18:55:37 - [MESSAGE][PASSED] - Object: 'Object Repository/Admin Dashboard/Invite Borrower/img' is clicked on

2018-05-28 18:55:37 - [TEST_STEP][PASSED] - waitForElementVisible: Object 'Object Repository/Admin Dashboard/Invite Borrower/input_useremail' is visible

2018-05-28 18:55:37 - [MESSAGE][PASSED] - Object 'Object Repository/Admin Dashboard/Invite Borrower/input_useremail' is visible

2018-05-28 18:55:37 - [TEST_STEP][PASSED] - setText: Text 'kkachhi+test14@roostify.com' is set on object 'Object Repository/Admin Dashboard/Invite Borrower/input_useremail'

2018-05-28 18:55:37 - [MESSAGE][PASSED] - Text 'kkachhi+test14@roostify.com' is set on object 'Object Repository/Admin Dashboard/Invite Borrower/input_useremail'

2018-05-28 18:55:37 - [TEST_STEP][PASSED] - click: Object: 'Object Repository/Admin Dashboard/Invite Borrower/input_commit' is clicked on

2018-05-28 18:55:40 - [MESSAGE][PASSED] - Object: 'Object Repository/Admin Dashboard/Invite Borrower/input_commit' is clicked on

2018-05-28 18:55:40 - [TEST_STEP][PASSED] - callTestCase: Call Test Case 'Test Cases/Gmail Login' successfully

2018-05-28 18:55:40 - [TEST_CASE][PASSED] - Test Cases/Gmail Login: Test Cases/Gmail Login

2018-05-28 18:55:41 - [TEST_STEP][PASSED] - openBrowser: Browser is opened with url: 'gmail.com'

2018-05-28 18:55:41 - [MESSAGE][WARNING] - A browser is already opened. Closing browser and opening a new one

2018-05-28 18:55:47 - [MESSAGE][PASSED] - Browser is opened with url: 'gmail.com'

2018-05-28 18:55:47 - [TEST_STEP][PASSED] - setText: Text 'kkachhi@roostify.com' is set on object 'Object Repository/Admin Dashboard/Page_Gmail/input_email'

2018-05-28 18:55:48 - [MESSAGE][PASSED] - Text 'kkachhi@roostify.com' is set on object 'Object Repository/Admin Dashboard/Page_Gmail/input_email'

2018-05-28 18:55:48 - [TEST_STEP][PASSED] - click: Object: 'Object Repository/Admin Dashboard/Page_Gmail/Next button' is clicked on

2018-05-28 18:55:48 - [MESSAGE][PASSED] - Object: 'Object Repository/Admin Dashboard/Page_Gmail/Next button' is clicked on

2018-05-28 18:55:48 - [TEST_STEP][PASSED] - waitForElementClickable: Object 'Object Repository/Admin Dashboard/Page_Gmail/input_password' is clickable

2018-05-28 18:55:48 - [MESSAGE][PASSED] - Object 'Object Repository/Admin Dashboard/Page_Gmail/input_password' is clickable

2018-05-28 18:55:48 - [TEST_STEP][PASSED] - setText: Text 'kaly@33333' is set on object 'Object Repository/Admin Dashboard/Page_Gmail/input_password'

2018-05-28 18:55:49 - [MESSAGE][PASSED] - Text 'kaly@33333' is set on object 'Object Repository/Admin Dashboard/Page_Gmail/input_password'

2018-05-28 18:55:49 - [TEST_STEP][PASSED] - click: Object: 'Object Repository/Admin Dashboard/Page_Gmail/Next button' is clicked on

2018-05-28 18:55:49 - [MESSAGE][PASSED] - Object: 'Object Repository/Admin Dashboard/Page_Gmail/Next button' is clicked on

2018-05-28 18:55:49 - [TEST_STEP][PASSED] - waitForPageLoad: Wait for page load successfully

2018-05-28 18:55:49 - [MESSAGE][PASSED] - Wait for page load successfully

2018-05-28 18:55:49 - [MESSAGE][PASSED] - Call Test Case 'Test Cases/Gmail Login' successfully

2018-05-28 18:55:49 - [TEST_STEP][PASSED] - waitForElementPresent: Object 'Object Repository/Admin Dashboard/Page_Gmail/Search input box' is present

2018-05-28 18:56:03 - [MESSAGE][PASSED] - Object 'Object Repository/Admin Dashboard/Page_Gmail/Search input box' is present

2018-05-28 18:56:03 - [TEST_STEP][PASSED] - setText: Text 'invites you to start a home loan application' is set on object 'Object Repository/Admin Dashboard/Page_Gmail/Search input box'

2018-05-28 18:56:04 - [MESSAGE][PASSED] - Text 'invites you to start a home loan application' is set on object 'Object Repository/Admin Dashboard/Page_Gmail/Search input box'

2018-05-28 18:56:04 - [TEST_STEP][PASSED] - click: Object: 'Object Repository/Admin Dashboard/Page_Gmail/Search icon' is clicked on

2018-05-28 18:56:04 - [MESSAGE][PASSED] - Object: 'Object Repository/Admin Dashboard/Page_Gmail/Search icon' is clicked on

2018-05-28 18:56:04 - [TEST_STEP][PASSED] - waitForElementPresent: Object 'Object Repository/Admin Dashboard/Page_Gmail/Mail' is present

2018-05-28 18:56:04 - [MESSAGE][PASSED] - Object 'Object Repository/Admin Dashboard/Page_Gmail/Mail' is present

2018-05-28 18:56:04 - [TEST_STEP][PASSED] - click: Object: 'Object Repository/Admin Dashboard/Page_Gmail/Mail' is clicked on

2018-05-28 18:56:04 - [MESSAGE][PASSED] - Object: 'Object Repository/Admin Dashboard/Page_Gmail/Mail' is clicked on

2018-05-28 18:56:04 - [TEST_STEP][PASSED] - click: Object: 'Object Repository/Admin Dashboard/Page_Gmail/Start Application' is clicked on

2018-05-28 18:56:05 - [MESSAGE][PASSED] - Object: 'Object Repository/Admin Dashboard/Page_Gmail/Start Application' is clicked on

2018-05-28 18:56:05 - [TEST_STEP][PASSED] - callTestCase: Call Test Case 'Test Cases/Sign Up' successfully

2018-05-28 18:56:05 - [TEST_CASE][PASSED] - Test Cases/Sign Up: Test Cases/Sign Up

2018-05-28 18:56:05 - [TEST_STEP][PASSED] - openBrowser: Browser is opened with url: 'https://roostify-dev-pr-6203.herokuapp.com/users/sign_up?r=kkachhiadmin'

2018-05-28 18:56:05 - [MESSAGE][WARNING] - A browser is already opened. Closing browser and opening a new one

2018-05-28 18:56:12 - [MESSAGE][PASSED] - Browser is opened with url: 'https://roostify-dev-pr-6203.herokuapp.com/users/sign_up?r=kkachhiadmin'

2018-05-28 18:56:12 - [TEST_STEP][PASSED] - setText: Text 'Kaly' is set on object 'Object Repository/Sign Up/input_userfirst_name'

2018-05-28 18:56:12 - [MESSAGE][PASSED] - Text 'Kaly' is set on object 'Object Repository/Sign Up/input_userfirst_name'

2018-05-28 18:56:12 - [TEST_STEP][PASSED] - setText: Text 'Kachhi' is set on object 'Object Repository/Sign Up/input_userlast_name'

2018-05-28 18:56:12 - [MESSAGE][PASSED] - Text 'Kachhi' is set on object 'Object Repository/Sign Up/input_userlast_name'

2018-05-28 18:56:12 - [TEST_STEP][PASSED] - setText: Text 'kkachhi+test14@roostify.com' is set on object 'Object Repository/Sign Up/input_useremail'

2018-05-28 18:56:13 - [MESSAGE][PASSED] - Text 'kkachhi+test14@roostify.com' is set on object 'Object Repository/Sign Up/input_useremail'

2018-05-28 18:56:13 - [TEST_STEP][PASSED] - setText: Text 'Kal@3333' is set on object 'Object Repository/Sign Up/input_userpassword'

2018-05-28 18:56:13 - [MESSAGE][PASSED] - Text 'Kal@3333' is set on object 'Object Repository/Sign Up/input_userpassword'

2018-05-28 18:56:13 - [TEST_STEP][PASSED] - click: Object: 'Object Repository/Sign Up/input_r_terms_check' is clicked on

2018-05-28 18:56:13 - [MESSAGE][PASSED] - Object: 'Object Repository/Sign Up/input_r_terms_check' is clicked on

2018-05-28 18:56:13 - [TEST_STEP][PASSED] - click: Object: 'Object Repository/Sign Up/button_Start Application' is clicked on

2018-05-28 18:56:18 - [MESSAGE][PASSED] - Object: 'Object Repository/Sign Up/button_Start Application' is clicked on

2018-05-28 18:56:18 - [MESSAGE][PASSED] - Call Test Case 'Test Cases/Sign Up' successfully

2018-05-28 18:56:18 - [TEST_STEP][PASSED] - callTestCase: Call Test Case 'Test Cases/Submit Loan Application' successfully

2018-05-28 18:56:18 - [TEST_CASE][PASSED] - Test Cases/Submit Loan Application: Test Cases/Submit Loan Application

2018-05-28 18:56:18 - [TEST_STEP][PASSED] - click: Object: 'Object Repository/Complete Loan Details/Borrower Details/button_Continue' is clicked on

2018-05-28 18:56:18 - [MESSAGE][PASSED] - Object: 'Object Repository/Complete Loan Details/Borrower Details/button_Continue' is clicked on

2018-05-28 18:56:18 - [TEST_STEP][PASSED] - click: Object: 'Object Repository/Complete Loan Details/Borrower Details/button_Next' is clicked on

2018-05-28 18:56:19 - [MESSAGE][PASSED] - Object: 'Object Repository/Complete Loan Details/Borrower Details/button_Next' is clicked on

2018-05-28 18:56:19 - [TEST_STEP][PASSED] - setText: Text '3456789324' is set on object 'Object Repository/Complete Loan Details/Borrower Details/input_Primary_Phone'

2018-05-28 18:56:21 - [MESSAGE][PASSED] - Text '3456789324' is set on object 'Object Repository/Complete Loan Details/Borrower Details/input_Primary_Phone'

2018-05-28 18:56:21 - [TEST_STEP][PASSED] - click: Object: 'Object Repository/Complete Loan Details/Borrower Details/button_Next' is clicked on

2018-05-28 18:56:21 - [MESSAGE][PASSED] - Object: 'Object Repository/Complete Loan Details/Borrower Details/button_Next' is clicked on

2018-05-28 18:56:21 - [TEST_STEP][PASSED] - selectOptionByValue: All options with value '10' are selected in object 'Object Repository/Complete Loan Details/Borrower Details/select_Birth_Month'  using regular expression

2018-05-28 18:56:23 - [MESSAGE][PASSED] - All options with value '10' are selected in object 'Object Repository/Complete Loan Details/Borrower Details/select_Birth_Month'  using regular expression

2018-05-28 18:56:23 - [TEST_STEP][PASSED] - selectOptionByValue: All options with value '6' are selected in object 'Object Repository/Complete Loan Details/Borrower Details/select_Birth_Date'  using regular expression

2018-05-28 18:56:23 - [MESSAGE][PASSED] - All options with value '6' are selected in object 'Object Repository/Complete Loan Details/Borrower Details/select_Birth_Date'  using regular expression

2018-05-28 18:56:23 - [TEST_STEP][PASSED] - selectOptionByValue: All options with value '1990' are selected in object 'Object Repository/Complete Loan Details/Borrower Details/select_Birth_Year'  using regular expression

2018-05-28 18:56:24 - [MESSAGE][PASSED] - All options with value '1990' are selected in object 'Object Repository/Complete Loan Details/Borrower Details/select_Birth_Year'  using regular expression

2018-05-28 18:56:24 - [TEST_STEP][PASSED] - click: Object: 'Object Repository/Complete Loan Details/Borrower Details/button_Next' is clicked on

2018-05-28 18:56:24 - [MESSAGE][PASSED] - Object: 'Object Repository/Complete Loan Details/Borrower Details/button_Next' is clicked on

2018-05-28 18:56:24 - [TEST_STEP][PASSED] - waitForPageLoad: Wait for page load successfully

2018-05-28 18:56:24 - [MESSAGE][PASSED] - Wait for page load successfully

2018-05-28 18:56:24 - [TEST_STEP][PASSED] - setText: Text '452 Holly Lane  Hopewell' is set on object 'Object Repository/Complete Loan Details/Borrower Details/input_Address1'

2018-05-28 18:56:26 - [MESSAGE][PASSED] - Text '452 Holly Lane  Hopewell' is set on object 'Object Repository/Complete Loan Details/Borrower Details/input_Address1'

2018-05-28 18:56:26 - [TEST_STEP][PASSED] - setText: Text 'Hopewell' is set on object 'Object Repository/Complete Loan Details/Borrower Details/input_Address2'

2018-05-28 18:56:26 - [MESSAGE][PASSED] - Text 'Hopewell' is set on object 'Object Repository/Complete Loan Details/Borrower Details/input_Address2'

2018-05-28 18:56:26 - [TEST_STEP][PASSED] - selectOptionByValue: All options with value 'VT' are selected in object 'Object Repository/Complete Loan Details/Borrower Details/select_State'  using regular expression

2018-05-28 18:56:27 - [MESSAGE][PASSED] - All options with value 'VT' are selected in object 'Object Repository/Complete Loan Details/Borrower Details/select_State'  using regular expression

2018-05-28 18:56:27 - [TEST_STEP][PASSED] - setText: Text '23860' is set on object 'Object Repository/Complete Loan Details/Borrower Details/input_Zipcode'

2018-05-28 18:56:28 - [MESSAGE][PASSED] - Text '23860' is set on object 'Object Repository/Complete Loan Details/Borrower Details/input_Zipcode'

2018-05-28 18:56:28 - [TEST_STEP][PASSED] - selectOptionByValue: All options with value '9' are selected in object 'Object Repository/Complete Loan Details/Borrower Details/select_Month_Starting_from'  using regular expression

2018-05-28 18:56:28 - [MESSAGE][PASSED] - All options with value '9' are selected in object 'Object Repository/Complete Loan Details/Borrower Details/select_Month_Starting_from'  using regular expression

2018-05-28 18:56:28 - [TEST_STEP][PASSED] - selectOptionByValue: All options with value '2016' are selected in object 'Object Repository/Complete Loan Details/Borrower Details/select_Year_Starting_from'  using regular expression

2018-05-28 18:56:29 - [MESSAGE][PASSED] - All options with value '2016' are selected in object 'Object Repository/Complete Loan Details/Borrower Details/select_Year_Starting_from'  using regular expression

2018-05-28 18:56:29 - [TEST_STEP][PASSED] - click: Object: 'Object Repository/Complete Loan Details/Borrower Details/button_Yes' is clicked on

2018-05-28 18:56:29 - [MESSAGE][PASSED] - Object: 'Object Repository/Complete Loan Details/Borrower Details/button_Yes' is clicked on

2018-05-28 18:56:29 - [TEST_STEP][PASSED] - click: Object: 'Object Repository/Complete Loan Details/Borrower Details/button_Next' is clicked on

2018-05-28 18:56:29 - [MESSAGE][PASSED] - Object: 'Object Repository/Complete Loan Details/Borrower Details/button_Next' is clicked on

2018-05-28 18:56:29 - [TEST_STEP][PASSED] - click: Object: 'Object Repository/Complete Loan Details/Borrower Details/checkbox_other_mailing_address' is clicked on

2018-05-28 18:56:31 - [MESSAGE][PASSED] - Object: 'Object Repository/Complete Loan Details/Borrower Details/checkbox_other_mailing_address' is clicked on

2018-05-28 18:56:31 - [TEST_STEP][PASSED] - click: Object: 'Object Repository/Complete Loan Details/Borrower Details/checkbox_other_mailing_address' is clicked on

2018-05-28 18:56:31 - [MESSAGE][PASSED] - Object: 'Object Repository/Complete Loan Details/Borrower Details/checkbox_other_mailing_address' is clicked on

2018-05-28 18:56:31 - [TEST_STEP][PASSED] - click: Object: 'Object Repository/Complete Loan Details/Borrower Details/button_Next' is clicked on

2018-05-28 18:56:31 - [MESSAGE][PASSED] - Object: 'Object Repository/Complete Loan Details/Borrower Details/button_Next' is clicked on

2018-05-28 18:56:31 - [TEST_STEP][PASSED] - click: Object: 'Object Repository/Complete Loan Details/Borrower Details/checkbox_has_coborrower' is clicked on

2018-05-28 18:56:32 - [MESSAGE][PASSED] - Object: 'Object Repository/Complete Loan Details/Borrower Details/checkbox_has_coborrower' is clicked on

2018-05-28 18:56:32 - [TEST_STEP][PASSED] - click: Object: 'Object Repository/Complete Loan Details/Borrower Details/checkbox_has_coborrower' is clicked on

2018-05-28 18:56:32 - [MESSAGE][PASSED] - Object: 'Object Repository/Complete Loan Details/Borrower Details/checkbox_has_coborrower' is clicked on

2018-05-28 18:56:32 - [TEST_STEP][PASSED] - waitForPageLoad: Wait for page load successfully

2018-05-28 18:56:32 - [MESSAGE][PASSED] - Wait for page load successfully

2018-05-28 18:56:32 - [TEST_STEP][PASSED] - click: Object: 'Object Repository/Complete Loan Details/Application Release/Application_Release_Tab' is clicked on

2018-05-28 18:56:32 - [MESSAGE][PASSED] - Object: 'Object Repository/Complete Loan Details/Application Release/Application_Release_Tab' is clicked on

2018-05-28 18:56:32 - [TEST_STEP][PASSED] - waitForPageLoad: Wait for page load successfully

2018-05-28 18:56:32 - [MESSAGE][PASSED] - Wait for page load successfully

2018-05-28 18:56:32 - [TEST_STEP][PASSED] - click: Object: 'Object Repository/Complete Loan Details/Application Release/button_Fix_Issues' is clicked on

2018-05-28 18:56:34 - [MESSAGE][PASSED] - Object: 'Object Repository/Complete Loan Details/Application Release/button_Fix_Issues' is clicked on

2018-05-28 18:56:34 - [TEST_STEP][PASSED] - waitForPageLoad: Wait for page load successfully

2018-05-28 18:56:34 - [MESSAGE][PASSED] - Wait for page load successfully

2018-05-28 18:56:34 - [TEST_STEP][PASSED] - setText: Text '333' is set on object 'Object Repository/Complete Loan Details/Declarations/input_SSN1'

2018-05-28 18:56:36 - [MESSAGE][PASSED] - Text '333' is set on object 'Object Repository/Complete Loan Details/Declarations/input_SSN1'

2018-05-28 18:56:36 - [TEST_STEP][PASSED] - setText: Text '33' is set on object 'Object Repository/Complete Loan Details/Declarations/input_SSN2'

2018-05-28 18:56:36 - [MESSAGE][PASSED] - Text '33' is set on object 'Object Repository/Complete Loan Details/Declarations/input_SSN2'

2018-05-28 18:56:36 - [TEST_STEP][PASSED] - setText: Text '3333' is set on object 'Object Repository/Complete Loan Details/Declarations/input_SSN3'

2018-05-28 18:56:36 - [MESSAGE][PASSED] - Text '3333' is set on object 'Object Repository/Complete Loan Details/Declarations/input_SSN3'

2018-05-28 18:56:36 - [TEST_STEP][PASSED] - click: Object: 'Object Repository/Complete Loan Details/Declarations/button_Save and return to review' is clicked on

2018-05-28 18:56:36 - [MESSAGE][PASSED] - Object: 'Object Repository/Complete Loan Details/Declarations/button_Save and return to review' is clicked on

2018-05-28 18:56:36 - [TEST_STEP][PASSED] - click: Object: 'Object Repository/Complete Loan Details/Application Release/button_Skip Warnings and Submit' is clicked on

2018-05-28 18:56:38 - [MESSAGE][PASSED] - Object: 'Object Repository/Complete Loan Details/Application Release/button_Skip Warnings and Submit' is clicked on

2018-05-28 18:56:38 - [TEST_STEP][PASSED] - waitForPageLoad: Wait for page load successfully

2018-05-28 18:56:38 - [MESSAGE][PASSED] - Wait for page load successfully

2018-05-28 18:56:38 - [TEST_STEP][PASSED] - verifyElementPresent: Object 'Object Repository/Complete Loan Details/Submitted Loan application/msg_Success Loan submission' is present

2018-05-28 18:56:47 - [MESSAGE][PASSED] - Object 'Object Repository/Complete Loan Details/Submitted Loan application/msg_Success Loan submission' is present

2018-05-28 18:56:47 - [MESSAGE][PASSED] - Call Test Case 'Test Cases/Submit Loan Application' successfully]]></system-out>
         <system-err><![CDATA[]]></system-err>
      </testcase>
      <system-out><![CDATA[2018-05-28 18:54:46 - [TEST_SUITE][PASSED] - Admin Dashboard Test Suite: Test Cases/Admin Dashboard/Invite Borrower]]></system-out>
      <system-err><![CDATA[]]></system-err>
   </testsuite>
</testsuites>
