<?xml version="1.0" encoding="UTF-8"?>
<testsuites name="Admin Dashboard Test Suite" time="68" tests="0" failures="3" errors="0">
   <testsuite name="Admin Dashboard Test Suite" tests="0" failures="3" errors="0" time="68" timestamp="2018-05-22 18:39:41" hostname="KalyaniK - KALYANIK.talentica-all.com" id="Test Suites/Admin Dashboard Test Suite">
      <properties>
         <property name="deviceName" value=""/>
         <property name="devicePlatform" value=""/>
         <property name="logFolder" value="D:\\1_Roostify\\Automation\\RoostifyCore\\Reports\\Admin Dashboard Test Suite\\20180522_183940"/>
         <property name="logFiles" value="D:\\1_Roostify\\Automation\\RoostifyCore\\Reports\\Admin Dashboard Test Suite\\20180522_183940\\execution0.log"/>
         <property name="attachments" value=""/>
         <property name="hostName" value="KalyaniK - KALYANIK.talentica-all.com"/>
         <property name="hostAddress" value="172.19.19.84"/>
         <property name="os" value="Windows 7 64bit"/>
         <property name="katalonVersion" value="5.4.1.1"/>
      </properties>
      <testcase name="Test Cases/Admin Dashboard/Copy Referral Link" classname="Test Cases/Admin Dashboard/Copy Referral Link" status="FAILED">
         <failure type="FAILED" message="Unable to open browser with url: 'https://roostify-dev-pr-6203.herokuapp.com/' (Root cause: org.openqa.selenium.WebDriverException: org.apache.http.conn.HttpHostConnectException: Connect to localhost:2767 [localhost/127.0.0.1] failed: Connection refused: connect
Build info: version: '3.7.1', revision: '8a0099a', time: '2017-11-06T21:07:36.161Z'
System info: host: 'KALYANIK', ip: '172.19.19.84', os.name: 'Windows 7', os.arch: 'amd64', os.version: '6.1', java.version: '1.8.0_102'
Driver info: driver.version: CFirefoxDriver)"/>
         <system-out><![CDATA[2018-05-22 18:39:42 - [TEST_CASE][FAILED] - Test Cases/Admin Dashboard/Copy Referral Link: Test Cases/Admin Dashboard/Copy Referral Link FAILED because (of) Unable to open browser with url: 'https://roostify-dev-pr-6203.herokuapp.com/' (Root cause: org.openqa.selenium.WebDriverException: org.apache.http.conn.HttpHostConnectException: Connect to localhost:2767 [localhost/127.0.0.1] failed: Connection refused: connect
Build info: version: '3.7.1', revision: '8a0099a', time: '2017-11-06T21:07:36.161Z'
System info: host: 'KALYANIK', ip: '172.19.19.84', os.name: 'Windows 7', os.arch: 'amd64', os.version: '6.1', java.version: '1.8.0_102'
Driver info: driver.version: CFirefoxDriver)

2018-05-22 18:39:42 - [TEST_STEP][FAILED] - callTestCase: Unable to call Test Case with id 'Test Cases/Sign In' (Root cause: Call Test Case 'Test Cases/Sign In' failed)

2018-05-22 18:39:42 - [TEST_CASE][FAILED] - Test Cases/Sign In: Test Cases/Sign In FAILED because (of) Unable to open browser with url: 'https://roostify-dev-pr-6203.herokuapp.com/' (Root cause: org.openqa.selenium.WebDriverException: org.apache.http.conn.HttpHostConnectException: Connect to localhost:2767 [localhost/127.0.0.1] failed: Connection refused: connect
Build info: version: '3.7.1', revision: '8a0099a', time: '2017-11-06T21:07:36.161Z'
System info: host: 'KALYANIK', ip: '172.19.19.84', os.name: 'Windows 7', os.arch: 'amd64', os.version: '6.1', java.version: '1.8.0_102'
Driver info: driver.version: CFirefoxDriver)

2018-05-22 18:39:42 - [TEST_STEP][FAILED] - openBrowser: Unable to open browser with url: 'https://roostify-dev-pr-6203.herokuapp.com/' (Root cause: org.openqa.selenium.WebDriverException: org.apache.http.conn.HttpHostConnectException: Connect to localhost:2767 [localhost/127.0.0.1] failed: Connection refused: connect
Build info: version: '3.7.1', revision: '8a0099a', time: '2017-11-06T21:07:36.161Z'
System info: host: 'KALYANIK', ip: '172.19.19.84', os.name: 'Windows 7', os.arch: 'amd64', os.version: '6.1', java.version: '1.8.0_102'
Driver info: driver.version: CFirefoxDriver)

2018-05-22 18:40:06 - [MESSAGE][FAILED] - Unable to open browser with url: 'https://roostify-dev-pr-6203.herokuapp.com/' (Root cause: org.openqa.selenium.WebDriverException: org.apache.http.conn.HttpHostConnectException: Connect to localhost:2767 [localhost/127.0.0.1] failed: Connection refused: connect
Build info: version: '3.7.1', revision: '8a0099a', time: '2017-11-06T21:07:36.161Z'
System info: host: 'KALYANIK', ip: '172.19.19.84', os.name: 'Windows 7', os.arch: 'amd64', os.version: '6.1', java.version: '1.8.0_102'
Driver info: driver.version: CFirefoxDriver)

2018-05-22 18:40:06 - [MESSAGE][FAILED] - Unable to call Test Case with id 'Test Cases/Sign In' (Root cause: Call Test Case 'Test Cases/Sign In' failed)]]></system-out>
         <system-err><![CDATA[2018-05-22 18:39:42 - [TEST_CASE][FAILED] - Test Cases/Admin Dashboard/Copy Referral Link: Test Cases/Admin Dashboard/Copy Referral Link FAILED because (of) Unable to open browser with url: 'https://roostify-dev-pr-6203.herokuapp.com/' (Root cause: org.openqa.selenium.WebDriverException: org.apache.http.conn.HttpHostConnectException: Connect to localhost:2767 [localhost/127.0.0.1] failed: Connection refused: connect
Build info: version: '3.7.1', revision: '8a0099a', time: '2017-11-06T21:07:36.161Z'
System info: host: 'KALYANIK', ip: '172.19.19.84', os.name: 'Windows 7', os.arch: 'amd64', os.version: '6.1', java.version: '1.8.0_102'
Driver info: driver.version: CFirefoxDriver)]]></system-err>
      </testcase>
      <testcase name="Test Cases/Admin Dashboard/Create Loan Manually" classname="Test Cases/Admin Dashboard/Create Loan Manually" status="FAILED">
         <failure type="FAILED" message="Unable to open browser with url: 'https://roostify-dev-pr-6203.herokuapp.com/' (Root cause: org.openqa.selenium.WebDriverException: org.apache.http.conn.HttpHostConnectException: Connect to localhost:29293 [localhost/127.0.0.1] failed: Connection refused: connect
Build info: version: '3.7.1', revision: '8a0099a', time: '2017-11-06T21:07:36.161Z'
System info: host: 'KALYANIK', ip: '172.19.19.84', os.name: 'Windows 7', os.arch: 'amd64', os.version: '6.1', java.version: '1.8.0_102'
Driver info: driver.version: CFirefoxDriver)"/>
         <system-out><![CDATA[2018-05-22 18:40:06 - [TEST_CASE][FAILED] - Test Cases/Admin Dashboard/Create Loan Manually: Test Cases/Admin Dashboard/Create Loan Manually FAILED because (of) Unable to open browser with url: 'https://roostify-dev-pr-6203.herokuapp.com/' (Root cause: org.openqa.selenium.WebDriverException: org.apache.http.conn.HttpHostConnectException: Connect to localhost:29293 [localhost/127.0.0.1] failed: Connection refused: connect
Build info: version: '3.7.1', revision: '8a0099a', time: '2017-11-06T21:07:36.161Z'
System info: host: 'KALYANIK', ip: '172.19.19.84', os.name: 'Windows 7', os.arch: 'amd64', os.version: '6.1', java.version: '1.8.0_102'
Driver info: driver.version: CFirefoxDriver)

2018-05-22 18:40:06 - [TEST_STEP][PASSED] - Statement - FirstName = "kaly12": null

2018-05-22 18:40:06 - [TEST_STEP][PASSED] - Statement - LastName = "kachi": null

2018-05-22 18:40:06 - [TEST_STEP][FAILED] - callTestCase: Unable to call Test Case with id 'Test Cases/Sign In' (Root cause: Call Test Case 'Test Cases/Sign In' failed)

2018-05-22 18:40:06 - [TEST_CASE][FAILED] - Test Cases/Sign In: Test Cases/Sign In FAILED because (of) Unable to open browser with url: 'https://roostify-dev-pr-6203.herokuapp.com/' (Root cause: org.openqa.selenium.WebDriverException: org.apache.http.conn.HttpHostConnectException: Connect to localhost:29293 [localhost/127.0.0.1] failed: Connection refused: connect
Build info: version: '3.7.1', revision: '8a0099a', time: '2017-11-06T21:07:36.161Z'
System info: host: 'KALYANIK', ip: '172.19.19.84', os.name: 'Windows 7', os.arch: 'amd64', os.version: '6.1', java.version: '1.8.0_102'
Driver info: driver.version: CFirefoxDriver)

2018-05-22 18:40:06 - [TEST_STEP][FAILED] - openBrowser: Unable to open browser with url: 'https://roostify-dev-pr-6203.herokuapp.com/' (Root cause: org.openqa.selenium.WebDriverException: org.apache.http.conn.HttpHostConnectException: Connect to localhost:29293 [localhost/127.0.0.1] failed: Connection refused: connect
Build info: version: '3.7.1', revision: '8a0099a', time: '2017-11-06T21:07:36.161Z'
System info: host: 'KALYANIK', ip: '172.19.19.84', os.name: 'Windows 7', os.arch: 'amd64', os.version: '6.1', java.version: '1.8.0_102'
Driver info: driver.version: CFirefoxDriver)

2018-05-22 18:40:28 - [MESSAGE][FAILED] - Unable to open browser with url: 'https://roostify-dev-pr-6203.herokuapp.com/' (Root cause: org.openqa.selenium.WebDriverException: org.apache.http.conn.HttpHostConnectException: Connect to localhost:29293 [localhost/127.0.0.1] failed: Connection refused: connect
Build info: version: '3.7.1', revision: '8a0099a', time: '2017-11-06T21:07:36.161Z'
System info: host: 'KALYANIK', ip: '172.19.19.84', os.name: 'Windows 7', os.arch: 'amd64', os.version: '6.1', java.version: '1.8.0_102'
Driver info: driver.version: CFirefoxDriver)

2018-05-22 18:40:28 - [MESSAGE][FAILED] - Unable to call Test Case with id 'Test Cases/Sign In' (Root cause: Call Test Case 'Test Cases/Sign In' failed)]]></system-out>
         <system-err><![CDATA[2018-05-22 18:40:06 - [TEST_CASE][FAILED] - Test Cases/Admin Dashboard/Create Loan Manually: Test Cases/Admin Dashboard/Create Loan Manually FAILED because (of) Unable to open browser with url: 'https://roostify-dev-pr-6203.herokuapp.com/' (Root cause: org.openqa.selenium.WebDriverException: org.apache.http.conn.HttpHostConnectException: Connect to localhost:29293 [localhost/127.0.0.1] failed: Connection refused: connect
Build info: version: '3.7.1', revision: '8a0099a', time: '2017-11-06T21:07:36.161Z'
System info: host: 'KALYANIK', ip: '172.19.19.84', os.name: 'Windows 7', os.arch: 'amd64', os.version: '6.1', java.version: '1.8.0_102'
Driver info: driver.version: CFirefoxDriver)]]></system-err>
      </testcase>
      <testcase name="Test Cases/Admin Dashboard/Invite Borrower" classname="Test Cases/Admin Dashboard/Invite Borrower" status="FAILED">
         <failure type="FAILED" message="Unable to open browser with url: 'https://roostify-dev-pr-6203.herokuapp.com/' (Root cause: org.openqa.selenium.WebDriverException: org.apache.http.conn.HttpHostConnectException: Connect to localhost:24578 [localhost/127.0.0.1] failed: Connection refused: connect
Build info: version: '3.7.1', revision: '8a0099a', time: '2017-11-06T21:07:36.161Z'
System info: host: 'KALYANIK', ip: '172.19.19.84', os.name: 'Windows 7', os.arch: 'amd64', os.version: '6.1', java.version: '1.8.0_102'
Driver info: driver.version: CFirefoxDriver)"/>
         <system-out><![CDATA[2018-05-22 18:40:28 - [TEST_CASE][FAILED] - Test Cases/Admin Dashboard/Invite Borrower: Test Cases/Admin Dashboard/Invite Borrower FAILED because (of) Unable to open browser with url: 'https://roostify-dev-pr-6203.herokuapp.com/' (Root cause: org.openqa.selenium.WebDriverException: org.apache.http.conn.HttpHostConnectException: Connect to localhost:24578 [localhost/127.0.0.1] failed: Connection refused: connect
Build info: version: '3.7.1', revision: '8a0099a', time: '2017-11-06T21:07:36.161Z'
System info: host: 'KALYANIK', ip: '172.19.19.84', os.name: 'Windows 7', os.arch: 'amd64', os.version: '6.1', java.version: '1.8.0_102'
Driver info: driver.version: CFirefoxDriver)

2018-05-22 18:40:28 - [TEST_STEP][FAILED] - callTestCase: Unable to call Test Case with id 'Test Cases/Sign In' (Root cause: Call Test Case 'Test Cases/Sign In' failed)

2018-05-22 18:40:28 - [TEST_CASE][FAILED] - Test Cases/Sign In: Test Cases/Sign In FAILED because (of) Unable to open browser with url: 'https://roostify-dev-pr-6203.herokuapp.com/' (Root cause: org.openqa.selenium.WebDriverException: org.apache.http.conn.HttpHostConnectException: Connect to localhost:24578 [localhost/127.0.0.1] failed: Connection refused: connect
Build info: version: '3.7.1', revision: '8a0099a', time: '2017-11-06T21:07:36.161Z'
System info: host: 'KALYANIK', ip: '172.19.19.84', os.name: 'Windows 7', os.arch: 'amd64', os.version: '6.1', java.version: '1.8.0_102'
Driver info: driver.version: CFirefoxDriver)

2018-05-22 18:40:28 - [TEST_STEP][FAILED] - openBrowser: Unable to open browser with url: 'https://roostify-dev-pr-6203.herokuapp.com/' (Root cause: org.openqa.selenium.WebDriverException: org.apache.http.conn.HttpHostConnectException: Connect to localhost:24578 [localhost/127.0.0.1] failed: Connection refused: connect
Build info: version: '3.7.1', revision: '8a0099a', time: '2017-11-06T21:07:36.161Z'
System info: host: 'KALYANIK', ip: '172.19.19.84', os.name: 'Windows 7', os.arch: 'amd64', os.version: '6.1', java.version: '1.8.0_102'
Driver info: driver.version: CFirefoxDriver)

2018-05-22 18:40:50 - [MESSAGE][FAILED] - Unable to open browser with url: 'https://roostify-dev-pr-6203.herokuapp.com/' (Root cause: org.openqa.selenium.WebDriverException: org.apache.http.conn.HttpHostConnectException: Connect to localhost:24578 [localhost/127.0.0.1] failed: Connection refused: connect
Build info: version: '3.7.1', revision: '8a0099a', time: '2017-11-06T21:07:36.161Z'
System info: host: 'KALYANIK', ip: '172.19.19.84', os.name: 'Windows 7', os.arch: 'amd64', os.version: '6.1', java.version: '1.8.0_102'
Driver info: driver.version: CFirefoxDriver)

2018-05-22 18:40:50 - [MESSAGE][FAILED] - Unable to call Test Case with id 'Test Cases/Sign In' (Root cause: Call Test Case 'Test Cases/Sign In' failed)]]></system-out>
         <system-err><![CDATA[2018-05-22 18:40:28 - [TEST_CASE][FAILED] - Test Cases/Admin Dashboard/Invite Borrower: Test Cases/Admin Dashboard/Invite Borrower FAILED because (of) Unable to open browser with url: 'https://roostify-dev-pr-6203.herokuapp.com/' (Root cause: org.openqa.selenium.WebDriverException: org.apache.http.conn.HttpHostConnectException: Connect to localhost:24578 [localhost/127.0.0.1] failed: Connection refused: connect
Build info: version: '3.7.1', revision: '8a0099a', time: '2017-11-06T21:07:36.161Z'
System info: host: 'KALYANIK', ip: '172.19.19.84', os.name: 'Windows 7', os.arch: 'amd64', os.version: '6.1', java.version: '1.8.0_102'
Driver info: driver.version: CFirefoxDriver)]]></system-err>
      </testcase>
      <system-out><![CDATA[2018-05-22 18:39:41 - [TEST_SUITE][FAILED] - Admin Dashboard Test Suite: Test Cases/Admin Dashboard/Copy Referral Link FAILED because (of) Unable to open browser with url: 'https://roostify-dev-pr-6203.herokuapp.com/' (Root cause: org.openqa.selenium.WebDriverException: org.apache.http.conn.HttpHostConnectException: Connect to localhost:2767 [localhost/127.0.0.1] failed: Connection refused: connect
Build info: version: '3.7.1', revision: '8a0099a', time: '2017-11-06T21:07:36.161Z'
System info: host: 'KALYANIK', ip: '172.19.19.84', os.name: 'Windows 7', os.arch: 'amd64', os.version: '6.1', java.version: '1.8.0_102'
Driver info: driver.version: CFirefoxDriver)]]></system-out>
      <system-err><![CDATA[2018-05-22 18:39:41 - [TEST_SUITE][FAILED] - Admin Dashboard Test Suite: Test Cases/Admin Dashboard/Copy Referral Link FAILED because (of) Unable to open browser with url: 'https://roostify-dev-pr-6203.herokuapp.com/' (Root cause: org.openqa.selenium.WebDriverException: org.apache.http.conn.HttpHostConnectException: Connect to localhost:2767 [localhost/127.0.0.1] failed: Connection refused: connect
Build info: version: '3.7.1', revision: '8a0099a', time: '2017-11-06T21:07:36.161Z'
System info: host: 'KALYANIK', ip: '172.19.19.84', os.name: 'Windows 7', os.arch: 'amd64', os.version: '6.1', java.version: '1.8.0_102'
Driver info: driver.version: CFirefoxDriver)]]></system-err>
   </testsuite>
</testsuites>
