<?xml version="1.0" encoding="UTF-8"?>
<testsuites name="Create Loan Manually Test Suite" time="22" tests="1" failures="0" errors="0">
   <testsuite name="Create Loan Manually Test Suite" tests="1" failures="0" errors="0" time="22" timestamp="2018-06-06 12:16:22" hostname="KalyaniK - KALYANIK.talentica-all.com" id="Test Suites/Create Loan Manually Test Suite">
      <properties>
         <property name="deviceName" value=""/>
         <property name="devicePlatform" value=""/>
         <property name="logFolder" value="D:\\1_Roostify\\Automation\\Roo_Core\\Reports\\Create Loan Manually Test Suite\\20180606_121442"/>
         <property name="logFiles" value="D:\\1_Roostify\\Automation\\Roo_Core\\Reports\\Create Loan Manually Test Suite\\20180606_121442\\execution0.log"/>
         <property name="attachments" value="D:\\1_Roostify\\Automation\\Roo_Core\\Reports\\Create Loan Manually Test Suite\\20180606_121442\\1528267601289.png"/>
         <property name="hostName" value="KalyaniK - KALYANIK.talentica-all.com"/>
         <property name="os" value="Windows 7 64bit"/>
         <property name="katalonVersion" value="5.4.1.1"/>
         <property name="browser" value="Firefox 47.0"/>
         <property name="hostAddress" value="172.19.19.84"/>
         <property name="sessionId" value="bb695948-6f39-4bcd-89c1-9c84356890ea"/>
         <property name="seleniumVersion" value="3.7.1"/>
         <property name="proxyInformation" value="ProxyInformation{proxyOption=NO_PROXY, proxyServerType=HTTP, password=, proxyServerAddress=, proxyServerPort=0}"/>
         <property name="platform" value="Windows 7"/>
      </properties>
      <testcase name="Test Cases/Admin Dashboard/Verify Admin is able to Create Loan Manually" classname="Test Cases/Admin Dashboard/Verify Admin is able to Create Loan Manually" status="PASSED">
         <system-out><![CDATA[2018-06-06 12:16:23 - [TEST_CASE][PASSED] - Test Cases/Admin Dashboard/Verify Admin is able to Create Loan Manually: Test Cases/Admin Dashboard/Verify Admin is able to Create Loan Manually

2018-06-06 12:16:23 - [TEST_STEP][PASSED] - Start listener action : sampleBeforeTestCase: Current window maximized

2018-06-06 12:16:23 - [TEST_STEP][PASSED] - Statement - println(testCaseContext.getTestCaseId()): null

2018-06-06 12:16:23 - [TEST_STEP][PASSED] - Statement - println(testCaseContext.getTestCaseVariables()): null

2018-06-06 12:16:23 - [TEST_STEP][PASSED] - openBrowser: Browser is opened with url: 'https://roostify-navy-test.herokuapp.com/'

2018-06-06 12:16:34 - [MESSAGE][PASSED] - Browser is opened with url: 'https://roostify-navy-test.herokuapp.com/'

2018-06-06 12:16:34 - [TEST_STEP][PASSED] - maximizeWindow: Current window maximized

2018-06-06 12:16:34 - [MESSAGE][PASSED] - Current window maximized

2018-06-06 12:16:34 - [TEST_STEP][PASSED] - Statement - FirstName = "kaly2": null

2018-06-06 12:16:34 - [TEST_STEP][PASSED] - Statement - LastName = "kachi": null

2018-06-06 12:16:34 - [TEST_STEP][PASSED] - com.common.util.LoginHelper.LoginWithAdmin: com.common.util.LoginHelper.LoginWithAdmin is PASSED

2018-06-06 12:16:34 - [MESSAGE][PASSED] - Wait for page load successfully

2018-06-06 12:16:35 - [MESSAGE][PASSED] - Text 'kkachhi+admin@roostify.com' is set on object 'Object Repository/Common/Sign In/input_useremail'

2018-06-06 12:16:35 - [MESSAGE][PASSED] - Text 'Kal@3333' is set on object 'Object Repository/Common/Sign In/input_userpassword'

2018-06-06 12:16:35 - [MESSAGE][PASSED] - Object: 'Object Repository/Common/Sign In/button_Sign in' is clicked on

2018-06-06 12:16:41 - [MESSAGE][WARNING] - com.kms.katalon.core.webui.exception.WebElementNotFoundException: Web element with id: 'Object Repository/Common/Sign In/div_Login_Popup' located by 'By.xpath: //div[@id = 'tutorial-borrower' and (text() = concat('

Application portal tutorial overlay





✕

Now, for some homework!



This space provides a secure way to:

  Complete critical tasks, like signing and providing documents
  Get updates about your loan’s progress
  
Communicate with your mortgage team and other folks you invite to participate


Together with your team, you’ll be moving your loan closer to the finish line.
Don’t worry, you’ll be notified by email of activity while you’re away.





Next







✕

Add Your Documents Online




The Tasks tab tells you what information or action we still need from you.
This is where you' , "'" , 'll provide the documents we need to process your loan, and sign important documents from us.


Click on a task to get started, and follow the directions to upload your documents.





Next







✕

Stay Up-to-Date




As your loan progresses through the key stages, you' , "'" , 'll see the latest activity posted in your Stream.


You can comment on activities, post a question or add another person like your Realtor to the transaction.
To add people, just click Invite a Collaborator.





Next







✕

We' , "'" , 're Here to Help




Your mortgage team can help answer questions you have along the way.
Use the Stream and the Chat to get in touch with us at any time.
We' , "'" , 're looking forward to working with you!





Done





') or . = concat('

Application portal tutorial overlay





✕

Now, for some homework!



This space provides a secure way to:

  Complete critical tasks, like signing and providing documents
  Get updates about your loan’s progress
  
Communicate with your mortgage team and other folks you invite to participate


Together with your team, you’ll be moving your loan closer to the finish line.
Don’t worry, you’ll be notified by email of activity while you’re away.





Next







✕

Add Your Documents Online




The Tasks tab tells you what information or action we still need from you.
This is where you' , "'" , 'll provide the documents we need to process your loan, and sign important documents from us.


Click on a task to get started, and follow the directions to upload your documents.





Next







✕

Stay Up-to-Date




As your loan progresses through the key stages, you' , "'" , 'll see the latest activity posted in your Stream.


You can comment on activities, post a question or add another person like your Realtor to the transaction.
To add people, just click Invite a Collaborator.





Next







✕

We' , "'" , 're Here to Help




Your mortgage team can help answer questions you have along the way.
Use the Stream and the Chat to get in touch with us at any time.
We' , "'" , 're looking forward to working with you!





Done





'))]' not found
[[ATTACHMENT|D:\\1_Roostify\\Automation\\Roo_Core\\Reports\\Create Loan Manually Test Suite\\20180606_121442\\1528267601289.png]]

2018-06-06 12:16:41 - [MESSAGE][PASSED] - Object 'Object Repository/Common/Sign In/text_Dashboard Name' is present

2018-06-06 12:16:41 - [MESSAGE][PASSED] - Text of object 'Object Repository/Common/Sign In/text_Dashboard Name' is: 'Kalyani Admin'

2018-06-06 12:16:41 - [MESSAGE][PASSED] - Concatenated string array: '['Kalyani',' ','Admin']' into 'Kalyani Admin'

2018-06-06 12:16:41 - [MESSAGE][PASSED] - Actual text 'Kalyani Admin' and expected text 'Kalyani Admin' are matched  using regular expression

2018-06-06 12:16:41 - [MESSAGE][PASSED] - com.common.util.LoginHelper.LoginWithAdmin is PASSED

2018-06-06 12:16:41 - [TEST_STEP][PASSED] - click: Object: 'Object Repository/Admin Dashboard/Create Loan Manually/tab_Add Loan Manually' is clicked on

2018-06-06 12:16:41 - [MESSAGE][PASSED] - Object: 'Object Repository/Admin Dashboard/Create Loan Manually/tab_Add Loan Manually' is clicked on

2018-06-06 12:16:41 - [TEST_STEP][PASSED] - waitForElementVisible: Object 'Object Repository/Admin Dashboard/Create Loan Manually/input_email' is visible

2018-06-06 12:16:42 - [MESSAGE][PASSED] - Object 'Object Repository/Admin Dashboard/Create Loan Manually/input_email' is visible

2018-06-06 12:16:42 - [TEST_STEP][PASSED] - setText: Text 'kkachhi+test2@roostify.com' is set on object 'Object Repository/Admin Dashboard/Create Loan Manually/input_email'

2018-06-06 12:16:42 - [MESSAGE][PASSED] - Text 'kkachhi+test2@roostify.com' is set on object 'Object Repository/Admin Dashboard/Create Loan Manually/input_email'

2018-06-06 12:16:42 - [TEST_STEP][PASSED] - setText: Text 'kaly2' is set on object 'Object Repository/Admin Dashboard/Create Loan Manually/input_first_name'

2018-06-06 12:16:42 - [MESSAGE][PASSED] - Text 'kaly2' is set on object 'Object Repository/Admin Dashboard/Create Loan Manually/input_first_name'

2018-06-06 12:16:42 - [TEST_STEP][PASSED] - setText: Text 'kachi' is set on object 'Object Repository/Admin Dashboard/Create Loan Manually/input_last_name'

2018-06-06 12:16:42 - [MESSAGE][PASSED] - Text 'kachi' is set on object 'Object Repository/Admin Dashboard/Create Loan Manually/input_last_name'

2018-06-06 12:16:42 - [TEST_STEP][PASSED] - waitForElementVisible: Object 'Object Repository/Admin Dashboard/Create Loan Manually/button_create' is visible

2018-06-06 12:16:42 - [MESSAGE][PASSED] - Object 'Object Repository/Admin Dashboard/Create Loan Manually/button_create' is visible

2018-06-06 12:16:42 - [TEST_STEP][PASSED] - click: Object: 'Object Repository/Admin Dashboard/Create Loan Manually/button_create' is clicked on

2018-06-06 12:16:43 - [MESSAGE][PASSED] - Object: 'Object Repository/Admin Dashboard/Create Loan Manually/button_create' is clicked on

2018-06-06 12:16:43 - [TEST_STEP][PASSED] - verifyElementPresent: Object 'Object Repository/Admin Dashboard/Create Loan Manually/msg_Loan created successfully' is present

2018-06-06 12:16:43 - [MESSAGE][PASSED] - Object 'Object Repository/Admin Dashboard/Create Loan Manually/msg_Loan created successfully' is present

2018-06-06 12:16:43 - [TEST_STEP][PASSED] - Start listener action : sampleAfterTestCase: Invoke 'com.kms.katalon.core.annotation.AfterTestCase' method: 'TestListeners.sampleAfterTestCase(...)' completed.

2018-06-06 12:16:43 - [TEST_STEP][PASSED] - Statement - println(testCaseContext.getTestCaseId()): null

2018-06-06 12:16:43 - [TEST_STEP][PASSED] - Statement - println(testCaseContext.getTestCaseStatus()): Invoke 'com.kms.katalon.core.annotation.AfterTestCase' method: 'TestListeners.sampleAfterTestCase(...)' completed.]]></system-out>
         <system-err><![CDATA[]]></system-err>
      </testcase>
      <system-out><![CDATA[2018-06-06 12:16:22 - [TEST_SUITE][PASSED] - Create Loan Manually Test Suite: Test Cases/Admin Dashboard/Verify Admin is able to Create Loan Manually]]></system-out>
      <system-err><![CDATA[]]></system-err>
   </testsuite>
</testsuites>
