<?xml version="1.0" encoding="UTF-8"?>
<testsuites name="New Test Suite" time="53" tests="3" failures="0" errors="0">
   <testsuite name="New Test Suite" tests="3" failures="0" errors="0" time="53" timestamp="2018-06-07 14:38:24" hostname="KalyaniK - KALYANIK.talentica-all.com" id="Test Suites/New Test Suite">
      <properties>
         <property name="deviceName" value=""/>
         <property name="devicePlatform" value=""/>
         <property name="logFolder" value="D:\\1_Roostify\\Automation\\Roo_Core\\Reports\\New Test Suite\\20180607_143822"/>
         <property name="logFiles" value="D:\\1_Roostify\\Automation\\Roo_Core\\Reports\\New Test Suite\\20180607_143822\\execution0.log"/>
         <property name="attachments" value=""/>
         <property name="hostName" value="KalyaniK - KALYANIK.talentica-all.com"/>
         <property name="os" value="Windows 7 64bit"/>
         <property name="katalonVersion" value="5.4.1.1"/>
         <property name="browser" value="Chrome 66.0.3359.181"/>
         <property name="hostAddress" value="172.19.19.84"/>
         <property name="sessionId" value="674dab4dd79171b8375c306b4f70bea0"/>
         <property name="seleniumVersion" value="3.7.1"/>
         <property name="proxyInformation" value="ProxyInformation{proxyOption=NO_PROXY, proxyServerType=HTTP, password=, proxyServerAddress=, proxyServerPort=0}"/>
         <property name="platform" value="Windows 7"/>
      </properties>
      <testcase name="Test Cases/Common/Login with different users" classname="Test Cases/Common/Login with different users" status="PASSED">
         <system-out><![CDATA[2018-06-07 14:38:24 - [TEST_CASE][PASSED] - Test Cases/Common/Login with different users: Test Cases/Common/Login with different users

2018-06-07 14:38:24 - [TEST_STEP][PASSED] - Start listener action : sampleBeforeTestCase: Current window maximized

2018-06-07 14:38:24 - [TEST_STEP][PASSED] - Statement - println(testCaseContext.getTestCaseId()): null

2018-06-07 14:38:24 - [TEST_STEP][PASSED] - Statement - println(testCaseContext.getTestCaseVariables()): null

2018-06-07 14:38:24 - [TEST_STEP][PASSED] - openBrowser: Browser is opened with url: 'https://roostify-navy-test.herokuapp.com/'

2018-06-07 14:38:32 - [MESSAGE][PASSED] - Browser is opened with url: 'https://roostify-navy-test.herokuapp.com/'

2018-06-07 14:38:32 - [TEST_STEP][PASSED] - maximizeWindow: Current window maximized

2018-06-07 14:38:33 - [MESSAGE][PASSED] - Current window maximized

2018-06-07 14:38:33 - [TEST_STEP][PASSED] - openBrowser: Browser is opened with url: ''

2018-06-07 14:38:33 - [MESSAGE][WARNING] - A browser is already opened. Closing browser and opening a new one

2018-06-07 14:38:35 - [MESSAGE][PASSED] - Browser is opened with url: ''

2018-06-07 14:38:35 - [TEST_STEP][PASSED] - navigateToUrl: Navigate to 'https://roostify-navy-test.herokuapp.com/users/sign_in' successfully

2018-06-07 14:38:40 - [MESSAGE][PASSED] - Navigate to 'https://roostify-navy-test.herokuapp.com/users/sign_in' successfully

2018-06-07 14:38:40 - [TEST_STEP][PASSED] - setText: Text 'kkachhi+test1@roostify.com' is set on object 'Object Repository/Login with different users/input_useremail'

2018-06-07 14:38:41 - [MESSAGE][PASSED] - Text 'kkachhi+test1@roostify.com' is set on object 'Object Repository/Login with different users/input_useremail'

2018-06-07 14:38:41 - [TEST_STEP][PASSED] - setText: Text 'Kal@3333' is set on object 'Object Repository/Login with different users/input_userpassword'

2018-06-07 14:38:41 - [MESSAGE][PASSED] - Text 'Kal@3333' is set on object 'Object Repository/Login with different users/input_userpassword'

2018-06-07 14:38:41 - [TEST_STEP][PASSED] - click: Object: 'Object Repository/Login with different users/span_Sign in' is clicked on

2018-06-07 14:38:41 - [MESSAGE][PASSED] - Object: 'Object Repository/Login with different users/span_Sign in' is clicked on

2018-06-07 14:38:41 - [TEST_STEP][PASSED] - closeBrowser: Browser is closed

2018-06-07 14:38:42 - [MESSAGE][PASSED] - Browser is closed

2018-06-07 14:38:42 - [TEST_STEP][PASSED] - Start listener action : sampleAfterTestCase: Invoke 'com.kms.katalon.core.annotation.AfterTestCase' method: 'TestListeners.sampleAfterTestCase(...)' completed.

2018-06-07 14:38:42 - [TEST_STEP][PASSED] - Statement - println(testCaseContext.getTestCaseId()): null

2018-06-07 14:38:42 - [TEST_STEP][PASSED] - Statement - println(testCaseContext.getTestCaseStatus()): Invoke 'com.kms.katalon.core.annotation.AfterTestCase' method: 'TestListeners.sampleAfterTestCase(...)' completed.]]></system-out>
         <system-err><![CDATA[]]></system-err>
      </testcase>
      <testcase name="Test Cases/Common/Login with different users" classname="Test Cases/Common/Login with different users" status="PASSED">
         <system-out><![CDATA[2018-06-07 14:38:44 - [TEST_CASE][PASSED] - Test Cases/Common/Login with different users: Test Cases/Common/Login with different users

2018-06-07 14:38:44 - [TEST_STEP][PASSED] - Start listener action : sampleBeforeTestCase: Current window maximized

2018-06-07 14:38:44 - [TEST_STEP][PASSED] - Statement - println(testCaseContext.getTestCaseId()): null

2018-06-07 14:38:44 - [TEST_STEP][PASSED] - Statement - println(testCaseContext.getTestCaseVariables()): null

2018-06-07 14:38:44 - [TEST_STEP][PASSED] - openBrowser: Browser is opened with url: 'https://roostify-navy-test.herokuapp.com/'

2018-06-07 14:38:50 - [MESSAGE][PASSED] - Browser is opened with url: 'https://roostify-navy-test.herokuapp.com/'

2018-06-07 14:38:50 - [TEST_STEP][PASSED] - maximizeWindow: Current window maximized

2018-06-07 14:38:51 - [MESSAGE][PASSED] - Current window maximized

2018-06-07 14:38:51 - [TEST_STEP][PASSED] - openBrowser: Browser is opened with url: ''

2018-06-07 14:38:51 - [MESSAGE][WARNING] - A browser is already opened. Closing browser and opening a new one

2018-06-07 14:38:53 - [MESSAGE][PASSED] - Browser is opened with url: ''

2018-06-07 14:38:53 - [TEST_STEP][PASSED] - navigateToUrl: Navigate to 'https://roostify-navy-test.herokuapp.com/users/sign_in' successfully

2018-06-07 14:38:58 - [MESSAGE][PASSED] - Navigate to 'https://roostify-navy-test.herokuapp.com/users/sign_in' successfully

2018-06-07 14:38:58 - [TEST_STEP][PASSED] - setText: Text 'kkachhi+test2@roostify.com' is set on object 'Object Repository/Login with different users/input_useremail'

2018-06-07 14:38:58 - [MESSAGE][PASSED] - Text 'kkachhi+test2@roostify.com' is set on object 'Object Repository/Login with different users/input_useremail'

2018-06-07 14:38:58 - [TEST_STEP][PASSED] - setText: Text 'Kal@3334' is set on object 'Object Repository/Login with different users/input_userpassword'

2018-06-07 14:38:58 - [MESSAGE][PASSED] - Text 'Kal@3334' is set on object 'Object Repository/Login with different users/input_userpassword'

2018-06-07 14:38:58 - [TEST_STEP][PASSED] - click: Object: 'Object Repository/Login with different users/span_Sign in' is clicked on

2018-06-07 14:38:58 - [MESSAGE][PASSED] - Object: 'Object Repository/Login with different users/span_Sign in' is clicked on

2018-06-07 14:38:58 - [TEST_STEP][PASSED] - closeBrowser: Browser is closed

2018-06-07 14:38:59 - [MESSAGE][PASSED] - Browser is closed

2018-06-07 14:38:59 - [TEST_STEP][PASSED] - Start listener action : sampleAfterTestCase: Invoke 'com.kms.katalon.core.annotation.AfterTestCase' method: 'TestListeners.sampleAfterTestCase(...)' completed.

2018-06-07 14:38:59 - [TEST_STEP][PASSED] - Statement - println(testCaseContext.getTestCaseId()): null

2018-06-07 14:38:59 - [TEST_STEP][PASSED] - Statement - println(testCaseContext.getTestCaseStatus()): Invoke 'com.kms.katalon.core.annotation.AfterTestCase' method: 'TestListeners.sampleAfterTestCase(...)' completed.]]></system-out>
         <system-err><![CDATA[]]></system-err>
      </testcase>
      <testcase name="Test Cases/Common/Login with different users" classname="Test Cases/Common/Login with different users" status="PASSED">
         <system-out><![CDATA[2018-06-07 14:39:01 - [TEST_CASE][PASSED] - Test Cases/Common/Login with different users: Test Cases/Common/Login with different users

2018-06-07 14:39:01 - [TEST_STEP][PASSED] - Start listener action : sampleBeforeTestCase: Current window maximized

2018-06-07 14:39:01 - [TEST_STEP][PASSED] - Statement - println(testCaseContext.getTestCaseId()): null

2018-06-07 14:39:01 - [TEST_STEP][PASSED] - Statement - println(testCaseContext.getTestCaseVariables()): null

2018-06-07 14:39:01 - [TEST_STEP][PASSED] - openBrowser: Browser is opened with url: 'https://roostify-navy-test.herokuapp.com/'

2018-06-07 14:39:07 - [MESSAGE][PASSED] - Browser is opened with url: 'https://roostify-navy-test.herokuapp.com/'

2018-06-07 14:39:07 - [TEST_STEP][PASSED] - maximizeWindow: Current window maximized

2018-06-07 14:39:08 - [MESSAGE][PASSED] - Current window maximized

2018-06-07 14:39:08 - [TEST_STEP][PASSED] - openBrowser: Browser is opened with url: ''

2018-06-07 14:39:08 - [MESSAGE][WARNING] - A browser is already opened. Closing browser and opening a new one

2018-06-07 14:39:10 - [MESSAGE][PASSED] - Browser is opened with url: ''

2018-06-07 14:39:10 - [TEST_STEP][PASSED] - navigateToUrl: Navigate to 'https://roostify-navy-test.herokuapp.com/users/sign_in' successfully

2018-06-07 14:39:14 - [MESSAGE][PASSED] - Navigate to 'https://roostify-navy-test.herokuapp.com/users/sign_in' successfully

2018-06-07 14:39:14 - [TEST_STEP][PASSED] - setText: Text 'kkachhi+test3@roostify.com' is set on object 'Object Repository/Login with different users/input_useremail'

2018-06-07 14:39:15 - [MESSAGE][PASSED] - Text 'kkachhi+test3@roostify.com' is set on object 'Object Repository/Login with different users/input_useremail'

2018-06-07 14:39:15 - [TEST_STEP][PASSED] - setText: Text 'Kal@3335' is set on object 'Object Repository/Login with different users/input_userpassword'

2018-06-07 14:39:15 - [MESSAGE][PASSED] - Text 'Kal@3335' is set on object 'Object Repository/Login with different users/input_userpassword'

2018-06-07 14:39:15 - [TEST_STEP][PASSED] - click: Object: 'Object Repository/Login with different users/span_Sign in' is clicked on

2018-06-07 14:39:15 - [MESSAGE][PASSED] - Object: 'Object Repository/Login with different users/span_Sign in' is clicked on

2018-06-07 14:39:15 - [TEST_STEP][PASSED] - closeBrowser: Browser is closed

2018-06-07 14:39:16 - [MESSAGE][PASSED] - Browser is closed

2018-06-07 14:39:16 - [TEST_STEP][PASSED] - Start listener action : sampleAfterTestCase: Invoke 'com.kms.katalon.core.annotation.AfterTestCase' method: 'TestListeners.sampleAfterTestCase(...)' completed.

2018-06-07 14:39:16 - [TEST_STEP][PASSED] - Statement - println(testCaseContext.getTestCaseId()): null

2018-06-07 14:39:16 - [TEST_STEP][PASSED] - Statement - println(testCaseContext.getTestCaseStatus()): Invoke 'com.kms.katalon.core.annotation.AfterTestCase' method: 'TestListeners.sampleAfterTestCase(...)' completed.]]></system-out>
         <system-err><![CDATA[]]></system-err>
      </testcase>
      <system-out><![CDATA[2018-06-07 14:38:24 - [TEST_SUITE][PASSED] - New Test Suite: Test Cases/Common/Login with different users]]></system-out>
      <system-err><![CDATA[]]></system-err>
   </testsuite>
</testsuites>
