<?xml version="1.0" encoding="UTF-8"?>
<testsuites name="Test Suite-Lender Invite Borrower_ Submit Loan Application" time="22" tests="1" failures="0" errors="0">
   <testsuite name="Test Suite-Lender Invite Borrower_ Submit Loan Application" tests="1" failures="0" errors="0" time="22" timestamp="2018-07-20 11:38:43" hostname="KalyaniK - KALYANIK.talentica-all.com" id="Test Suites/Test Suite-Lender Invite Borrower_ Submit Loan Application">
      <properties>
         <property name="deviceName" value=""/>
         <property name="devicePlatform" value=""/>
         <property name="logFolder" value="D:\\1_Roostify\\Automation\\Roo_Core\\Reports\\Test Suite-Lender Invite Borrower_ Submit Loan Application\\20180720_113532"/>
         <property name="logFiles" value="D:\\1_Roostify\\Automation\\Roo_Core\\Reports\\Test Suite-Lender Invite Borrower_ Submit Loan Application\\20180720_113532\\execution0.log"/>
         <property name="attachments" value="D:\\1_Roostify\\Automation\\Roo_Core\\Reports\\Test Suite-Lender Invite Borrower_ Submit Loan Application\\20180720_113532\\1532066937960.png"/>
         <property name="hostName" value="KalyaniK - KALYANIK.talentica-all.com"/>
         <property name="os" value="Windows 7 64bit"/>
         <property name="katalonVersion" value="5.4.1.1"/>
         <property name="browser" value="Chrome 67.0.3396.99"/>
         <property name="hostAddress" value="172.19.19.84"/>
         <property name="sessionId" value="0ff8cf63a8426cd2fe40442efb42752d"/>
         <property name="seleniumVersion" value="3.7.1"/>
         <property name="proxyInformation" value="ProxyInformation{proxyOption=NO_PROXY, proxyServerType=HTTP, password=, proxyServerAddress=, proxyServerPort=0}"/>
         <property name="platform" value="Windows 7"/>
      </properties>
      <testcase name="Test Cases/Admin Dashboard/Verify Admin is able to Invite Borrower" classname="Test Cases/Admin Dashboard/Verify Admin is able to Invite Borrower" status="PASSED">
         <system-out><![CDATA[2018-07-20 11:38:44 - [TEST_CASE][PASSED] - Test Cases/Admin Dashboard/Verify Admin is able to Invite Borrower: Test Cases/Admin Dashboard/Verify Admin is able to Invite Borrower

2018-07-20 11:38:44 - [TEST_STEP][PASSED] - Start listener action : sampleBeforeTestCase: Invoke 'com.kms.katalon.core.annotation.BeforeTestCase' method: 'TestListeners.sampleBeforeTestCase(...)' completed.

2018-07-20 11:38:44 - [TEST_STEP][PASSED] - Statement - println(testCaseContext.getTestCaseId()): null

2018-07-20 11:38:44 - [TEST_STEP][PASSED] - Statement - println(testCaseContext.getTestCaseVariables()): Invoke 'com.kms.katalon.core.annotation.BeforeTestCase' method: 'TestListeners.sampleBeforeTestCase(...)' completed.

2018-07-20 11:38:44 - [TEST_STEP][PASSED] - com.common.util.LoginHelper.LoginWithAdmin: com.common.util.LoginHelper.LoginWithAdmin is PASSED

2018-07-20 11:38:50 - [MESSAGE][PASSED] - Browser is opened with url: 'https://roostify-blueprint-dev.herokuapp.com/users/sign_in?a=blueprintdev'

2018-07-20 11:38:51 - [MESSAGE][PASSED] - Current window maximized

2018-07-20 11:38:51 - [MESSAGE][PASSED] - Wait for page load successfully

2018-07-20 11:38:51 - [MESSAGE][PASSED] - Text 'kkachhi+admin@roostify.com' is set on object 'Object Repository/Common/Sign In/input_useremail'

2018-07-20 11:38:51 - [MESSAGE][PASSED] - Text 'Kal@3333' is set on object 'Object Repository/Common/Sign In/input_userpassword'

2018-07-20 11:38:51 - [MESSAGE][PASSED] - Object: 'Object Repository/Common/Sign In/button_Sign in' is clicked on

2018-07-20 11:38:58 - [MESSAGE][WARNING] - com.kms.katalon.core.webui.exception.WebElementNotFoundException: Web element with id: 'Object Repository/Common/Sign In/div_Login_Popup' located by 'By.xpath: //div[@id = 'tutorial-borrower' and (text() = concat('

Application portal tutorial overlay





✕

Now, for some homework!



This space provides a secure way to:

  Complete critical tasks, like signing and providing documents
  Get updates about your loan’s progress
  
Communicate with your mortgage team and other folks you invite to participate


Together with your team, you’ll be moving your loan closer to the finish line.
Don’t worry, you’ll be notified by email of activity while you’re away.





Next







✕

Add Your Documents Online




The Tasks tab tells you what information or action we still need from you.
This is where you' , "'" , 'll provide the documents we need to process your loan, and sign important documents from us.


Click on a task to get started, and follow the directions to upload your documents.





Next







✕

Stay Up-to-Date




As your loan progresses through the key stages, you' , "'" , 'll see the latest activity posted in your Stream.


You can comment on activities, post a question or add another person like your Realtor to the transaction.
To add people, just click Invite a Collaborator.





Next







✕

We' , "'" , 're Here to Help




Your mortgage team can help answer questions you have along the way.
Use the Stream and the Chat to get in touch with us at any time.
We' , "'" , 're looking forward to working with you!





Done





') or . = concat('

Application portal tutorial overlay





✕

Now, for some homework!



This space provides a secure way to:

  Complete critical tasks, like signing and providing documents
  Get updates about your loan’s progress
  
Communicate with your mortgage team and other folks you invite to participate


Together with your team, you’ll be moving your loan closer to the finish line.
Don’t worry, you’ll be notified by email of activity while you’re away.





Next







✕

Add Your Documents Online




The Tasks tab tells you what information or action we still need from you.
This is where you' , "'" , 'll provide the documents we need to process your loan, and sign important documents from us.


Click on a task to get started, and follow the directions to upload your documents.





Next







✕

Stay Up-to-Date




As your loan progresses through the key stages, you' , "'" , 'll see the latest activity posted in your Stream.


You can comment on activities, post a question or add another person like your Realtor to the transaction.
To add people, just click Invite a Collaborator.





Next







✕

We' , "'" , 're Here to Help




Your mortgage team can help answer questions you have along the way.
Use the Stream and the Chat to get in touch with us at any time.
We' , "'" , 're looking forward to working with you!





Done





'))]' not found
[[ATTACHMENT|D:\\1_Roostify\\Automation\\Roo_Core\\Reports\\Test Suite-Lender Invite Borrower_ Submit Loan Application\\20180720_113532\\1532066937960.png]]

2018-07-20 11:38:58 - [MESSAGE][PASSED] - Object 'Object Repository/Common/Sign In/text_Dashboard Name' is present

2018-07-20 11:38:58 - [MESSAGE][PASSED] - Object 'Object Repository/Common/Sign In/text_Dashboard Name' is present

2018-07-20 11:38:58 - [MESSAGE][PASSED] - com.common.util.LoginHelper.LoginWithAdmin is PASSED

2018-07-20 11:38:58 - [TEST_STEP][PASSED] - waitForElementClickable: Object 'Object Repository/Admin Dashboard/Invite Borrower/tab_Invite Borrower' is clickable

2018-07-20 11:38:58 - [MESSAGE][PASSED] - Object 'Object Repository/Admin Dashboard/Invite Borrower/tab_Invite Borrower' is clickable

2018-07-20 11:38:58 - [TEST_STEP][PASSED] - click: Object: 'Object Repository/Admin Dashboard/Invite Borrower/tab_Invite Borrower' is clicked on

2018-07-20 11:38:58 - [MESSAGE][PASSED] - Object: 'Object Repository/Admin Dashboard/Invite Borrower/tab_Invite Borrower' is clicked on

2018-07-20 11:38:58 - [TEST_STEP][PASSED] - waitForElementVisible: Object 'Object Repository/Admin Dashboard/Invite Borrower/input_User Email' is visible

2018-07-20 11:38:59 - [MESSAGE][PASSED] - Object 'Object Repository/Admin Dashboard/Invite Borrower/input_User Email' is visible

2018-07-20 11:38:59 - [TEST_STEP][PASSED] - setText: Text 'kkachhi+test25@roostify.com' is set on object 'Object Repository/Admin Dashboard/Invite Borrower/input_User Email'

2018-07-20 11:38:59 - [MESSAGE][PASSED] - Text 'kkachhi+test25@roostify.com' is set on object 'Object Repository/Admin Dashboard/Invite Borrower/input_User Email'

2018-07-20 11:38:59 - [TEST_STEP][PASSED] - click: Object: 'Object Repository/Admin Dashboard/Invite Borrower/button_Invite' is clicked on

2018-07-20 11:39:02 - [MESSAGE][PASSED] - Object: 'Object Repository/Admin Dashboard/Invite Borrower/button_Invite' is clicked on

2018-07-20 11:39:02 - [TEST_STEP][PASSED] - Start listener action : sampleAfterTestCase: Invoke 'com.kms.katalon.core.annotation.AfterTestCase' method: 'TestListeners.sampleAfterTestCase(...)' completed.

2018-07-20 11:39:02 - [TEST_STEP][PASSED] - Statement - println(testCaseContext.getTestCaseId()): null

2018-07-20 11:39:02 - [TEST_STEP][PASSED] - Statement - println(testCaseContext.getTestCaseStatus()): Invoke 'com.kms.katalon.core.annotation.AfterTestCase' method: 'TestListeners.sampleAfterTestCase(...)' completed.]]></system-out>
         <system-err><![CDATA[]]></system-err>
      </testcase>
      <system-out><![CDATA[2018-07-20 11:38:43 - [TEST_SUITE][PASSED] - Test Suite-Lender Invite Borrower_ Submit Loan Application: Test Cases/Admin Dashboard/Verify Admin is able to Invite Borrower]]></system-out>
      <system-err><![CDATA[]]></system-err>
   </testsuite>
</testsuites>
