<?xml version="1.0" encoding="UTF-8"?>
<testsuites name="Login- Data driven" time="49" tests="3" failures="0" errors="0">
   <testsuite name="Login- Data driven" tests="3" failures="0" errors="0" time="49" timestamp="2018-06-13 17:48:37" hostname="KalyaniK - KALYANIK.talentica-all.com" id="Test Suites/Login- Data driven">
      <properties>
         <property name="deviceName" value=""/>
         <property name="devicePlatform" value=""/>
         <property name="logFolder" value="D:\\1_Roostify\\Automation\\Roo_Core\\Reports\\Login- Data driven\\20180613_174835"/>
         <property name="logFiles" value="D:\\1_Roostify\\Automation\\Roo_Core\\Reports\\Login- Data driven\\20180613_174835\\execution0.log, D:\\1_Roostify\\Automation\\Roo_Core\\Reports\\Login- Data driven\\20180613_174835\\IEDriverServer.log"/>
         <property name="attachments" value=""/>
         <property name="hostName" value="KalyaniK - KALYANIK.talentica-all.com"/>
         <property name="os" value="Windows 7 64bit"/>
         <property name="katalonVersion" value="5.4.1.1"/>
         <property name="browser" value="IE 11"/>
         <property name="hostAddress" value="172.19.19.84"/>
         <property name="sessionId" value="df83813e-537f-4099-98b1-1de5b42892d6"/>
         <property name="seleniumVersion" value="3.7.1"/>
         <property name="proxyInformation" value="ProxyInformation{proxyOption=NO_PROXY, proxyServerType=HTTP, password=, proxyServerAddress=, proxyServerPort=0}"/>
         <property name="platform" value="Windows 7"/>
      </properties>
      <testcase name="Test Cases/Common/Login with different users" classname="Test Cases/Common/Login with different users" status="PASSED">
         <system-out><![CDATA[2018-06-13 17:48:37 - [TEST_CASE][PASSED] - Test Cases/Common/Login with different users: Test Cases/Common/Login with different users

2018-06-13 17:48:37 - [TEST_STEP][PASSED] - Start listener action : sampleBeforeTestCase: Current window maximized

2018-06-13 17:48:37 - [TEST_STEP][PASSED] - Statement - println(testCaseContext.getTestCaseId()): null

2018-06-13 17:48:37 - [TEST_STEP][PASSED] - Statement - println(testCaseContext.getTestCaseVariables()): null

2018-06-13 17:48:37 - [TEST_STEP][PASSED] - openBrowser: Browser is opened with url: 'https://dev.roostify.com'

2018-06-13 17:48:53 - [MESSAGE][PASSED] - Browser is opened with url: 'https://dev.roostify.com'

2018-06-13 17:48:53 - [TEST_STEP][PASSED] - maximizeWindow: Current window maximized

2018-06-13 17:48:53 - [MESSAGE][PASSED] - Current window maximized

2018-06-13 17:48:53 - [TEST_STEP][PASSED] - navigateToUrl: Navigate to 'https://dev.roostify.com' successfully

2018-06-13 17:48:54 - [MESSAGE][PASSED] - Navigate to 'https://dev.roostify.com' successfully

2018-06-13 17:48:54 - [TEST_STEP][PASSED] - setText: Text 'kkachhi+test1@roostify.com' is set on object 'Object Repository/Login with different users/input_useremail'

2018-06-13 17:48:55 - [MESSAGE][PASSED] - Text 'kkachhi+test1@roostify.com' is set on object 'Object Repository/Login with different users/input_useremail'

2018-06-13 17:48:55 - [TEST_STEP][PASSED] - setText: Text 'Kal@3333' is set on object 'Object Repository/Login with different users/input_userpassword'

2018-06-13 17:48:56 - [MESSAGE][PASSED] - Text 'Kal@3333' is set on object 'Object Repository/Login with different users/input_userpassword'

2018-06-13 17:48:56 - [TEST_STEP][PASSED] - click: Object: 'Object Repository/Login with different users/span_Sign in' is clicked on

2018-06-13 17:48:57 - [MESSAGE][PASSED] - Object: 'Object Repository/Login with different users/span_Sign in' is clicked on

2018-06-13 17:48:57 - [TEST_STEP][PASSED] - closeBrowser: Browser is closed

2018-06-13 17:48:57 - [MESSAGE][PASSED] - Browser is closed

2018-06-13 17:48:57 - [TEST_STEP][PASSED] - Start listener action : sampleAfterTestCase: Invoke 'com.kms.katalon.core.annotation.AfterTestCase' method: 'TestListeners.sampleAfterTestCase(...)' completed.

2018-06-13 17:48:57 - [TEST_STEP][PASSED] - Statement - println(testCaseContext.getTestCaseId()): null

2018-06-13 17:48:57 - [TEST_STEP][PASSED] - Statement - println(testCaseContext.getTestCaseStatus()): Invoke 'com.kms.katalon.core.annotation.AfterTestCase' method: 'TestListeners.sampleAfterTestCase(...)' completed.]]></system-out>
         <system-err><![CDATA[]]></system-err>
      </testcase>
      <testcase name="Test Cases/Common/Login with different users" classname="Test Cases/Common/Login with different users" status="PASSED">
         <system-out><![CDATA[2018-06-13 17:48:59 - [TEST_CASE][PASSED] - Test Cases/Common/Login with different users: Test Cases/Common/Login with different users

2018-06-13 17:48:59 - [TEST_STEP][PASSED] - Start listener action : sampleBeforeTestCase: Current window maximized

2018-06-13 17:48:59 - [TEST_STEP][PASSED] - Statement - println(testCaseContext.getTestCaseId()): null

2018-06-13 17:48:59 - [TEST_STEP][PASSED] - Statement - println(testCaseContext.getTestCaseVariables()): null

2018-06-13 17:48:59 - [TEST_STEP][PASSED] - openBrowser: Browser is opened with url: 'https://dev.roostify.com'

2018-06-13 17:49:05 - [MESSAGE][PASSED] - Browser is opened with url: 'https://dev.roostify.com'

2018-06-13 17:49:05 - [TEST_STEP][PASSED] - maximizeWindow: Current window maximized

2018-06-13 17:49:05 - [MESSAGE][PASSED] - Current window maximized

2018-06-13 17:49:05 - [TEST_STEP][PASSED] - navigateToUrl: Navigate to 'https://dev.roostify.com' successfully

2018-06-13 17:49:08 - [MESSAGE][PASSED] - Navigate to 'https://dev.roostify.com' successfully

2018-06-13 17:49:08 - [TEST_STEP][PASSED] - setText: Text 'kkachhi+test2@roostify.com' is set on object 'Object Repository/Login with different users/input_useremail'

2018-06-13 17:49:09 - [MESSAGE][PASSED] - Text 'kkachhi+test2@roostify.com' is set on object 'Object Repository/Login with different users/input_useremail'

2018-06-13 17:49:09 - [TEST_STEP][PASSED] - setText: Text 'Kal@3334' is set on object 'Object Repository/Login with different users/input_userpassword'

2018-06-13 17:49:09 - [MESSAGE][PASSED] - Text 'Kal@3334' is set on object 'Object Repository/Login with different users/input_userpassword'

2018-06-13 17:49:09 - [TEST_STEP][PASSED] - click: Object: 'Object Repository/Login with different users/span_Sign in' is clicked on

2018-06-13 17:49:10 - [MESSAGE][PASSED] - Object: 'Object Repository/Login with different users/span_Sign in' is clicked on

2018-06-13 17:49:10 - [TEST_STEP][PASSED] - closeBrowser: Browser is closed

2018-06-13 17:49:11 - [MESSAGE][PASSED] - Browser is closed

2018-06-13 17:49:11 - [TEST_STEP][PASSED] - Start listener action : sampleAfterTestCase: Invoke 'com.kms.katalon.core.annotation.AfterTestCase' method: 'TestListeners.sampleAfterTestCase(...)' completed.

2018-06-13 17:49:11 - [TEST_STEP][PASSED] - Statement - println(testCaseContext.getTestCaseId()): null

2018-06-13 17:49:11 - [TEST_STEP][PASSED] - Statement - println(testCaseContext.getTestCaseStatus()): Invoke 'com.kms.katalon.core.annotation.AfterTestCase' method: 'TestListeners.sampleAfterTestCase(...)' completed.]]></system-out>
         <system-err><![CDATA[]]></system-err>
      </testcase>
      <testcase name="Test Cases/Common/Login with different users" classname="Test Cases/Common/Login with different users" status="PASSED">
         <system-out><![CDATA[2018-06-13 17:49:13 - [TEST_CASE][PASSED] - Test Cases/Common/Login with different users: Test Cases/Common/Login with different users

2018-06-13 17:49:13 - [TEST_STEP][PASSED] - Start listener action : sampleBeforeTestCase: Current window maximized

2018-06-13 17:49:13 - [TEST_STEP][PASSED] - Statement - println(testCaseContext.getTestCaseId()): null

2018-06-13 17:49:13 - [TEST_STEP][PASSED] - Statement - println(testCaseContext.getTestCaseVariables()): null

2018-06-13 17:49:13 - [TEST_STEP][PASSED] - openBrowser: Browser is opened with url: 'https://dev.roostify.com'

2018-06-13 17:49:19 - [MESSAGE][PASSED] - Browser is opened with url: 'https://dev.roostify.com'

2018-06-13 17:49:19 - [TEST_STEP][PASSED] - maximizeWindow: Current window maximized

2018-06-13 17:49:19 - [MESSAGE][PASSED] - Current window maximized

2018-06-13 17:49:19 - [TEST_STEP][PASSED] - navigateToUrl: Navigate to 'https://dev.roostify.com' successfully

2018-06-13 17:49:22 - [MESSAGE][PASSED] - Navigate to 'https://dev.roostify.com' successfully

2018-06-13 17:49:22 - [TEST_STEP][PASSED] - setText: Text 'kkachhi+test3@roostify.com' is set on object 'Object Repository/Login with different users/input_useremail'

2018-06-13 17:49:23 - [MESSAGE][PASSED] - Text 'kkachhi+test3@roostify.com' is set on object 'Object Repository/Login with different users/input_useremail'

2018-06-13 17:49:23 - [TEST_STEP][PASSED] - setText: Text 'Kal@3335' is set on object 'Object Repository/Login with different users/input_userpassword'

2018-06-13 17:49:23 - [MESSAGE][PASSED] - Text 'Kal@3335' is set on object 'Object Repository/Login with different users/input_userpassword'

2018-06-13 17:49:23 - [TEST_STEP][PASSED] - click: Object: 'Object Repository/Login with different users/span_Sign in' is clicked on

2018-06-13 17:49:24 - [MESSAGE][PASSED] - Object: 'Object Repository/Login with different users/span_Sign in' is clicked on

2018-06-13 17:49:24 - [TEST_STEP][PASSED] - closeBrowser: Browser is closed

2018-06-13 17:49:25 - [MESSAGE][PASSED] - Browser is closed

2018-06-13 17:49:25 - [TEST_STEP][PASSED] - Start listener action : sampleAfterTestCase: Invoke 'com.kms.katalon.core.annotation.AfterTestCase' method: 'TestListeners.sampleAfterTestCase(...)' completed.

2018-06-13 17:49:25 - [TEST_STEP][PASSED] - Statement - println(testCaseContext.getTestCaseId()): null

2018-06-13 17:49:25 - [TEST_STEP][PASSED] - Statement - println(testCaseContext.getTestCaseStatus()): Invoke 'com.kms.katalon.core.annotation.AfterTestCase' method: 'TestListeners.sampleAfterTestCase(...)' completed.]]></system-out>
         <system-err><![CDATA[]]></system-err>
      </testcase>
      <system-out><![CDATA[2018-06-13 17:48:37 - [TEST_SUITE][PASSED] - Login- Data driven: Test Cases/Common/Login with different users]]></system-out>
      <system-err><![CDATA[]]></system-err>
   </testsuite>
</testsuites>
