<?xml version="1.0" encoding="UTF-8"?>
<testsuites name="Test Suite-Lender Submit Loan Application onbehalf of Borrower (Add Loan Manually)" time="130" tests="1" failures="0" errors="0">
   <testsuite name="Test Suite-Lender Submit Loan Application onbehalf of Borrower (Add Loan Manually)" tests="1" failures="0" errors="0" time="130" timestamp="2018-07-20 15:12:28" hostname="KalyaniK - KALYANIK.talentica-all.com" id="Test Suites/Test Suite-Lender Submit Loan Application onbehalf of Borrower (Add Loan Manually)">
      <properties>
         <property name="deviceName" value=""/>
         <property name="devicePlatform" value=""/>
         <property name="logFolder" value="D:\\1_Roostify\\Automation\\Roo_Core\\Reports\\Test Suite-Lender Submit Loan Application onbehalf of Borrower (Add Loan Manually)\\20180720_151226"/>
         <property name="logFiles" value="D:\\1_Roostify\\Automation\\Roo_Core\\Reports\\Test Suite-Lender Submit Loan Application onbehalf of Borrower (Add Loan Manually)\\20180720_151226\\execution0.log"/>
         <property name="attachments" value="D:\\1_Roostify\\Automation\\Roo_Core\\Reports\\Test Suite-Lender Submit Loan Application onbehalf of Borrower (Add Loan Manually)\\20180720_151226\\1532079763565.png"/>
         <property name="hostName" value="KalyaniK - KALYANIK.talentica-all.com"/>
         <property name="os" value="Windows 7 64bit"/>
         <property name="katalonVersion" value="5.4.1.1"/>
         <property name="browser" value="Chrome 67.0.3396.99"/>
         <property name="hostAddress" value="172.19.19.84"/>
         <property name="sessionId" value="ecad0515a903c0916bf0fd12f44b9ee7"/>
         <property name="seleniumVersion" value="3.7.1"/>
         <property name="proxyInformation" value="ProxyInformation{proxyOption=NO_PROXY, proxyServerType=HTTP, password=, proxyServerAddress=, proxyServerPort=0}"/>
         <property name="platform" value="Windows 7"/>
      </properties>
      <testcase name="Test Cases/Loan Submission/Lender Submit Loan Application on behalf of Borrower (Add Loan Manually)" classname="Test Cases/Loan Submission/Lender Submit Loan Application on behalf of Borrower (Add Loan Manually)" status="PASSED">
         <system-out><![CDATA[2018-07-20 15:12:28 - [TEST_CASE][PASSED] - Test Cases/Loan Submission/Lender Submit Loan Application on behalf of Borrower (Add Loan Manually): Test Cases/Loan Submission/Lender Submit Loan Application on behalf of Borrower (Add Loan Manually)

2018-07-20 15:12:28 - [TEST_STEP][PASSED] - Start listener action : sampleBeforeTestCase: Invoke 'com.kms.katalon.core.annotation.BeforeTestCase' method: 'TestListeners.sampleBeforeTestCase(...)' completed.

2018-07-20 15:12:28 - [TEST_STEP][PASSED] - Statement - println(testCaseContext.getTestCaseId()): null

2018-07-20 15:12:28 - [TEST_STEP][PASSED] - Statement - println(testCaseContext.getTestCaseVariables()): Invoke 'com.kms.katalon.core.annotation.BeforeTestCase' method: 'TestListeners.sampleBeforeTestCase(...)' completed.

2018-07-20 15:12:28 - [TEST_STEP][PASSED] - callTestCase: Call Test Case 'Test Cases/Admin Dashboard/Verify Admin is able to Create Loan Manually' successfully

2018-07-20 15:12:28 - [TEST_CASE][PASSED] - Test Cases/Admin Dashboard/Verify Admin is able to Create Loan Manually: Test Cases/Admin Dashboard/Verify Admin is able to Create Loan Manually

2018-07-20 15:12:29 - [TEST_STEP][PASSED] - com.common.util.LoginHelper.LoginWithAdmin: com.common.util.LoginHelper.LoginWithAdmin is PASSED

2018-07-20 15:12:36 - [MESSAGE][PASSED] - Browser is opened with url: 'https://roostify-blueprint-dev.herokuapp.com/users/sign_in?a=blueprintdev'

2018-07-20 15:12:36 - [MESSAGE][PASSED] - Current window maximized

2018-07-20 15:12:37 - [MESSAGE][PASSED] - Wait for page load successfully

2018-07-20 15:12:37 - [MESSAGE][PASSED] - Text 'kkachhi+admin@roostify.com' is set on object 'Object Repository/Common/Sign In/input_useremail'

2018-07-20 15:12:37 - [MESSAGE][PASSED] - Text 'Kal@3333' is set on object 'Object Repository/Common/Sign In/input_userpassword'

2018-07-20 15:12:37 - [MESSAGE][PASSED] - Object: 'Object Repository/Common/Sign In/button_Sign in' is clicked on

2018-07-20 15:12:43 - [MESSAGE][WARNING] - com.kms.katalon.core.webui.exception.WebElementNotFoundException: Web element with id: 'Object Repository/Common/Sign In/div_Login_Popup' located by 'By.xpath: //div[@id = 'tutorial-borrower' and (text() = concat('

Application portal tutorial overlay





✕

Now, for some homework!



This space provides a secure way to:

  Complete critical tasks, like signing and providing documents
  Get updates about your loan’s progress
  
Communicate with your mortgage team and other folks you invite to participate


Together with your team, you’ll be moving your loan closer to the finish line.
Don’t worry, you’ll be notified by email of activity while you’re away.





Next







✕

Add Your Documents Online




The Tasks tab tells you what information or action we still need from you.
This is where you' , "'" , 'll provide the documents we need to process your loan, and sign important documents from us.


Click on a task to get started, and follow the directions to upload your documents.





Next







✕

Stay Up-to-Date




As your loan progresses through the key stages, you' , "'" , 'll see the latest activity posted in your Stream.


You can comment on activities, post a question or add another person like your Realtor to the transaction.
To add people, just click Invite a Collaborator.





Next







✕

We' , "'" , 're Here to Help




Your mortgage team can help answer questions you have along the way.
Use the Stream and the Chat to get in touch with us at any time.
We' , "'" , 're looking forward to working with you!





Done





') or . = concat('

Application portal tutorial overlay





✕

Now, for some homework!



This space provides a secure way to:

  Complete critical tasks, like signing and providing documents
  Get updates about your loan’s progress
  
Communicate with your mortgage team and other folks you invite to participate


Together with your team, you’ll be moving your loan closer to the finish line.
Don’t worry, you’ll be notified by email of activity while you’re away.





Next







✕

Add Your Documents Online




The Tasks tab tells you what information or action we still need from you.
This is where you' , "'" , 'll provide the documents we need to process your loan, and sign important documents from us.


Click on a task to get started, and follow the directions to upload your documents.





Next







✕

Stay Up-to-Date




As your loan progresses through the key stages, you' , "'" , 'll see the latest activity posted in your Stream.


You can comment on activities, post a question or add another person like your Realtor to the transaction.
To add people, just click Invite a Collaborator.





Next







✕

We' , "'" , 're Here to Help




Your mortgage team can help answer questions you have along the way.
Use the Stream and the Chat to get in touch with us at any time.
We' , "'" , 're looking forward to working with you!





Done





'))]' not found
[[ATTACHMENT|D:\\1_Roostify\\Automation\\Roo_Core\\Reports\\Test Suite-Lender Submit Loan Application onbehalf of Borrower (Add Loan Manually)\\20180720_151226\\1532079763565.png]]

2018-07-20 15:12:43 - [MESSAGE][PASSED] - Object 'Object Repository/Common/Sign In/text_Dashboard Name' is present

2018-07-20 15:12:43 - [MESSAGE][PASSED] - Object 'Object Repository/Common/Sign In/text_Dashboard Name' is present

2018-07-20 15:12:43 - [MESSAGE][PASSED] - com.common.util.LoginHelper.LoginWithAdmin is PASSED

2018-07-20 15:12:43 - [TEST_STEP][PASSED] - click: Object: 'Object Repository/Admin Dashboard/Create Loan Manually/tab_Add Loan Manually' is clicked on

2018-07-20 15:12:44 - [MESSAGE][PASSED] - Object: 'Object Repository/Admin Dashboard/Create Loan Manually/tab_Add Loan Manually' is clicked on

2018-07-20 15:12:44 - [TEST_STEP][PASSED] - waitForElementVisible: Object 'Object Repository/Admin Dashboard/Create Loan Manually/input_email' is visible

2018-07-20 15:12:44 - [MESSAGE][PASSED] - Object 'Object Repository/Admin Dashboard/Create Loan Manually/input_email' is visible

2018-07-20 15:12:44 - [TEST_STEP][PASSED] - setText: Text 'kkachhi+test32@roostify.com' is set on object 'Object Repository/Admin Dashboard/Create Loan Manually/input_email'

2018-07-20 15:12:44 - [MESSAGE][PASSED] - Text 'kkachhi+test32@roostify.com' is set on object 'Object Repository/Admin Dashboard/Create Loan Manually/input_email'

2018-07-20 15:12:44 - [TEST_STEP][PASSED] - setText: Text 'Kaly3' is set on object 'Object Repository/Admin Dashboard/Create Loan Manually/input_first_name'

2018-07-20 15:12:44 - [MESSAGE][PASSED] - Text 'Kaly3' is set on object 'Object Repository/Admin Dashboard/Create Loan Manually/input_first_name'

2018-07-20 15:12:44 - [TEST_STEP][PASSED] - setText: Text 'Kachhi' is set on object 'Object Repository/Admin Dashboard/Create Loan Manually/input_last_name'

2018-07-20 15:12:45 - [MESSAGE][PASSED] - Text 'Kachhi' is set on object 'Object Repository/Admin Dashboard/Create Loan Manually/input_last_name'

2018-07-20 15:12:45 - [TEST_STEP][PASSED] - waitForElementVisible: Object 'Object Repository/Admin Dashboard/Create Loan Manually/button_create' is visible

2018-07-20 15:12:45 - [MESSAGE][PASSED] - Object 'Object Repository/Admin Dashboard/Create Loan Manually/button_create' is visible

2018-07-20 15:12:45 - [TEST_STEP][PASSED] - click: Object: 'Object Repository/Admin Dashboard/Create Loan Manually/button_create' is clicked on

2018-07-20 15:12:45 - [MESSAGE][PASSED] - Object: 'Object Repository/Admin Dashboard/Create Loan Manually/button_create' is clicked on

2018-07-20 15:12:45 - [TEST_STEP][PASSED] - verifyElementPresent: Object 'Object Repository/Admin Dashboard/Create Loan Manually/msg_Loan created successfully' is present

2018-07-20 15:12:45 - [MESSAGE][PASSED] - Object 'Object Repository/Admin Dashboard/Create Loan Manually/msg_Loan created successfully' is present

2018-07-20 15:12:45 - [MESSAGE][PASSED] - Call Test Case 'Test Cases/Admin Dashboard/Verify Admin is able to Create Loan Manually' successfully

2018-07-20 15:12:45 - [TEST_STEP][PASSED] - refresh: Refresh successfully

2018-07-20 15:12:47 - [MESSAGE][PASSED] - Refresh successfully

2018-07-20 15:12:47 - [TEST_STEP][PASSED] - waitForPageLoad: Wait for page load successfully

2018-07-20 15:12:47 - [MESSAGE][PASSED] - Wait for page load successfully

2018-07-20 15:12:47 - [TEST_STEP][PASSED] - waitForElementClickable: Object 'Object Repository/Admin Dashboard/icon-ContinueOnBehalfOfBorrower' is clickable

2018-07-20 15:12:47 - [MESSAGE][PASSED] - Object 'Object Repository/Admin Dashboard/icon-ContinueOnBehalfOfBorrower' is clickable

2018-07-20 15:12:47 - [TEST_STEP][PASSED] - click: Object: 'Object Repository/Admin Dashboard/icon-ContinueOnBehalfOfBorrower' is clicked on

2018-07-20 15:12:49 - [MESSAGE][PASSED] - Object: 'Object Repository/Admin Dashboard/icon-ContinueOnBehalfOfBorrower' is clicked on

2018-07-20 15:12:49 - [TEST_STEP][PASSED] - callTestCase: Call Test Case 'Test Cases/Loan Pages/Borrower Details' successfully

2018-07-20 15:12:49 - [TEST_CASE][PASSED] - Test Cases/Loan Pages/Borrower Details: Test Cases/Loan Pages/Borrower Details

2018-07-20 15:12:50 - [TEST_STEP][PASSED] - click: Object: 'Object Repository/Loan Pages/Borrower Details/button_Continue' is clicked on

2018-07-20 15:12:50 - [MESSAGE][PASSED] - Object: 'Object Repository/Loan Pages/Borrower Details/button_Continue' is clicked on

2018-07-20 15:12:50 - [TEST_STEP][PASSED] - click: Object: 'Object Repository/Loan Pages/Borrower Details/button_Next' is clicked on

2018-07-20 15:12:52 - [MESSAGE][PASSED] - Object: 'Object Repository/Loan Pages/Borrower Details/button_Next' is clicked on

2018-07-20 15:12:52 - [TEST_STEP][PASSED] - setText: Text '3456789324' is set on object 'Object Repository/Loan Pages/Borrower Details/input_Primary_Phone'

2018-07-20 15:12:53 - [MESSAGE][PASSED] - Text '3456789324' is set on object 'Object Repository/Loan Pages/Borrower Details/input_Primary_Phone'

2018-07-20 15:12:53 - [TEST_STEP][PASSED] - click: Object: 'Object Repository/Loan Pages/Borrower Details/button_Next' is clicked on

2018-07-20 15:12:54 - [MESSAGE][PASSED] - Object: 'Object Repository/Loan Pages/Borrower Details/button_Next' is clicked on

2018-07-20 15:12:54 - [TEST_STEP][PASSED] - selectOptionByValue: All options with value '10' are selected in object 'Object Repository/Loan Pages/Borrower Details/select_Birth_Month'  using regular expression

2018-07-20 15:12:55 - [MESSAGE][PASSED] - All options with value '10' are selected in object 'Object Repository/Loan Pages/Borrower Details/select_Birth_Month'  using regular expression

2018-07-20 15:12:55 - [TEST_STEP][PASSED] - selectOptionByValue: All options with value '6' are selected in object 'Object Repository/Loan Pages/Borrower Details/select_Birth_Date'  using regular expression

2018-07-20 15:12:56 - [MESSAGE][PASSED] - All options with value '6' are selected in object 'Object Repository/Loan Pages/Borrower Details/select_Birth_Date'  using regular expression

2018-07-20 15:12:56 - [TEST_STEP][PASSED] - selectOptionByValue: All options with value '1990' are selected in object 'Object Repository/Loan Pages/Borrower Details/select_Birth_Year'  using regular expression

2018-07-20 15:12:56 - [MESSAGE][PASSED] - All options with value '1990' are selected in object 'Object Repository/Loan Pages/Borrower Details/select_Birth_Year'  using regular expression

2018-07-20 15:12:56 - [TEST_STEP][PASSED] - click: Object: 'Object Repository/Loan Pages/Borrower Details/button_Next' is clicked on

2018-07-20 15:12:57 - [MESSAGE][PASSED] - Object: 'Object Repository/Loan Pages/Borrower Details/button_Next' is clicked on

2018-07-20 15:12:57 - [TEST_STEP][PASSED] - waitForPageLoad: Wait for page load successfully

2018-07-20 15:12:57 - [MESSAGE][PASSED] - Wait for page load successfully

2018-07-20 15:12:57 - [TEST_STEP][PASSED] - setText: Text '452 Holly Lane  Hopewell' is set on object 'Object Repository/Loan Pages/Borrower Details/input_Address1'

2018-07-20 15:13:00 - [MESSAGE][PASSED] - Text '452 Holly Lane  Hopewell' is set on object 'Object Repository/Loan Pages/Borrower Details/input_Address1'

2018-07-20 15:13:00 - [TEST_STEP][PASSED] - setText: Text 'Hopewell' is set on object 'Object Repository/Loan Pages/Borrower Details/input_Address2'

2018-07-20 15:13:01 - [MESSAGE][PASSED] - Text 'Hopewell' is set on object 'Object Repository/Loan Pages/Borrower Details/input_Address2'

2018-07-20 15:13:01 - [TEST_STEP][PASSED] - selectOptionByValue: All options with value 'VT' are selected in object 'Object Repository/Loan Pages/Borrower Details/select_State'  using regular expression

2018-07-20 15:13:01 - [MESSAGE][PASSED] - All options with value 'VT' are selected in object 'Object Repository/Loan Pages/Borrower Details/select_State'  using regular expression

2018-07-20 15:13:01 - [TEST_STEP][PASSED] - setText: Text '23860' is set on object 'Object Repository/Loan Pages/Borrower Details/input_Zipcode'

2018-07-20 15:13:01 - [MESSAGE][PASSED] - Text '23860' is set on object 'Object Repository/Loan Pages/Borrower Details/input_Zipcode'

2018-07-20 15:13:01 - [TEST_STEP][PASSED] - selectOptionByValue: All options with value '9' are selected in object 'Object Repository/Loan Pages/Borrower Details/select_Month_Starting_from'  using regular expression

2018-07-20 15:13:02 - [MESSAGE][PASSED] - All options with value '9' are selected in object 'Object Repository/Loan Pages/Borrower Details/select_Month_Starting_from'  using regular expression

2018-07-20 15:13:02 - [TEST_STEP][PASSED] - selectOptionByValue: All options with value '2016' are selected in object 'Object Repository/Loan Pages/Borrower Details/select_Year_Starting_from'  using regular expression

2018-07-20 15:13:02 - [MESSAGE][PASSED] - All options with value '2016' are selected in object 'Object Repository/Loan Pages/Borrower Details/select_Year_Starting_from'  using regular expression

2018-07-20 15:13:02 - [TEST_STEP][PASSED] - click: Object: 'Object Repository/Loan Pages/Borrower Details/button_Yes' is clicked on

2018-07-20 15:13:02 - [MESSAGE][PASSED] - Object: 'Object Repository/Loan Pages/Borrower Details/button_Yes' is clicked on

2018-07-20 15:13:02 - [TEST_STEP][PASSED] - click: Object: 'Object Repository/Loan Pages/Borrower Details/button_Next' is clicked on

2018-07-20 15:13:02 - [MESSAGE][PASSED] - Object: 'Object Repository/Loan Pages/Borrower Details/button_Next' is clicked on

2018-07-20 15:13:02 - [TEST_STEP][PASSED] - click: Object: 'Object Repository/Loan Pages/Borrower Details/checkbox_other_mailing_address' is clicked on

2018-07-20 15:13:04 - [MESSAGE][PASSED] - Object: 'Object Repository/Loan Pages/Borrower Details/checkbox_other_mailing_address' is clicked on

2018-07-20 15:13:04 - [TEST_STEP][PASSED] - click: Object: 'Object Repository/Loan Pages/Borrower Details/button_Next' is clicked on

2018-07-20 15:13:04 - [MESSAGE][PASSED] - Object: 'Object Repository/Loan Pages/Borrower Details/button_Next' is clicked on

2018-07-20 15:13:04 - [TEST_STEP][PASSED] - click: Object: 'Object Repository/Loan Pages/Borrower Details/checkbox_has_coborrower' is clicked on

2018-07-20 15:13:06 - [MESSAGE][PASSED] - Object: 'Object Repository/Loan Pages/Borrower Details/checkbox_has_coborrower' is clicked on

2018-07-20 15:13:06 - [TEST_STEP][PASSED] - click: Object: 'Object Repository/Loan Pages/Borrower Details/button_Next' is clicked on

2018-07-20 15:13:06 - [MESSAGE][PASSED] - Object: 'Object Repository/Loan Pages/Borrower Details/button_Next' is clicked on

2018-07-20 15:13:06 - [TEST_STEP][PASSED] - waitForPageLoad: Wait for page load successfully

2018-07-20 15:13:06 - [MESSAGE][PASSED] - Wait for page load successfully

2018-07-20 15:13:06 - [TEST_STEP][PASSED] - waitForElementClickable: Object 'Object Repository/Loan Pages/Borrower Details/button_Back' is clickable

2018-07-20 15:13:07 - [MESSAGE][PASSED] - Object 'Object Repository/Loan Pages/Borrower Details/button_Back' is clickable

2018-07-20 15:13:07 - [MESSAGE][PASSED] - Call Test Case 'Test Cases/Loan Pages/Borrower Details' successfully

2018-07-20 15:13:07 - [TEST_STEP][PASSED] - callTestCase: Call Test Case 'Test Cases/Loan Pages/Loan Details' successfully

2018-07-20 15:13:07 - [TEST_CASE][PASSED] - Test Cases/Loan Pages/Loan Details: Test Cases/Loan Pages/Loan Details

2018-07-20 15:13:07 - [TEST_STEP][PASSED] - click: Object: 'Object Repository/Loan Pages/Loan Details/Loan Tab' is clicked on

2018-07-20 15:13:08 - [MESSAGE][PASSED] - Object: 'Object Repository/Loan Pages/Loan Details/Loan Tab' is clicked on

2018-07-20 15:13:08 - [TEST_STEP][PASSED] - click: Object: 'Object Repository/Loan Pages/Loan Details/button_Next' is clicked on

2018-07-20 15:13:09 - [MESSAGE][PASSED] - Object: 'Object Repository/Loan Pages/Loan Details/button_Next' is clicked on

2018-07-20 15:13:09 - [TEST_STEP][PASSED] - waitForPageLoad: Wait for page load successfully

2018-07-20 15:13:09 - [MESSAGE][PASSED] - Wait for page load successfully

2018-07-20 15:13:09 - [TEST_STEP][PASSED] - click: Object: 'Object Repository/Loan Pages/Loan Details/input_home_purchase_checkbox' is clicked on

2018-07-20 15:13:11 - [MESSAGE][PASSED] - Object: 'Object Repository/Loan Pages/Loan Details/input_home_purchase_checkbox' is clicked on

2018-07-20 15:13:11 - [TEST_STEP][PASSED] - click: Object: 'Object Repository/Loan Pages/Loan Details/button_Next' is clicked on

2018-07-20 15:13:11 - [MESSAGE][PASSED] - Object: 'Object Repository/Loan Pages/Loan Details/button_Next' is clicked on

2018-07-20 15:13:11 - [TEST_STEP][PASSED] - waitForPageLoad: Wait for page load successfully

2018-07-20 15:13:11 - [MESSAGE][PASSED] - Wait for page load successfully

2018-07-20 15:13:11 - [TEST_STEP][PASSED] - click: Object: 'Object Repository/Loan Pages/Loan Details/input_loan_application_lead_st' is clicked on

2018-07-20 15:13:13 - [MESSAGE][PASSED] - Object: 'Object Repository/Loan Pages/Loan Details/input_loan_application_lead_st' is clicked on

2018-07-20 15:13:13 - [TEST_STEP][PASSED] - click: Object: 'Object Repository/Loan Pages/Loan Details/button_Next (1)' is clicked on

2018-07-20 15:13:13 - [MESSAGE][PASSED] - Object: 'Object Repository/Loan Pages/Loan Details/button_Next (1)' is clicked on

2018-07-20 15:13:13 - [TEST_STEP][PASSED] - selectOptionByValue: All options with value 'AL' are selected in object 'Object Repository/Loan Pages/Loan Details/select_State_Loan'  using regular expression

2018-07-20 15:13:15 - [MESSAGE][PASSED] - All options with value 'AL' are selected in object 'Object Repository/Loan Pages/Loan Details/select_State_Loan'  using regular expression

2018-07-20 15:13:15 - [TEST_STEP][PASSED] - setText: Text 'vegas' is set on object 'Object Repository/Loan Pages/Loan Details/input_loan_City'

2018-07-20 15:13:15 - [MESSAGE][PASSED] - Text 'vegas' is set on object 'Object Repository/Loan Pages/Loan Details/input_loan_City'

2018-07-20 15:13:15 - [TEST_STEP][NOT_RUN] - selectOptionByValue: NOT_RUN: selectOptionByValue

2018-07-20 15:13:15 - [MESSAGE][NOT_RUN] - NOT_RUN: selectOptionByValue

2018-07-20 15:13:15 - [TEST_STEP][PASSED] - click: Object: 'Object Repository/Loan Pages/Loan Details/button_Next (1)' is clicked on

2018-07-20 15:13:15 - [MESSAGE][PASSED] - Object: 'Object Repository/Loan Pages/Loan Details/button_Next (1)' is clicked on

2018-07-20 15:13:15 - [TEST_STEP][PASSED] - waitForPageLoad: Wait for page load successfully

2018-07-20 15:13:15 - [MESSAGE][PASSED] - Wait for page load successfully

2018-07-20 15:13:15 - [TEST_STEP][PASSED] - setText: Text '5' is set on object 'Object Repository/Loan Pages/Loan Details/input_Down Payment Percentage (1)'

2018-07-20 15:13:17 - [MESSAGE][PASSED] - Text '5' is set on object 'Object Repository/Loan Pages/Loan Details/input_Down Payment Percentage (1)'

2018-07-20 15:13:17 - [TEST_STEP][PASSED] - click: Object: 'Object Repository/Loan Pages/Loan Details/button_Next (1)' is clicked on

2018-07-20 15:13:17 - [MESSAGE][PASSED] - Object: 'Object Repository/Loan Pages/Loan Details/button_Next (1)' is clicked on

2018-07-20 15:13:17 - [TEST_STEP][PASSED] - click: Object: 'Object Repository/Loan Pages/Loan Details/input_loan_application_mortgag' is clicked on

2018-07-20 15:13:19 - [MESSAGE][PASSED] - Object: 'Object Repository/Loan Pages/Loan Details/input_loan_application_mortgag' is clicked on

2018-07-20 15:13:19 - [TEST_STEP][PASSED] - click: Object: 'Object Repository/Loan Pages/Loan Details/button_Next (1)' is clicked on

2018-07-20 15:13:19 - [MESSAGE][PASSED] - Object: 'Object Repository/Loan Pages/Loan Details/button_Next (1)' is clicked on

2018-07-20 15:13:19 - [TEST_STEP][PASSED] - click: Object: 'Object Repository/Loan Pages/Loan Details/input_loan_application_loan_ty' is clicked on

2018-07-20 15:13:20 - [MESSAGE][PASSED] - Object: 'Object Repository/Loan Pages/Loan Details/input_loan_application_loan_ty' is clicked on

2018-07-20 15:13:20 - [TEST_STEP][PASSED] - click: Object: 'Object Repository/Loan Pages/Loan Details/button_Next (1)' is clicked on

2018-07-20 15:13:20 - [MESSAGE][PASSED] - Object: 'Object Repository/Loan Pages/Loan Details/button_Next (1)' is clicked on

2018-07-20 15:13:20 - [TEST_STEP][PASSED] - click: Object: 'Object Repository/Loan Pages/Loan Details/input_loan_application_propert' is clicked on

2018-07-20 15:13:22 - [MESSAGE][PASSED] - Object: 'Object Repository/Loan Pages/Loan Details/input_loan_application_propert' is clicked on

2018-07-20 15:13:22 - [TEST_STEP][PASSED] - click: Object: 'Object Repository/Loan Pages/Loan Details/button_Next (1)' is clicked on

2018-07-20 15:13:22 - [MESSAGE][PASSED] - Object: 'Object Repository/Loan Pages/Loan Details/button_Next (1)' is clicked on

2018-07-20 15:13:22 - [TEST_STEP][PASSED] - click: Object: 'Object Repository/Loan Pages/Loan Details/input_loan_application_down_pa' is clicked on

2018-07-20 15:13:24 - [MESSAGE][PASSED] - Object: 'Object Repository/Loan Pages/Loan Details/input_loan_application_down_pa' is clicked on

2018-07-20 15:13:24 - [TEST_STEP][PASSED] - click: Object: 'Object Repository/Loan Pages/Loan Details/button_Next (1)' is clicked on

2018-07-20 15:13:24 - [MESSAGE][PASSED] - Object: 'Object Repository/Loan Pages/Loan Details/button_Next (1)' is clicked on

2018-07-20 15:13:24 - [TEST_STEP][PASSED] - click: Object: 'Object Repository/Loan Pages/Loan Details/input_loan_application_amortiz' is clicked on

2018-07-20 15:13:25 - [MESSAGE][PASSED] - Object: 'Object Repository/Loan Pages/Loan Details/input_loan_application_amortiz' is clicked on

2018-07-20 15:13:25 - [TEST_STEP][PASSED] - click: Object: 'Object Repository/Loan Pages/Loan Details/button_Next (1)' is clicked on

2018-07-20 15:13:26 - [MESSAGE][PASSED] - Object: 'Object Repository/Loan Pages/Loan Details/button_Next (1)' is clicked on

2018-07-20 15:13:26 - [TEST_STEP][PASSED] - waitForPageLoad: Wait for page load successfully

2018-07-20 15:13:26 - [MESSAGE][PASSED] - Wait for page load successfully

2018-07-20 15:13:26 - [TEST_STEP][PASSED] - waitForElementClickable: Object 'Object Repository/Loan Pages/Loan Details/button_Back' is clickable

2018-07-20 15:13:27 - [MESSAGE][PASSED] - Object 'Object Repository/Loan Pages/Loan Details/button_Back' is clickable

2018-07-20 15:13:27 - [MESSAGE][PASSED] - Call Test Case 'Test Cases/Loan Pages/Loan Details' successfully

2018-07-20 15:13:27 - [TEST_STEP][PASSED] - callTestCase: Call Test Case 'Test Cases/Loan Pages/Employment Details' successfully

2018-07-20 15:13:27 - [TEST_CASE][PASSED] - Test Cases/Loan Pages/Employment Details: Test Cases/Loan Pages/Employment Details

2018-07-20 15:13:27 - [TEST_STEP][PASSED] - click: Object: 'Object Repository/Loan Pages/Employment Details/Employment Tab' is clicked on

2018-07-20 15:13:27 - [MESSAGE][PASSED] - Object: 'Object Repository/Loan Pages/Employment Details/Employment Tab' is clicked on

2018-07-20 15:13:27 - [TEST_STEP][PASSED] - waitForPageLoad: Wait for page load successfully

2018-07-20 15:13:27 - [MESSAGE][PASSED] - Wait for page load successfully

2018-07-20 15:13:27 - [TEST_STEP][PASSED] - click: Object: 'Object Repository/Loan Pages/Employment Details/button_Next' is clicked on

2018-07-20 15:13:29 - [MESSAGE][PASSED] - Object: 'Object Repository/Loan Pages/Employment Details/button_Next' is clicked on

2018-07-20 15:13:29 - [TEST_STEP][PASSED] - click: Object: 'Object Repository/Loan Pages/Employment Details/input_loan_application_b_recen' is clicked on

2018-07-20 15:13:31 - [MESSAGE][PASSED] - Object: 'Object Repository/Loan Pages/Employment Details/input_loan_application_b_recen' is clicked on

2018-07-20 15:13:31 - [TEST_STEP][PASSED] - click: Object: 'Object Repository/Loan Pages/Employment Details/button_Next' is clicked on

2018-07-20 15:13:31 - [MESSAGE][PASSED] - Object: 'Object Repository/Loan Pages/Employment Details/button_Next' is clicked on

2018-07-20 15:13:31 - [TEST_STEP][PASSED] - setText: Text 'Google' is set on object 'Object Repository/Loan Pages/Employment Details/input_loan_applicationb_employ'

2018-07-20 15:13:33 - [MESSAGE][PASSED] - Text 'Google' is set on object 'Object Repository/Loan Pages/Employment Details/input_loan_applicationb_employ'

2018-07-20 15:13:33 - [TEST_STEP][PASSED] - click: Object: 'Object Repository/Loan Pages/Employment Details/button_No' is clicked on

2018-07-20 15:13:34 - [MESSAGE][PASSED] - Object: 'Object Repository/Loan Pages/Employment Details/button_No' is clicked on

2018-07-20 15:13:34 - [TEST_STEP][PASSED] - click: Object: 'Object Repository/Loan Pages/Employment Details/button_No_1' is clicked on

2018-07-20 15:13:34 - [MESSAGE][PASSED] - Object: 'Object Repository/Loan Pages/Employment Details/button_No_1' is clicked on

2018-07-20 15:13:34 - [TEST_STEP][PASSED] - click: Object: 'Object Repository/Loan Pages/Employment Details/button_Salary' is clicked on

2018-07-20 15:13:34 - [MESSAGE][PASSED] - Object: 'Object Repository/Loan Pages/Employment Details/button_Salary' is clicked on

2018-07-20 15:13:34 - [TEST_STEP][PASSED] - selectOptionByValue: All options with value '2' are selected in object 'Object Repository/Loan Pages/Employment Details/select_MonthJanuaryFebruaryMar'  using regular expression

2018-07-20 15:13:34 - [MESSAGE][PASSED] - All options with value '2' are selected in object 'Object Repository/Loan Pages/Employment Details/select_MonthJanuaryFebruaryMar'  using regular expression

2018-07-20 15:13:34 - [TEST_STEP][PASSED] - selectOptionByValue: All options with value '2009' are selected in object 'Object Repository/Loan Pages/Employment Details/select_Year2018201720162015201'  using regular expression

2018-07-20 15:13:34 - [MESSAGE][PASSED] - All options with value '2009' are selected in object 'Object Repository/Loan Pages/Employment Details/select_Year2018201720162015201'  using regular expression

2018-07-20 15:13:34 - [TEST_STEP][PASSED] - click: Object: 'Object Repository/Loan Pages/Employment Details/button_Yes' is clicked on

2018-07-20 15:13:35 - [MESSAGE][PASSED] - Object: 'Object Repository/Loan Pages/Employment Details/button_Yes' is clicked on

2018-07-20 15:13:35 - [TEST_STEP][PASSED] - setText: Text 'Engineer' is set on object 'Object Repository/Loan Pages/Employment Details/input_loan_applicationb_employ_1 (1)'

2018-07-20 15:13:35 - [MESSAGE][PASSED] - Text 'Engineer' is set on object 'Object Repository/Loan Pages/Employment Details/input_loan_applicationb_employ_1 (1)'

2018-07-20 15:13:35 - [TEST_STEP][PASSED] - setText: Text 'NY' is set on object 'Object Repository/Loan Pages/Employment Details/input_loan_applicationb_employ_2 (1)'

2018-07-20 15:13:35 - [MESSAGE][PASSED] - Text 'NY' is set on object 'Object Repository/Loan Pages/Employment Details/input_loan_applicationb_employ_2 (1)'

2018-07-20 15:13:35 - [TEST_STEP][PASSED] - setText: Text '4567' is set on object 'Object Repository/Loan Pages/Employment Details/input_loan_applicationb_employ_3 (1)'

2018-07-20 15:13:35 - [MESSAGE][PASSED] - Text '4567' is set on object 'Object Repository/Loan Pages/Employment Details/input_loan_applicationb_employ_3 (1)'

2018-07-20 15:13:35 - [TEST_STEP][PASSED] - click: Object: 'Object Repository/Loan Pages/Employment Details/button_Next (1)' is clicked on

2018-07-20 15:13:35 - [MESSAGE][PASSED] - Object: 'Object Repository/Loan Pages/Employment Details/button_Next (1)' is clicked on

2018-07-20 15:13:35 - [TEST_STEP][PASSED] - waitForPageLoad: Wait for page load successfully

2018-07-20 15:13:35 - [MESSAGE][PASSED] - Wait for page load successfully

2018-07-20 15:13:35 - [TEST_STEP][PASSED] - waitForElementClickable: Object 'Object Repository/Loan Pages/Employment Details/button_Back' is clickable

2018-07-20 15:13:38 - [MESSAGE][PASSED] - Object 'Object Repository/Loan Pages/Employment Details/button_Back' is clickable

2018-07-20 15:13:38 - [MESSAGE][PASSED] - Call Test Case 'Test Cases/Loan Pages/Employment Details' successfully

2018-07-20 15:13:38 - [TEST_STEP][PASSED] - callTestCase: Call Test Case 'Test Cases/Loan Pages/Assets n Liabilities' successfully

2018-07-20 15:13:38 - [TEST_CASE][PASSED] - Test Cases/Loan Pages/Assets n Liabilities: Test Cases/Loan Pages/Assets n Liabilities

2018-07-20 15:13:38 - [TEST_STEP][PASSED] - click: Object: 'Object Repository/Loan Pages/Assets n Liabilities/Assets n Liabilites Tab' is clicked on

2018-07-20 15:13:38 - [MESSAGE][PASSED] - Object: 'Object Repository/Loan Pages/Assets n Liabilities/Assets n Liabilites Tab' is clicked on

2018-07-20 15:13:38 - [TEST_STEP][PASSED] - click: Object: 'Object Repository/Loan Pages/Employment Details/button_Next (1)' is clicked on

2018-07-20 15:13:40 - [MESSAGE][PASSED] - Object: 'Object Repository/Loan Pages/Employment Details/button_Next (1)' is clicked on

2018-07-20 15:13:40 - [TEST_STEP][PASSED] - click: Object: 'Object Repository/Loan Pages/Assets n Liabilities/input_loan_application_b_curre' is clicked on

2018-07-20 15:13:42 - [MESSAGE][PASSED] - Object: 'Object Repository/Loan Pages/Assets n Liabilities/input_loan_application_b_curre' is clicked on

2018-07-20 15:13:42 - [TEST_STEP][PASSED] - click: Object: 'Object Repository/Loan Pages/Employment Details/button_Next (1)' is clicked on

2018-07-20 15:13:42 - [MESSAGE][PASSED] - Object: 'Object Repository/Loan Pages/Employment Details/button_Next (1)' is clicked on

2018-07-20 15:13:42 - [TEST_STEP][PASSED] - click: Object: 'Object Repository/Loan Pages/Assets n Liabilities/input_loan_application_b_recen_1' is clicked on

2018-07-20 15:13:44 - [MESSAGE][PASSED] - Object: 'Object Repository/Loan Pages/Assets n Liabilities/input_loan_application_b_recen_1' is clicked on

2018-07-20 15:13:44 - [TEST_STEP][PASSED] - click: Object: 'Object Repository/Loan Pages/Employment Details/button_Next (1)' is clicked on

2018-07-20 15:13:44 - [MESSAGE][PASSED] - Object: 'Object Repository/Loan Pages/Employment Details/button_Next (1)' is clicked on

2018-07-20 15:13:44 - [TEST_STEP][PASSED] - setText: Text 'Admac' is set on object 'Object Repository/Loan Pages/Assets n Liabilities/input_loan_applicationb_assets'

2018-07-20 15:13:47 - [MESSAGE][PASSED] - Text 'Admac' is set on object 'Object Repository/Loan Pages/Assets n Liabilities/input_loan_applicationb_assets'

2018-07-20 15:13:47 - [TEST_STEP][PASSED] - selectOptionByValue: All options with value 'stock' are selected in object 'Object Repository/Loan Pages/Assets n Liabilities/select_Savings AccountChecking'  using regular expression

2018-07-20 15:13:47 - [MESSAGE][PASSED] - All options with value 'stock' are selected in object 'Object Repository/Loan Pages/Assets n Liabilities/select_Savings AccountChecking'  using regular expression

2018-07-20 15:13:47 - [TEST_STEP][PASSED] - doubleClick: Object: 'Object Repository/Loan Pages/Assets n Liabilities/input_loan_applicationb_assets_1' is double clicked on

2018-07-20 15:13:47 - [MESSAGE][PASSED] - Object: 'Object Repository/Loan Pages/Assets n Liabilities/input_loan_applicationb_assets_1' is double clicked on

2018-07-20 15:13:47 - [TEST_STEP][PASSED] - click: Object: 'Object Repository/Loan Pages/Employment Details/button_Next (1)' is clicked on

2018-07-20 15:13:47 - [MESSAGE][PASSED] - Object: 'Object Repository/Loan Pages/Employment Details/button_Next (1)' is clicked on

2018-07-20 15:13:47 - [TEST_STEP][PASSED] - click: Object: 'Object Repository/Loan Pages/Assets n Liabilities/input_loan_application_b_ongoi' is clicked on

2018-07-20 15:13:49 - [MESSAGE][PASSED] - Object: 'Object Repository/Loan Pages/Assets n Liabilities/input_loan_application_b_ongoi' is clicked on

2018-07-20 15:13:49 - [TEST_STEP][PASSED] - click: Object: 'Object Repository/Loan Pages/Employment Details/button_Next (1)' is clicked on

2018-07-20 15:13:49 - [MESSAGE][PASSED] - Object: 'Object Repository/Loan Pages/Employment Details/button_Next (1)' is clicked on

2018-07-20 15:13:49 - [TEST_STEP][PASSED] - waitForPageLoad: Wait for page load successfully

2018-07-20 15:13:49 - [MESSAGE][PASSED] - Wait for page load successfully

2018-07-20 15:13:49 - [TEST_STEP][PASSED] - waitForElementClickable: Object 'Object Repository/Loan Pages/Assets n Liabilities/button_Back' is clickable

2018-07-20 15:13:50 - [MESSAGE][PASSED] - Object 'Object Repository/Loan Pages/Assets n Liabilities/button_Back' is clickable

2018-07-20 15:13:50 - [MESSAGE][PASSED] - Call Test Case 'Test Cases/Loan Pages/Assets n Liabilities' successfully

2018-07-20 15:13:50 - [TEST_STEP][PASSED] - callTestCase: Call Test Case 'Test Cases/Loan Pages/Income Details' successfully

2018-07-20 15:13:50 - [TEST_CASE][PASSED] - Test Cases/Loan Pages/Income Details: Test Cases/Loan Pages/Income Details

2018-07-20 15:13:50 - [TEST_STEP][PASSED] - click: Object: 'Object Repository/Loan Pages/Income Details/Income Tab' is clicked on

2018-07-20 15:13:51 - [MESSAGE][PASSED] - Object: 'Object Repository/Loan Pages/Income Details/Income Tab' is clicked on

2018-07-20 15:13:51 - [TEST_STEP][PASSED] - click: Object: 'Object Repository/Loan Pages/Income Details/button_Next' is clicked on

2018-07-20 15:13:52 - [MESSAGE][PASSED] - Object: 'Object Repository/Loan Pages/Income Details/button_Next' is clicked on

2018-07-20 15:13:52 - [TEST_STEP][PASSED] - setText: Text '55500' is set on object 'Object Repository/Loan Pages/Income Details/input_loan_applicationb_employ'

2018-07-20 15:13:54 - [MESSAGE][PASSED] - Text '55500' is set on object 'Object Repository/Loan Pages/Income Details/input_loan_applicationb_employ'

2018-07-20 15:13:54 - [TEST_STEP][PASSED] - click: Object: 'Object Repository/Loan Pages/Income Details/button_Next' is clicked on

2018-07-20 15:13:54 - [MESSAGE][PASSED] - Object: 'Object Repository/Loan Pages/Income Details/button_Next' is clicked on

2018-07-20 15:13:54 - [TEST_STEP][PASSED] - setText: Text '5555' is set on object 'Object Repository/Loan Pages/Income Details/input_loan_applicationb_income'

2018-07-20 15:13:56 - [MESSAGE][PASSED] - Text '5555' is set on object 'Object Repository/Loan Pages/Income Details/input_loan_applicationb_income'

2018-07-20 15:13:56 - [TEST_STEP][PASSED] - click: Object: 'Object Repository/Loan Pages/Income Details/button_Next' is clicked on

2018-07-20 15:13:56 - [MESSAGE][PASSED] - Object: 'Object Repository/Loan Pages/Income Details/button_Next' is clicked on

2018-07-20 15:13:56 - [TEST_STEP][PASSED] - waitForPageLoad: Wait for page load successfully

2018-07-20 15:13:56 - [MESSAGE][PASSED] - Wait for page load successfully

2018-07-20 15:13:56 - [TEST_STEP][PASSED] - waitForElementClickable: Object 'Object Repository/Loan Pages/Income Details/button_Back' is clickable

2018-07-20 15:13:58 - [MESSAGE][PASSED] - Object 'Object Repository/Loan Pages/Income Details/button_Back' is clickable

2018-07-20 15:13:58 - [MESSAGE][PASSED] - Call Test Case 'Test Cases/Loan Pages/Income Details' successfully

2018-07-20 15:13:58 - [TEST_STEP][PASSED] - callTestCase: Call Test Case 'Test Cases/Loan Pages/Declarations' successfully

2018-07-20 15:13:58 - [TEST_CASE][PASSED] - Test Cases/Loan Pages/Declarations: Test Cases/Loan Pages/Declarations

2018-07-20 15:13:58 - [TEST_STEP][PASSED] - click: Object: 'Object Repository/Loan Pages/Declaration/Declaration Tab' is clicked on

2018-07-20 15:13:58 - [MESSAGE][PASSED] - Object: 'Object Repository/Loan Pages/Declaration/Declaration Tab' is clicked on

2018-07-20 15:13:58 - [TEST_STEP][PASSED] - waitForPageLoad: Wait for page load successfully

2018-07-20 15:13:58 - [MESSAGE][PASSED] - Wait for page load successfully

2018-07-20 15:13:58 - [TEST_STEP][PASSED] - click: Object: 'Object Repository/Loan Pages/Declaration/button_Next' is clicked on

2018-07-20 15:14:00 - [MESSAGE][PASSED] - Object: 'Object Repository/Loan Pages/Declaration/button_Next' is clicked on

2018-07-20 15:14:00 - [TEST_STEP][PASSED] - click: Object: 'Object Repository/Loan Pages/Declaration/input_loan_application_b_citiz' is clicked on

2018-07-20 15:14:01 - [MESSAGE][PASSED] - Object: 'Object Repository/Loan Pages/Declaration/input_loan_application_b_citiz' is clicked on

2018-07-20 15:14:01 - [TEST_STEP][PASSED] - click: Object: 'Object Repository/Loan Pages/Declaration/button_Next' is clicked on

2018-07-20 15:14:02 - [MESSAGE][PASSED] - Object: 'Object Repository/Loan Pages/Declaration/button_Next' is clicked on

2018-07-20 15:14:02 - [TEST_STEP][PASSED] - click: Object: 'Object Repository/Loan Pages/Declaration/button_No' is clicked on

2018-07-20 15:14:04 - [MESSAGE][PASSED] - Object: 'Object Repository/Loan Pages/Declaration/button_No' is clicked on

2018-07-20 15:14:04 - [TEST_STEP][PASSED] - click: Object: 'Object Repository/Loan Pages/Declaration/button_No_1' is clicked on

2018-07-20 15:14:04 - [MESSAGE][PASSED] - Object: 'Object Repository/Loan Pages/Declaration/button_No_1' is clicked on

2018-07-20 15:14:04 - [TEST_STEP][PASSED] - click: Object: 'Object Repository/Loan Pages/Declaration/button_No_2' is clicked on

2018-07-20 15:14:04 - [MESSAGE][PASSED] - Object: 'Object Repository/Loan Pages/Declaration/button_No_2' is clicked on

2018-07-20 15:14:04 - [TEST_STEP][PASSED] - click: Object: 'Object Repository/Loan Pages/Declaration/button_No_3' is clicked on

2018-07-20 15:14:04 - [MESSAGE][PASSED] - Object: 'Object Repository/Loan Pages/Declaration/button_No_3' is clicked on

2018-07-20 15:14:04 - [TEST_STEP][PASSED] - click: Object: 'Object Repository/Loan Pages/Declaration/button_Next' is clicked on

2018-07-20 15:14:04 - [MESSAGE][PASSED] - Object: 'Object Repository/Loan Pages/Declaration/button_Next' is clicked on

2018-07-20 15:14:04 - [TEST_STEP][PASSED] - click: Object: 'Object Repository/Loan Pages/Declaration/button_No_4' is clicked on

2018-07-20 15:14:06 - [MESSAGE][PASSED] - Object: 'Object Repository/Loan Pages/Declaration/button_No_4' is clicked on

2018-07-20 15:14:06 - [TEST_STEP][PASSED] - click: Object: 'Object Repository/Loan Pages/Declaration/button_No_5' is clicked on

2018-07-20 15:14:06 - [MESSAGE][PASSED] - Object: 'Object Repository/Loan Pages/Declaration/button_No_5' is clicked on

2018-07-20 15:14:06 - [TEST_STEP][PASSED] - click: Object: 'Object Repository/Loan Pages/Declaration/button_No_6' is clicked on

2018-07-20 15:14:06 - [MESSAGE][PASSED] - Object: 'Object Repository/Loan Pages/Declaration/button_No_6' is clicked on

2018-07-20 15:14:06 - [TEST_STEP][PASSED] - click: Object: 'Object Repository/Loan Pages/Declaration/button_No_7' is clicked on

2018-07-20 15:14:06 - [MESSAGE][PASSED] - Object: 'Object Repository/Loan Pages/Declaration/button_No_7' is clicked on

2018-07-20 15:14:06 - [TEST_STEP][PASSED] - click: Object: 'Object Repository/Loan Pages/Declaration/button_Next' is clicked on

2018-07-20 15:14:06 - [MESSAGE][PASSED] - Object: 'Object Repository/Loan Pages/Declaration/button_Next' is clicked on

2018-07-20 15:14:06 - [TEST_STEP][PASSED] - click: Object: 'Object Repository/Loan Pages/Declaration/input_loan_application_b_hmda_' is clicked on

2018-07-20 15:14:09 - [MESSAGE][PASSED] - Object: 'Object Repository/Loan Pages/Declaration/input_loan_application_b_hmda_' is clicked on

2018-07-20 15:14:09 - [TEST_STEP][PASSED] - click: Object: 'Object Repository/Loan Pages/Declaration/input_loan_application_b_hmda__1' is clicked on

2018-07-20 15:14:09 - [MESSAGE][PASSED] - Object: 'Object Repository/Loan Pages/Declaration/input_loan_application_b_hmda__1' is clicked on

2018-07-20 15:14:09 - [TEST_STEP][PASSED] - click: Object: 'Object Repository/Loan Pages/Declaration/input_loan_application_b_hmda__2' is clicked on

2018-07-20 15:14:09 - [MESSAGE][PASSED] - Object: 'Object Repository/Loan Pages/Declaration/input_loan_application_b_hmda__2' is clicked on

2018-07-20 15:14:09 - [TEST_STEP][PASSED] - click: Object: 'Object Repository/Loan Pages/Declaration/button_Next' is clicked on

2018-07-20 15:14:09 - [MESSAGE][PASSED] - Object: 'Object Repository/Loan Pages/Declaration/button_Next' is clicked on

2018-07-20 15:14:09 - [TEST_STEP][PASSED] - click: Object: 'Object Repository/Loan Pages/Declaration/input_loan_applicationp1_b_ssn' is clicked on

2018-07-20 15:14:10 - [MESSAGE][PASSED] - Object: 'Object Repository/Loan Pages/Declaration/input_loan_applicationp1_b_ssn' is clicked on

2018-07-20 15:14:10 - [TEST_STEP][PASSED] - setText: Text '991' is set on object 'Object Repository/Loan Pages/Declaration/input_loan_applicationp1_b_ssn'

2018-07-20 15:14:10 - [MESSAGE][PASSED] - Text '991' is set on object 'Object Repository/Loan Pages/Declaration/input_loan_applicationp1_b_ssn'

2018-07-20 15:14:10 - [TEST_STEP][PASSED] - setText: Text '91' is set on object 'Object Repository/Loan Pages/Declaration/input_loan_applicationp2_b_ssn'

2018-07-20 15:14:11 - [MESSAGE][PASSED] - Text '91' is set on object 'Object Repository/Loan Pages/Declaration/input_loan_applicationp2_b_ssn'

2018-07-20 15:14:11 - [TEST_STEP][PASSED] - setText: Text '991' is set on object 'Object Repository/Loan Pages/Declaration/input_loan_applicationp3_b_ssn'

2018-07-20 15:14:11 - [MESSAGE][PASSED] - Text '991' is set on object 'Object Repository/Loan Pages/Declaration/input_loan_applicationp3_b_ssn'

2018-07-20 15:14:11 - [TEST_STEP][PASSED] - click: Object: 'Object Repository/Loan Pages/Declaration/button_Next' is clicked on

2018-07-20 15:14:11 - [MESSAGE][PASSED] - Object: 'Object Repository/Loan Pages/Declaration/button_Next' is clicked on

2018-07-20 15:14:11 - [TEST_STEP][PASSED] - click: Object: 'Object Repository/Loan Pages/Declaration/input_loan_application_b_allow' is clicked on

2018-07-20 15:14:13 - [MESSAGE][PASSED] - Object: 'Object Repository/Loan Pages/Declaration/input_loan_application_b_allow' is clicked on

2018-07-20 15:14:13 - [TEST_STEP][PASSED] - click: Object: 'Object Repository/Loan Pages/Declaration/button_Next' is clicked on

2018-07-20 15:14:13 - [MESSAGE][PASSED] - Object: 'Object Repository/Loan Pages/Declaration/button_Next' is clicked on

2018-07-20 15:14:13 - [TEST_STEP][PASSED] - click: Object: 'Object Repository/Loan Pages/Declaration/input_loan_application_b_estim' is clicked on

2018-07-20 15:14:15 - [MESSAGE][PASSED] - Object: 'Object Repository/Loan Pages/Declaration/input_loan_application_b_estim' is clicked on

2018-07-20 15:14:15 - [TEST_STEP][PASSED] - click: Object: 'Object Repository/Loan Pages/Declaration/button_Next' is clicked on

2018-07-20 15:14:15 - [MESSAGE][PASSED] - Object: 'Object Repository/Loan Pages/Declaration/button_Next' is clicked on

2018-07-20 15:14:15 - [TEST_STEP][PASSED] - waitForPageLoad: Wait for page load successfully

2018-07-20 15:14:15 - [MESSAGE][PASSED] - Wait for page load successfully

2018-07-20 15:14:15 - [TEST_STEP][PASSED] - waitForElementClickable: Object 'Object Repository/Loan Pages/Declaration/button_Back' is clickable

2018-07-20 15:14:17 - [MESSAGE][PASSED] - Object 'Object Repository/Loan Pages/Declaration/button_Back' is clickable

2018-07-20 15:14:17 - [MESSAGE][PASSED] - Call Test Case 'Test Cases/Loan Pages/Declarations' successfully

2018-07-20 15:14:17 - [TEST_STEP][PASSED] - callTestCase: Call Test Case 'Test Cases/Loan Pages/Application Release' successfully

2018-07-20 15:14:17 - [TEST_CASE][PASSED] - Test Cases/Loan Pages/Application Release: Test Cases/Loan Pages/Application Release

2018-07-20 15:14:17 - [TEST_STEP][PASSED] - click: Object: 'Object Repository/Loan Pages/Application Release/Application Release Tab' is clicked on

2018-07-20 15:14:17 - [MESSAGE][PASSED] - Object: 'Object Repository/Loan Pages/Application Release/Application Release Tab' is clicked on

2018-07-20 15:14:17 - [TEST_STEP][PASSED] - click: Object: 'Object Repository/Loan Pages/Application Release/button_Skip Warnings and Submit' is clicked on

2018-07-20 15:14:19 - [MESSAGE][PASSED] - Object: 'Object Repository/Loan Pages/Application Release/button_Skip Warnings and Submit' is clicked on

2018-07-20 15:14:19 - [MESSAGE][PASSED] - Call Test Case 'Test Cases/Loan Pages/Application Release' successfully

2018-07-20 15:14:19 - [TEST_STEP][PASSED] - verifyElementPresent: Object 'Object Repository/Loan Pages/Application Release/msg_Loan Submitted' is present

2018-07-20 15:14:26 - [MESSAGE][PASSED] - Object 'Object Repository/Loan Pages/Application Release/msg_Loan Submitted' is present

2018-07-20 15:14:26 - [TEST_STEP][PASSED] - Start listener action : sampleAfterTestCase: Invoke 'com.kms.katalon.core.annotation.AfterTestCase' method: 'TestListeners.sampleAfterTestCase(...)' completed.

2018-07-20 15:14:26 - [TEST_STEP][PASSED] - Statement - println(testCaseContext.getTestCaseId()): null

2018-07-20 15:14:26 - [TEST_STEP][PASSED] - Statement - println(testCaseContext.getTestCaseStatus()): Invoke 'com.kms.katalon.core.annotation.AfterTestCase' method: 'TestListeners.sampleAfterTestCase(...)' completed.]]></system-out>
         <system-err><![CDATA[]]></system-err>
      </testcase>
      <system-out><![CDATA[2018-07-20 15:12:28 - [TEST_SUITE][PASSED] - Test Suite-Lender Submit Loan Application onbehalf of Borrower (Add Loan Manually): Test Cases/Loan Submission/Lender Submit Loan Application on behalf of Borrower (Add Loan Manually)]]></system-out>
      <system-err><![CDATA[]]></system-err>
   </testsuite>
</testsuites>
