<?xml version="1.0" encoding="UTF-8"?>
<testsuites name="Create Loan Manually Test Suite" time="26" tests="1" failures="0" errors="0">
   <testsuite name="Create Loan Manually Test Suite" tests="1" failures="0" errors="0" time="26" timestamp="2018-06-04 12:39:50" hostname="KalyaniK - KALYANIK.talentica-all.com" id="Test Suites/Create Loan Manually Test Suite">
      <properties>
         <property name="deviceName" value=""/>
         <property name="devicePlatform" value=""/>
         <property name="logFolder" value="D:\\1_Roostify\\Automation\\Roo_Core\\Reports\\Create Loan Manually Test Suite\\20180604_123949"/>
         <property name="logFiles" value="D:\\1_Roostify\\Automation\\Roo_Core\\Reports\\Create Loan Manually Test Suite\\20180604_123949\\execution0.log, D:\\1_Roostify\\Automation\\Roo_Core\\Reports\\Create Loan Manually Test Suite\\20180604_123949\\IEDriverServer.log"/>
         <property name="attachments" value=""/>
         <property name="hostName" value="KalyaniK - KALYANIK.talentica-all.com"/>
         <property name="os" value="Windows 7 64bit"/>
         <property name="katalonVersion" value="5.4.1.1"/>
         <property name="browser" value="IE 11"/>
         <property name="hostAddress" value="172.19.19.84"/>
         <property name="sessionId" value="e4f433b9-24ec-4c90-9202-5003ec8ec03e"/>
         <property name="seleniumVersion" value="3.7.1"/>
         <property name="proxyInformation" value="ProxyInformation{proxyOption=NO_PROXY, proxyServerType=HTTP, password=, proxyServerAddress=, proxyServerPort=0}"/>
         <property name="platform" value="Windows 7"/>
      </properties>
      <testcase name="Test Cases/Admin Dashboard/Verify Admin is able to Create Loan Manually" classname="Test Cases/Admin Dashboard/Verify Admin is able to Create Loan Manually" status="PASSED">
         <system-out><![CDATA[2018-06-04 12:39:51 - [TEST_CASE][PASSED] - Test Cases/Admin Dashboard/Verify Admin is able to Create Loan Manually: Test Cases/Admin Dashboard/Verify Admin is able to Create Loan Manually

2018-06-04 12:39:51 - [TEST_STEP][PASSED] - Start listener action : sampleBeforeTestCase: Current window maximized

2018-06-04 12:39:51 - [TEST_STEP][PASSED] - Statement - println(testCaseContext.getTestCaseId()): null

2018-06-04 12:39:51 - [TEST_STEP][PASSED] - Statement - println(testCaseContext.getTestCaseVariables()): null

2018-06-04 12:39:51 - [TEST_STEP][PASSED] - openBrowser: Browser is opened with url: 'https://roostify-navy-test.herokuapp.com/'

2018-06-04 12:40:02 - [MESSAGE][PASSED] - Browser is opened with url: 'https://roostify-navy-test.herokuapp.com/'

2018-06-04 12:40:02 - [TEST_STEP][PASSED] - maximizeWindow: Current window maximized

2018-06-04 12:40:02 - [MESSAGE][PASSED] - Current window maximized

2018-06-04 12:40:02 - [TEST_STEP][PASSED] - Statement - FirstName = "kaly1": null

2018-06-04 12:40:02 - [TEST_STEP][PASSED] - Statement - LastName = "kachi": null

2018-06-04 12:40:02 - [TEST_STEP][PASSED] - com.common.util.LoginHelper.LoginWithAdmin: com.common.util.LoginHelper.LoginWithAdmin is PASSED

2018-06-04 12:40:03 - [MESSAGE][PASSED] - Wait for page load successfully

2018-06-04 12:40:03 - [MESSAGE][PASSED] - Text 'kkachhi+admin@roostify.com' is set on object 'Object Repository/Sign In/input_useremail'

2018-06-04 12:40:04 - [MESSAGE][PASSED] - Text 'Kal@3333' is set on object 'Object Repository/Sign In/input_userpassword'

2018-06-04 12:40:05 - [MESSAGE][PASSED] - Object: 'Object Repository/Sign In/button_Sign in' is clicked on

2018-06-04 12:40:08 - [MESSAGE][PASSED] - Actual text and expected text of test object 'Object Repository/Admin Settings/Admin settings dropdown/Profile dropdown' are matched.

2018-06-04 12:40:08 - [MESSAGE][PASSED] - com.common.util.LoginHelper.LoginWithAdmin is PASSED

2018-06-04 12:40:08 - [TEST_STEP][PASSED] - click: Object: 'Object Repository/Admin Dashboard/Create Loan Manually/tab_Add Loan Manually' is clicked on

2018-06-04 12:40:09 - [MESSAGE][PASSED] - Object: 'Object Repository/Admin Dashboard/Create Loan Manually/tab_Add Loan Manually' is clicked on

2018-06-04 12:40:09 - [TEST_STEP][PASSED] - waitForElementVisible: Object 'Object Repository/Admin Dashboard/Create Loan Manually/input_email' is visible

2018-06-04 12:40:10 - [MESSAGE][PASSED] - Object 'Object Repository/Admin Dashboard/Create Loan Manually/input_email' is visible

2018-06-04 12:40:10 - [TEST_STEP][PASSED] - setText: Text 'kkachhi+test3@roostify.com' is set on object 'Object Repository/Admin Dashboard/Create Loan Manually/input_email'

2018-06-04 12:40:10 - [MESSAGE][PASSED] - Text 'kkachhi+test3@roostify.com' is set on object 'Object Repository/Admin Dashboard/Create Loan Manually/input_email'

2018-06-04 12:40:10 - [TEST_STEP][PASSED] - setText: Text 'kaly1' is set on object 'Object Repository/Admin Dashboard/Create Loan Manually/input_first_name'

2018-06-04 12:40:11 - [MESSAGE][PASSED] - Text 'kaly1' is set on object 'Object Repository/Admin Dashboard/Create Loan Manually/input_first_name'

2018-06-04 12:40:11 - [TEST_STEP][PASSED] - setText: Text 'kachi' is set on object 'Object Repository/Admin Dashboard/Create Loan Manually/input_last_name'

2018-06-04 12:40:11 - [MESSAGE][PASSED] - Text 'kachi' is set on object 'Object Repository/Admin Dashboard/Create Loan Manually/input_last_name'

2018-06-04 12:40:11 - [TEST_STEP][PASSED] - waitForElementVisible: Object 'Object Repository/Admin Dashboard/Create Loan Manually/button_create' is visible

2018-06-04 12:40:11 - [MESSAGE][PASSED] - Object 'Object Repository/Admin Dashboard/Create Loan Manually/button_create' is visible

2018-06-04 12:40:11 - [TEST_STEP][PASSED] - click: Object: 'Object Repository/Admin Dashboard/Create Loan Manually/button_create' is clicked on

2018-06-04 12:40:12 - [MESSAGE][PASSED] - Object: 'Object Repository/Admin Dashboard/Create Loan Manually/button_create' is clicked on

2018-06-04 12:40:12 - [TEST_STEP][PASSED] - verifyElementPresent: Object 'Object Repository/Admin Dashboard/Create Loan Manually/Loan created successfully msg' is present

2018-06-04 12:40:13 - [MESSAGE][PASSED] - Object 'Object Repository/Admin Dashboard/Create Loan Manually/Loan created successfully msg' is present

2018-06-04 12:40:13 - [TEST_STEP][PASSED] - verifyElementPresent: Object 'Object Repository/Admin Dashboard/Create Loan Manually/Created Loan' is present

2018-06-04 12:40:14 - [MESSAGE][PASSED] - Object 'Object Repository/Admin Dashboard/Create Loan Manually/Created Loan' is present

2018-06-04 12:40:14 - [TEST_STEP][PASSED] - Start listener action : sampleAfterTestCase: Browser is closed

2018-06-04 12:40:14 - [TEST_STEP][PASSED] - Statement - println(testCaseContext.getTestCaseId()): null

2018-06-04 12:40:14 - [TEST_STEP][PASSED] - Statement - println(testCaseContext.getTestCaseStatus()): null

2018-06-04 12:40:14 - [TEST_STEP][PASSED] - closeBrowser: Browser is closed

2018-06-04 12:40:15 - [MESSAGE][PASSED] - Browser is closed]]></system-out>
         <system-err><![CDATA[]]></system-err>
      </testcase>
      <system-out><![CDATA[2018-06-04 12:39:50 - [TEST_SUITE][PASSED] - Create Loan Manually Test Suite: Test Cases/Admin Dashboard/Verify Admin is able to Create Loan Manually]]></system-out>
      <system-err><![CDATA[]]></system-err>
   </testsuite>
</testsuites>
