<?xml version="1.0" encoding="UTF-8"?>
<testsuites name="Login- Data driven" time="62" tests="3" failures="0" errors="0">
   <testsuite name="Login- Data driven" tests="3" failures="0" errors="0" time="62" timestamp="2018-06-13 17:40:17" hostname="KalyaniK - KALYANIK.talentica-all.com" id="Test Suites/Login- Data driven">
      <properties>
         <property name="deviceName" value=""/>
         <property name="devicePlatform" value=""/>
         <property name="logFolder" value="D:\\1_Roostify\\Automation\\Roo_Core\\Reports\\Login- Data driven\\20180613_174015"/>
         <property name="logFiles" value="D:\\1_Roostify\\Automation\\Roo_Core\\Reports\\Login- Data driven\\20180613_174015\\execution0.log"/>
         <property name="attachments" value=""/>
         <property name="hostName" value="KalyaniK - KALYANIK.talentica-all.com"/>
         <property name="os" value="Windows 7 64bit"/>
         <property name="katalonVersion" value="5.4.1.1"/>
         <property name="browser" value="Chrome 67.0.3396.79"/>
         <property name="hostAddress" value="172.19.19.84"/>
         <property name="sessionId" value="92c2549217c65aa67d4a9d460f3eafa9"/>
         <property name="seleniumVersion" value="3.7.1"/>
         <property name="proxyInformation" value="ProxyInformation{proxyOption=NO_PROXY, proxyServerType=HTTP, password=, proxyServerAddress=, proxyServerPort=0}"/>
         <property name="platform" value="Windows 7"/>
      </properties>
      <testcase name="Test Cases/Common/Login with different users" classname="Test Cases/Common/Login with different users" status="PASSED">
         <system-out><![CDATA[2018-06-13 17:40:17 - [TEST_CASE][PASSED] - Test Cases/Common/Login with different users: Test Cases/Common/Login with different users

2018-06-13 17:40:17 - [TEST_STEP][PASSED] - Start listener action : sampleBeforeTestCase: Current window maximized

2018-06-13 17:40:17 - [TEST_STEP][PASSED] - Statement - println(testCaseContext.getTestCaseId()): null

2018-06-13 17:40:17 - [TEST_STEP][PASSED] - Statement - println(testCaseContext.getTestCaseVariables()): null

2018-06-13 17:40:17 - [TEST_STEP][PASSED] - openBrowser: Browser is opened with url: 'https://dev.roostify.com'

2018-06-13 17:40:31 - [MESSAGE][PASSED] - Browser is opened with url: 'https://dev.roostify.com'

2018-06-13 17:40:31 - [TEST_STEP][PASSED] - maximizeWindow: Current window maximized

2018-06-13 17:40:31 - [MESSAGE][PASSED] - Current window maximized

2018-06-13 17:40:31 - [TEST_STEP][PASSED] - openBrowser: Browser is opened with url: ''

2018-06-13 17:40:31 - [MESSAGE][WARNING] - A browser is already opened. Closing browser and opening a new one

2018-06-13 17:40:34 - [MESSAGE][PASSED] - Browser is opened with url: ''

2018-06-13 17:40:34 - [TEST_STEP][PASSED] - navigateToUrl: Navigate to 'https://roostify-navy-test.herokuapp.com/users/sign_in' successfully

2018-06-13 17:40:38 - [MESSAGE][PASSED] - Navigate to 'https://roostify-navy-test.herokuapp.com/users/sign_in' successfully

2018-06-13 17:40:38 - [TEST_STEP][PASSED] - setText: Text 'kkachhi+test1@roostify.com' is set on object 'Object Repository/Login with different users/input_useremail'

2018-06-13 17:40:39 - [MESSAGE][PASSED] - Text 'kkachhi+test1@roostify.com' is set on object 'Object Repository/Login with different users/input_useremail'

2018-06-13 17:40:39 - [TEST_STEP][PASSED] - setText: Text 'Kal@3333' is set on object 'Object Repository/Login with different users/input_userpassword'

2018-06-13 17:40:39 - [MESSAGE][PASSED] - Text 'Kal@3333' is set on object 'Object Repository/Login with different users/input_userpassword'

2018-06-13 17:40:39 - [TEST_STEP][PASSED] - click: Object: 'Object Repository/Login with different users/span_Sign in' is clicked on

2018-06-13 17:40:39 - [MESSAGE][PASSED] - Object: 'Object Repository/Login with different users/span_Sign in' is clicked on

2018-06-13 17:40:39 - [TEST_STEP][PASSED] - closeBrowser: Browser is closed

2018-06-13 17:40:40 - [MESSAGE][PASSED] - Browser is closed

2018-06-13 17:40:40 - [TEST_STEP][PASSED] - Start listener action : sampleAfterTestCase: Invoke 'com.kms.katalon.core.annotation.AfterTestCase' method: 'TestListeners.sampleAfterTestCase(...)' completed.

2018-06-13 17:40:40 - [TEST_STEP][PASSED] - Statement - println(testCaseContext.getTestCaseId()): null

2018-06-13 17:40:40 - [TEST_STEP][PASSED] - Statement - println(testCaseContext.getTestCaseStatus()): Invoke 'com.kms.katalon.core.annotation.AfterTestCase' method: 'TestListeners.sampleAfterTestCase(...)' completed.]]></system-out>
         <system-err><![CDATA[]]></system-err>
      </testcase>
      <testcase name="Test Cases/Common/Login with different users" classname="Test Cases/Common/Login with different users" status="PASSED">
         <system-out><![CDATA[2018-06-13 17:40:42 - [TEST_CASE][PASSED] - Test Cases/Common/Login with different users: Test Cases/Common/Login with different users

2018-06-13 17:40:42 - [TEST_STEP][PASSED] - Start listener action : sampleBeforeTestCase: Current window maximized

2018-06-13 17:40:42 - [TEST_STEP][PASSED] - Statement - println(testCaseContext.getTestCaseId()): null

2018-06-13 17:40:42 - [TEST_STEP][PASSED] - Statement - println(testCaseContext.getTestCaseVariables()): null

2018-06-13 17:40:42 - [TEST_STEP][PASSED] - openBrowser: Browser is opened with url: 'https://dev.roostify.com'

2018-06-13 17:40:50 - [MESSAGE][PASSED] - Browser is opened with url: 'https://dev.roostify.com'

2018-06-13 17:40:50 - [TEST_STEP][PASSED] - maximizeWindow: Current window maximized

2018-06-13 17:40:50 - [MESSAGE][PASSED] - Current window maximized

2018-06-13 17:40:50 - [TEST_STEP][PASSED] - openBrowser: Browser is opened with url: ''

2018-06-13 17:40:50 - [MESSAGE][WARNING] - A browser is already opened. Closing browser and opening a new one

2018-06-13 17:40:52 - [MESSAGE][PASSED] - Browser is opened with url: ''

2018-06-13 17:40:52 - [TEST_STEP][PASSED] - navigateToUrl: Navigate to 'https://roostify-navy-test.herokuapp.com/users/sign_in' successfully

2018-06-13 17:40:57 - [MESSAGE][PASSED] - Navigate to 'https://roostify-navy-test.herokuapp.com/users/sign_in' successfully

2018-06-13 17:40:57 - [TEST_STEP][PASSED] - setText: Text 'kkachhi+test2@roostify.com' is set on object 'Object Repository/Login with different users/input_useremail'

2018-06-13 17:40:58 - [MESSAGE][PASSED] - Text 'kkachhi+test2@roostify.com' is set on object 'Object Repository/Login with different users/input_useremail'

2018-06-13 17:40:58 - [TEST_STEP][PASSED] - setText: Text 'Kal@3334' is set on object 'Object Repository/Login with different users/input_userpassword'

2018-06-13 17:40:58 - [MESSAGE][PASSED] - Text 'Kal@3334' is set on object 'Object Repository/Login with different users/input_userpassword'

2018-06-13 17:40:58 - [TEST_STEP][PASSED] - click: Object: 'Object Repository/Login with different users/span_Sign in' is clicked on

2018-06-13 17:40:58 - [MESSAGE][PASSED] - Object: 'Object Repository/Login with different users/span_Sign in' is clicked on

2018-06-13 17:40:58 - [TEST_STEP][PASSED] - closeBrowser: Browser is closed

2018-06-13 17:40:59 - [MESSAGE][PASSED] - Browser is closed

2018-06-13 17:40:59 - [TEST_STEP][PASSED] - Start listener action : sampleAfterTestCase: Invoke 'com.kms.katalon.core.annotation.AfterTestCase' method: 'TestListeners.sampleAfterTestCase(...)' completed.

2018-06-13 17:40:59 - [TEST_STEP][PASSED] - Statement - println(testCaseContext.getTestCaseId()): null

2018-06-13 17:40:59 - [TEST_STEP][PASSED] - Statement - println(testCaseContext.getTestCaseStatus()): Invoke 'com.kms.katalon.core.annotation.AfterTestCase' method: 'TestListeners.sampleAfterTestCase(...)' completed.]]></system-out>
         <system-err><![CDATA[]]></system-err>
      </testcase>
      <testcase name="Test Cases/Common/Login with different users" classname="Test Cases/Common/Login with different users" status="PASSED">
         <system-out><![CDATA[2018-06-13 17:41:01 - [TEST_CASE][PASSED] - Test Cases/Common/Login with different users: Test Cases/Common/Login with different users

2018-06-13 17:41:01 - [TEST_STEP][PASSED] - Start listener action : sampleBeforeTestCase: Current window maximized

2018-06-13 17:41:01 - [TEST_STEP][PASSED] - Statement - println(testCaseContext.getTestCaseId()): null

2018-06-13 17:41:01 - [TEST_STEP][PASSED] - Statement - println(testCaseContext.getTestCaseVariables()): null

2018-06-13 17:41:01 - [TEST_STEP][PASSED] - openBrowser: Browser is opened with url: 'https://dev.roostify.com'

2018-06-13 17:41:09 - [MESSAGE][PASSED] - Browser is opened with url: 'https://dev.roostify.com'

2018-06-13 17:41:09 - [TEST_STEP][PASSED] - maximizeWindow: Current window maximized

2018-06-13 17:41:09 - [MESSAGE][PASSED] - Current window maximized

2018-06-13 17:41:09 - [TEST_STEP][PASSED] - openBrowser: Browser is opened with url: ''

2018-06-13 17:41:09 - [MESSAGE][WARNING] - A browser is already opened. Closing browser and opening a new one

2018-06-13 17:41:12 - [MESSAGE][PASSED] - Browser is opened with url: ''

2018-06-13 17:41:12 - [TEST_STEP][PASSED] - navigateToUrl: Navigate to 'https://roostify-navy-test.herokuapp.com/users/sign_in' successfully

2018-06-13 17:41:16 - [MESSAGE][PASSED] - Navigate to 'https://roostify-navy-test.herokuapp.com/users/sign_in' successfully

2018-06-13 17:41:16 - [TEST_STEP][PASSED] - setText: Text 'kkachhi+test3@roostify.com' is set on object 'Object Repository/Login with different users/input_useremail'

2018-06-13 17:41:16 - [MESSAGE][PASSED] - Text 'kkachhi+test3@roostify.com' is set on object 'Object Repository/Login with different users/input_useremail'

2018-06-13 17:41:16 - [TEST_STEP][PASSED] - setText: Text 'Kal@3335' is set on object 'Object Repository/Login with different users/input_userpassword'

2018-06-13 17:41:16 - [MESSAGE][PASSED] - Text 'Kal@3335' is set on object 'Object Repository/Login with different users/input_userpassword'

2018-06-13 17:41:16 - [TEST_STEP][PASSED] - click: Object: 'Object Repository/Login with different users/span_Sign in' is clicked on

2018-06-13 17:41:17 - [MESSAGE][PASSED] - Object: 'Object Repository/Login with different users/span_Sign in' is clicked on

2018-06-13 17:41:17 - [TEST_STEP][PASSED] - closeBrowser: Browser is closed

2018-06-13 17:41:17 - [MESSAGE][PASSED] - Browser is closed

2018-06-13 17:41:17 - [TEST_STEP][PASSED] - Start listener action : sampleAfterTestCase: Invoke 'com.kms.katalon.core.annotation.AfterTestCase' method: 'TestListeners.sampleAfterTestCase(...)' completed.

2018-06-13 17:41:17 - [TEST_STEP][PASSED] - Statement - println(testCaseContext.getTestCaseId()): null

2018-06-13 17:41:17 - [TEST_STEP][PASSED] - Statement - println(testCaseContext.getTestCaseStatus()): Invoke 'com.kms.katalon.core.annotation.AfterTestCase' method: 'TestListeners.sampleAfterTestCase(...)' completed.]]></system-out>
         <system-err><![CDATA[]]></system-err>
      </testcase>
      <system-out><![CDATA[2018-06-13 17:40:17 - [TEST_SUITE][PASSED] - Login- Data driven: Test Cases/Common/Login with different users]]></system-out>
      <system-err><![CDATA[]]></system-err>
   </testsuite>
</testsuites>
