<?xml version="1.0" encoding="UTF-8"?>
<testsuites name="Create Loan Manually Test Suite" time="18" tests="0" failures="1" errors="0">
   <testsuite name="Create Loan Manually Test Suite" tests="0" failures="1" errors="0" time="18" timestamp="2018-05-29 15:14:48" hostname="KalyaniK - KALYANIK.talentica-all.com" id="Test Suites/Create Loan Manually Test Suite">
      <properties>
         <property name="deviceName" value=""/>
         <property name="devicePlatform" value=""/>
         <property name="logFolder" value="D:\\1_Roostify\\Automation\\Roo_Core\\Reports\\Create Loan Manually Test Suite\\20180529_151343"/>
         <property name="logFiles" value="D:\\1_Roostify\\Automation\\Roo_Core\\Reports\\Create Loan Manually Test Suite\\20180529_151343\\execution0.log"/>
         <property name="attachments" value="D:\\1_Roostify\\Automation\\Roo_Core\\Reports\\Create Loan Manually Test Suite\\20180529_151343\\1527587103894.png"/>
         <property name="hostName" value="KalyaniK - KALYANIK.talentica-all.com"/>
         <property name="os" value="Windows 7 64bit"/>
         <property name="katalonVersion" value="5.4.1.1"/>
         <property name="browser" value="Chrome 66.0.3359.181"/>
         <property name="hostAddress" value="172.19.19.84"/>
         <property name="sessionId" value="fedebed6eda5e9b3b72a036319706eae"/>
         <property name="seleniumVersion" value="3.7.1"/>
         <property name="proxyInformation" value="ProxyInformation{proxyOption=NO_PROXY, proxyServerType=HTTP, password=, proxyServerAddress=, proxyServerPort=0}"/>
         <property name="platform" value="Windows 7"/>
      </properties>
      <testcase name="Test Cases/Admin Dashboard/Create Loan Manually" classname="Test Cases/Admin Dashboard/Create Loan Manually" status="FAILED">
         <failure type="FAILED" message="Unable to set text 'null' of object 'Object Repository/Admin Dashboard/Create Loan Manually/input_email' (Root cause: java.lang.IllegalArgumentException: Text is null)"/>
         <system-out><![CDATA[2018-05-29 15:14:48 - [TEST_CASE][FAILED] - Test Cases/Admin Dashboard/Create Loan Manually: Test Cases/Admin Dashboard/Create Loan Manually FAILED because (of) Unable to set text 'null' of object 'Object Repository/Admin Dashboard/Create Loan Manually/input_email' (Root cause: java.lang.IllegalArgumentException: Text is null)

2018-05-29 15:14:48 - [TEST_STEP][PASSED] - Start listener action : sampleBeforeTestCase: Invoke 'com.kms.katalon.core.annotation.BeforeTestCase' method: 'TestListeners.sampleBeforeTestCase(...)' completed.

2018-05-29 15:14:48 - [TEST_STEP][PASSED] - Statement - println(testCaseContext.getTestCaseId()): null

2018-05-29 15:14:48 - [TEST_STEP][PASSED] - Statement - println(testCaseContext.getTestCaseVariables()): Invoke 'com.kms.katalon.core.annotation.BeforeTestCase' method: 'TestListeners.sampleBeforeTestCase(...)' completed.

2018-05-29 15:14:49 - [TEST_STEP][PASSED] - Statement - FirstName = "kaly12": null

2018-05-29 15:14:49 - [TEST_STEP][PASSED] - Statement - LastName = "kachi": null

2018-05-29 15:14:49 - [TEST_STEP][PASSED] - callTestCase: Call Test Case 'Test Cases/Sign In' successfully

2018-05-29 15:14:49 - [TEST_CASE][PASSED] - Test Cases/Sign In: Test Cases/Sign In

2018-05-29 15:14:49 - [TEST_STEP][PASSED] - Statement - a = 3: null

2018-05-29 15:14:49 - [TEST_STEP][PASSED] - openBrowser: Browser is opened with url: 'https://roostify-dev-pr-6203.herokuapp.com/'

2018-05-29 15:14:58 - [MESSAGE][PASSED] - Browser is opened with url: 'https://roostify-dev-pr-6203.herokuapp.com/'

2018-05-29 15:14:58 - [TEST_STEP][PASSED] - maximizeWindow: Current window maximized

2018-05-29 15:14:58 - [MESSAGE][PASSED] - Current window maximized

2018-05-29 15:14:58 - [TEST_STEP][PASSED] - Statement - out.println("Value of a= " + a): null

2018-05-29 15:14:58 - [TEST_STEP][PASSED] - setText: Text 'kkachhi+admin@roostify.com' is set on object 'Object Repository/Sign In/input_useremail'

2018-05-29 15:14:58 - [MESSAGE][PASSED] - Text 'kkachhi+admin@roostify.com' is set on object 'Object Repository/Sign In/input_useremail'

2018-05-29 15:14:58 - [TEST_STEP][PASSED] - setText: Text 'Kal@3333' is set on object 'Object Repository/Sign In/input_userpassword'

2018-05-29 15:14:58 - [MESSAGE][PASSED] - Text 'Kal@3333' is set on object 'Object Repository/Sign In/input_userpassword'

2018-05-29 15:14:58 - [TEST_STEP][PASSED] - click: Object: 'Object Repository/Sign In/button_Sign in' is clicked on

2018-05-29 15:15:03 - [MESSAGE][PASSED] - Object: 'Object Repository/Sign In/button_Sign in' is clicked on

2018-05-29 15:15:03 - [MESSAGE][PASSED] - Call Test Case 'Test Cases/Sign In' successfully

2018-05-29 15:15:03 - [TEST_STEP][PASSED] - click: Object: 'Object Repository/Admin Dashboard/Create Loan Manually/img' is clicked on

2018-05-29 15:15:03 - [MESSAGE][PASSED] - Object: 'Object Repository/Admin Dashboard/Create Loan Manually/img' is clicked on

2018-05-29 15:15:03 - [TEST_STEP][PASSED] - waitForElementVisible: Object 'Object Repository/Admin Dashboard/Create Loan Manually/input_email' is visible

2018-05-29 15:15:03 - [MESSAGE][PASSED] - Object 'Object Repository/Admin Dashboard/Create Loan Manually/input_email' is visible

2018-05-29 15:15:03 - [TEST_STEP][FAILED] - setText: Unable to set text 'null' of object 'Object Repository/Admin Dashboard/Create Loan Manually/input_email' (Root cause: java.lang.IllegalArgumentException: Text is null)

2018-05-29 15:15:04 - [MESSAGE][FAILED] - Unable to set text 'null' of object 'Object Repository/Admin Dashboard/Create Loan Manually/input_email' (Root cause: java.lang.IllegalArgumentException: Text is null)
[[ATTACHMENT|D:\\1_Roostify\\Automation\\Roo_Core\\Reports\\Create Loan Manually Test Suite\\20180529_151343\\1527587103894.png]]

2018-05-29 15:15:04 - [TEST_STEP][PASSED] - Start listener action : sampleAfterTestCase: Browser is closed

2018-05-29 15:15:04 - [TEST_STEP][PASSED] - Statement - println(testCaseContext.getTestCaseId()): null

2018-05-29 15:15:04 - [TEST_STEP][PASSED] - Statement - println(testCaseContext.getTestCaseStatus()): null

2018-05-29 15:15:04 - [TEST_STEP][PASSED] - closeBrowser: Browser is closed

2018-05-29 15:15:04 - [MESSAGE][PASSED] - Browser is closed]]></system-out>
         <system-err><![CDATA[2018-05-29 15:14:48 - [TEST_CASE][FAILED] - Test Cases/Admin Dashboard/Create Loan Manually: Test Cases/Admin Dashboard/Create Loan Manually FAILED because (of) Unable to set text 'null' of object 'Object Repository/Admin Dashboard/Create Loan Manually/input_email' (Root cause: java.lang.IllegalArgumentException: Text is null)]]></system-err>
      </testcase>
      <system-out><![CDATA[2018-05-29 15:14:48 - [TEST_SUITE][FAILED] - Create Loan Manually Test Suite: Test Cases/Admin Dashboard/Create Loan Manually FAILED because (of) Unable to set text 'null' of object 'Object Repository/Admin Dashboard/Create Loan Manually/input_email' (Root cause: java.lang.IllegalArgumentException: Text is null)]]></system-out>
      <system-err><![CDATA[2018-05-29 15:14:48 - [TEST_SUITE][FAILED] - Create Loan Manually Test Suite: Test Cases/Admin Dashboard/Create Loan Manually FAILED because (of) Unable to set text 'null' of object 'Object Repository/Admin Dashboard/Create Loan Manually/input_email' (Root cause: java.lang.IllegalArgumentException: Text is null)]]></system-err>
   </testsuite>
</testsuites>
